{"target": -0.9930686955414462, "params": {"k": 302.7593944836532, "min_k": 19.063571821788408, "min_support": 36.86770314875885, "shrinkage": 119.73169683940732}, "datetime": {"datetime": "2021-05-15 17:45:46", "elapsed": 0.0, "delta": 0.0}}
{"target": -0.9906531466162406, "params": {"k": 129.03481915173703, "min_k": 3.96389588638785, "min_support": 3.8460969962417737, "shrinkage": 173.23522915498702}, "datetime": {"datetime": "2021-05-15 17:48:48", "elapsed": 181.670491, "delta": 181.670491}}
{"target": -0.9907543829511679, "params": {"k": 482.886434335851, "min_k": 14.453378978124864, "min_support": 2.00864022049432, "shrinkage": 193.98197043239887}, "datetime": {"datetime": "2021-05-15 17:51:28", "elapsed": 342.230607, "delta": 160.560116}}
{"target": -0.990844311492053, "params": {"k": 128.8475231117962, "min_k": 6.1206227093431735, "min_support": 5.893033399129256, "shrinkage": 173.02879628756062}, "datetime": {"datetime": "2021-05-15 17:54:29", "elapsed": 523.214231, "delta": 180.983624}}
{"target": -0.9905783240394512, "params": {"k": 142.4801183248364, "min_k": 4.718851951846365, "min_support": 3.3652142659573663, "shrinkage": 197.15884759662168}, "datetime": {"datetime": "2021-05-15 17:57:29", "elapsed": 703.118788, "delta": 179.904557}}
{"target": -0.990912508173265, "params": {"k": 173.55337365179003, "min_k": 1.0339904338086152, "min_support": 8.594841513330373, "shrinkage": 168.37130361005717}, "datetime": {"datetime": "2021-05-15 18:00:25", "elapsed": 878.923836, "delta": 175.805048}}
{"target": -0.9924475309551083, "params": {"k": 463.4454665656386, "min_k": 4.394744678323204, "min_support": 32.62615382857251, "shrinkage": 179.8486254963934}, "datetime": {"datetime": "2021-05-15 18:03:05", "elapsed": 1038.404332, "delta": 159.480496}}
{"target": -0.9907334513750576, "params": {"k": 114.8098948171161, "min_k": 3.912038442610814, "min_support": 2.624644343475061, "shrinkage": 199.24381056336136}, "datetime": {"datetime": "2021-05-15 18:06:09", "elapsed": 1222.699162, "delta": 184.29483}}
{"target": -0.9907228132477115, "params": {"k": 524.1824016954681, "min_k": 3.9684017580204154, "min_support": 1.6948376581128926, "shrinkage": 198.42420187947175}, "datetime": {"datetime": "2021-05-15 18:08:53", "elapsed": 1386.434481, "delta": 163.735319}}
{"target": -0.9913567134950672, "params": {"k": 517.5575381010749, "min_k": 19.85740485273462, "min_support": 1.96906394667077, "shrinkage": 160.13469651374922}, "datetime": {"datetime": "2021-05-15 18:11:36", "elapsed": 1549.626084, "delta": 163.191603}}
{"target": -0.9925175799208528, "params": {"k": 154.69046707711342, "min_k": 2.1042796478604835, "min_support": 32.01107245583823, "shrinkage": 199.9661861822298}, "datetime": {"datetime": "2021-05-15 18:14:35", "elapsed": 1728.487578, "delta": 178.861494}}
{"target": -0.9915359089408234, "params": {"k": 507.4845407852128, "min_k": 16.622371920610156, "min_support": 19.207100771969845, "shrinkage": 197.28280521292822}, "datetime": {"datetime": "2021-05-15 18:17:16", "elapsed": 1889.471878, "delta": 160.9843}}
{"target": -0.9909416083175335, "params": {"k": 151.44706101817914, "min_k": 18.62554515826696, "min_support": 2.337462415214785, "shrinkage": 181.5319404200548}, "datetime": {"datetime": "2021-05-15 18:20:17", "elapsed": 2071.217529, "delta": 181.745651}}
