{"target": -1.0063746407170178, "params": {"lr_bi": 0.0039963209507788994, "lr_bu": 0.00860571445127933, "lr_pu": 0.006855951534491241, "lr_qi": 0.005789267873576293, "n_factors": 27.622702864153297, "reg_bi": 0.14883512309922037, "reg_bu": 0.06169441482969752, "reg_pu": 0.7808967697396924, "reg_qi": 0.5449923604514558}, "datetime": {"datetime": "2021-05-14 10:23:52", "elapsed": 0.0, "delta": 0.0}}
{"target": -1.0095820572014453, "params": {"lr_bi": 0.006664580622368364, "lr_bu": 0.0011646759543664197, "lr_pu": 0.008759278817295955, "lr_qi": 0.0076595411264033745, "n_factors": 35.78917104835004, "reg_bi": 0.17182422081431956, "reg_bu": 0.1732300137695561, "reg_pu": 0.28077559623398857, "reg_qi": 0.47703322415269167}, "datetime": {"datetime": "2021-05-14 10:31:05", "elapsed": 433.577961, "delta": 433.577961}}
{"target": -1.0148596851655314, "params": {"lr_bi": 0.004455560149136926, "lr_bu": 0.0033298331215843354, "lr_pu": 0.005894823157779036, "lr_qi": 0.002115950885216335, "n_factors": 47.36097403760663, "reg_bi": 0.3360620405313856, "reg_bu": 0.415902285953162, "reg_pu": 0.7088066056397822, "reg_qi": 0.18770966612094017}, "datetime": {"datetime": "2021-05-14 10:39:36", "elapsed": 943.922482, "delta": 510.344521}}
{"target": -1.017939006093938, "params": {"lr_bi": 0.009, "lr_bu": 0.001, "lr_pu": 0.001, "lr_qi": 0.001, "n_factors": 13.93400453920816, "reg_bi": 0.9, "reg_bu": 0.9, "reg_pu": 0.01, "reg_qi": 0.01}, "datetime": {"datetime": "2021-05-14 10:44:22", "elapsed": 1229.836094, "delta": 285.913612}}
{"target": -1.0223972314993992, "params": {"lr_bi": 0.008049786727286224, "lr_bu": 0.007342983031086469, "lr_pu": 0.004815120863460934, "lr_qi": 0.0065408759866038444, "n_factors": 28.51067028228134, "reg_bi": 0.5099244423540927, "reg_bu": 0.05269470044667313, "reg_pu": 0.3141501488843562, "reg_qi": 0.15751853264093815}, "datetime": {"datetime": "2021-05-14 10:50:47", "elapsed": 1614.965243, "delta": 385.129149}}
{"target": -1.005315811510942, "params": {"lr_bi": 0.004539497001144591, "lr_bu": 0.004405867506429124, "lr_pu": 0.004019416094146051, "lr_qi": 0.007596592710956297, "n_factors": 27.566531596504824, "reg_bi": 0.07026308862662377, "reg_bu": 0.2832797458111849, "reg_pu": 0.8501661423626939, "reg_qi": 0.41738838498181274}, "datetime": {"datetime": "2021-05-14 10:57:09", "elapsed": 1996.832182, "delta": 381.866939}}
{"target": -1.0149989945017768, "params": {"lr_bi": 0.005780028298673904, "lr_bu": 0.005765356360557913, "lr_pu": 0.0028866843027523874, "lr_qi": 0.006524865553802363, "n_factors": 26.85815099965577, "reg_bi": 0.3059579868137618, "reg_bu": 0.39575921410745446, "reg_pu": 0.8586055564445166, "reg_qi": 0.577945395972457}, "datetime": {"datetime": "2021-05-14 11:03:24", "elapsed": 2372.361849, "delta": 375.529667}}
{"target": -1.0014142921070082, "params": {"lr_bi": 0.001, "lr_bu": 0.001, "lr_pu": 0.009, "lr_qi": 0.008208318195043859, "n_factors": 27.78191900739701, "reg_bi": 0.01, "reg_bu": 0.44178078397872683, "reg_pu": 0.9, "reg_qi": 0.8021134830688426}, "datetime": {"datetime": "2021-05-14 11:09:44", "elapsed": 2751.752467, "delta": 379.390618}}
{"target": -1.0043941743551918, "params": {"lr_bi": 0.0018525229553552859, "lr_bu": 0.004913741905026313, "lr_pu": 0.0021682440132084245, "lr_qi": 0.003627624605363451, "n_factors": 27.69673553445516, "reg_bi": 0.014459787841999206, "reg_bu": 0.6805904837142105, "reg_pu": 0.4824806312639092, "reg_qi": 0.7694979781787027}, "datetime": {"datetime": "2021-05-14 11:16:03", "elapsed": 3130.886357, "delta": 379.13389}}
{"target": -1.015579131817537, "params": {"lr_bi": 0.007603992672166332, "lr_bu": 0.003741201103593073, "lr_pu": 0.008376952263125795, "lr_qi": 0.006837148436126026, "n_factors": 28.336668682667813, "reg_bi": 0.1279307501802593, "reg_bu": 0.886594167768176, "reg_pu": 0.6250092242748476, "reg_qi": 0.7853430490716786}, "datetime": {"datetime": "2021-05-14 11:22:27", "elapsed": 3515.601475, "delta": 384.715118}}
{"target": -1.027970575607084, "params": {"lr_bi": 0.004486627389773646, "lr_bu": 0.008894221146970794, "lr_pu": 0.0010834327007338428, "lr_qi": 0.007187217816318635, "n_factors": 142.81315318539114, "reg_bi": 0.6952056388165392, "reg_bu": 0.7767581984678862, "reg_pu": 0.6100420150940865, "reg_qi": 0.07717325881023605}, "datetime": {"datetime": "2021-05-14 11:41:34", "elapsed": 4662.270904, "delta": 1146.669429}}
{"target": -1.011777886381718, "params": {"lr_bi": 0.007088734627411571, "lr_bu": 0.0014150768612399185, "lr_pu": 0.0071962570287824575, "lr_qi": 0.004618771754223432, "n_factors": 37.02402227229894, "reg_bi": 0.3315181527025174, "reg_bu": 0.20180392417532933, "reg_pu": 0.34496858145235443, "reg_qi": 0.0787925806235179}, "datetime": {"datetime": "2021-05-14 11:49:07", "elapsed": 5114.761253, "delta": 452.490349}}
{"target": -1.0190122628201286, "params": {"lr_bi": 0.005237430906478733, "lr_bu": 0.0049318800903646026, "lr_pu": 0.00810171808505671, "lr_qi": 0.00857256765941673, "n_factors": 34.67048084688217, "reg_bi": 0.606548112380558, "reg_bu": 0.21921445448009688, "reg_pu": 0.2684839286702611, "reg_qi": 0.1560959777562564}, "datetime": {"datetime": "2021-05-14 11:56:17", "elapsed": 5545.107873, "delta": 430.34662}}
