{"target": -1.2538261498764833, "params": {"lr_bi": 0.0039963209507788994, "lr_bu": 0.00860571445127933, "lr_pu": 0.006855951534491241, "lr_qi": 0.005789267873576293, "n_factors": 27.622702864153297, "reg_bi": 0.14883512309922037, "reg_bu": 0.06169441482969752, "reg_pu": 0.7808967697396924, "reg_qi": 0.5449923604514558}, "datetime": {"datetime": "2021-05-12 21:06:02", "elapsed": 0.0, "delta": 0.0}}
{"target": -1.1197025972878618, "params": {"lr_bi": 0.006664580622368364, "lr_bu": 0.0011646759543664197, "lr_pu": 0.008759278817295955, "lr_qi": 0.0076595411264033745, "n_factors": 35.78917104835004, "reg_bi": 0.17182422081431956, "reg_bu": 0.1732300137695561, "reg_pu": 0.28077559623398857, "reg_qi": 0.47703322415269167}, "datetime": {"datetime": "2021-05-12 21:12:11", "elapsed": 368.931055, "delta": 368.931055}}
{"target": -1.0865135988680388, "params": {"lr_bi": 0.004455560149136926, "lr_bu": 0.0033298331215843354, "lr_pu": 0.005894823157779036, "lr_qi": 0.002115950885216335, "n_factors": 47.36097403760663, "reg_bi": 0.3360620405313856, "reg_bu": 0.415902285953162, "reg_pu": 0.7088066056397822, "reg_qi": 0.18770966612094017}, "datetime": {"datetime": "2021-05-12 21:19:35", "elapsed": 813.196963, "delta": 444.265908}}
{"target": -1.1063007476502333, "params": {"lr_bi": 0.0045931856218577, "lr_bu": 0.004520966167879489, "lr_pu": 0.001729098712717658, "lr_qi": 0.006748829925521565, "n_factors": 35.99181975737705, "reg_bi": 0.18528873088576203, "reg_bu": 0.3773549050468802, "reg_pu": 0.21272272403984327, "reg_qi": 0.5296338579041338}, "datetime": {"datetime": "2021-05-12 21:25:47", "elapsed": 1185.435993, "delta": 372.23903}}
{"target": -1.0567738354995855, "params": {"lr_bi": 0.005643812996569143, "lr_bu": 0.008021524601870306, "lr_pu": 0.008144774060644223, "lr_qi": 0.004238638620388282, "n_factors": 38.81251339246099, "reg_bi": 0.07672760412926748, "reg_bu": 0.7734040275339253, "reg_pu": 0.15720349333749, "reg_qi": 0.2921336251182771}, "datetime": {"datetime": "2021-05-12 21:32:14", "elapsed": 1572.452752, "delta": 387.016759}}
{"target": -1.1399959989705253, "params": {"lr_bi": 0.0019269534782201721, "lr_bu": 0.0056855445243565225, "lr_pu": 0.0026197628045551646, "lr_qi": 0.007068964559802702, "n_factors": 42.77434737623187, "reg_bi": 0.8871903752770071, "reg_bu": 0.8137593485458752, "reg_pu": 0.1863951715884779, "reg_qi": 0.8803087567307872}, "datetime": {"datetime": "2021-05-12 21:39:04", "elapsed": 1982.343959, "delta": 409.891207}}
{"target": -1.0602366408110453, "params": {"lr_bi": 0.007126498007292718, "lr_bu": 0.0019360183506331105, "lr_pu": 0.008866240581680718, "lr_qi": 0.001, "n_factors": 51.30231336156384, "reg_bi": 0.01, "reg_bu": 0.05189010242239293, "reg_pu": 0.9, "reg_qi": 0.01}, "datetime": {"datetime": "2021-05-12 21:46:43", "elapsed": 2441.184211, "delta": 458.840252}}
{"target": -1.074105575138992, "params": {"lr_bi": 0.003260412431104052, "lr_bu": 0.009, "lr_pu": 0.001, "lr_qi": 0.005567364701710593, "n_factors": 55.062870184781644, "reg_bi": 0.9, "reg_bu": 0.9, "reg_pu": 0.01, "reg_qi": 0.9}, "datetime": {"datetime": "2021-05-12 21:54:45", "elapsed": 2922.811416, "delta": 481.627205}}
{"target": -1.0621653702021194, "params": {"lr_bi": 0.009, "lr_bu": 0.001, "lr_pu": 0.009, "lr_qi": 0.001, "n_factors": 60.14096453582795, "reg_bi": 0.01, "reg_bu": 0.01, "reg_pu": 0.9, "reg_qi": 0.01}, "datetime": {"datetime": "2021-05-12 22:03:17", "elapsed": 3435.092107, "delta": 512.280691}}
{"target": -1.0563938413439617, "params": {"lr_bi": 0.00499010957505902, "lr_bu": 0.0018460331971930346, "lr_pu": 0.00845859658492533, "lr_qi": 0.003750539188713467, "n_factors": 64.71678792057372, "reg_bi": 0.8992069005520503, "reg_bu": 0.8777026240264333, "reg_pu": 0.022589679017322034, "reg_qi": 0.7289693653119884}, "datetime": {"datetime": "2021-05-12 22:12:12", "elapsed": 3970.453398, "delta": 535.361291}}
{"target": -1.2355919776626951, "params": {"lr_bi": 0.0029951983118945637, "lr_bu": 0.0027689534947162794, "lr_pu": 0.0036938957162196734, "lr_qi": 0.0034719140639502336, "n_factors": 69.59264189111971, "reg_bi": 0.06072347444617958, "reg_bu": 0.10431251593651093, "reg_pu": 0.7920820070155254, "reg_qi": 0.517746017525771}, "datetime": {"datetime": "2021-05-12 22:21:35", "elapsed": 4532.762196, "delta": 562.308798}}
{"target": -1.1390285740308639, "params": {"lr_bi": 0.004849531899443921, "lr_bu": 0.008306038751510097, "lr_pu": 0.0058836810752210915, "lr_qi": 0.003385102639129211, "n_factors": 125.47332827702239, "reg_bi": 0.5994125427431966, "reg_bu": 0.7112590770079119, "reg_pu": 0.43734577358321436, "reg_qi": 0.4599667422255881}, "datetime": {"datetime": "2021-05-12 22:36:16", "elapsed": 5413.901063, "delta": 881.138867}}
{"target": -1.3169959448049597, "params": {"lr_bi": 0.002806888704883574, "lr_bu": 0.002856638991366972, "lr_pu": 0.006341868562930252, "lr_qi": 0.005220437048342508, "n_factors": 62.23625204578668, "reg_bi": 0.8936739736417753, "reg_bu": 0.7993329382724201, "reg_pu": 0.6672033810714031, "reg_qi": 0.8488856187117668}, "datetime": {"datetime": "2021-05-12 22:45:00", "elapsed": 5938.140245, "delta": 524.239182}}
