{"target": -1.0346494245483833, "params": {"lambda_item": 11.236516295361453, "lambda_user": 28.52145383514428, "num_features": 37.135709206947446}, "datetime": {"datetime": "2021-06-30 20:31:03", "elapsed": 0.0, "delta": 0.0}}
{"target": -1.0124708520538794, "params": {"lambda_item": 17.959955196669, "lambda_user": 4.680981203952874, "num_features": 9.487736976137727}, "datetime": {"datetime": "2021-06-30 21:14:41", "elapsed": 2617.892527, "delta": 2617.892527}}
{"target": -1.1184967531987964, "params": {"lambda_item": 1.7429793232398998, "lambda_user": 25.985351285175167, "num_features": 30.853520563674024}, "datetime": {"datetime": "2021-06-30 21:56:17", "elapsed": 5113.907424, "delta": 2496.014897}}
{"target": -1.2487424071549533, "params": {"lambda_item": 21.242323297592467, "lambda_user": 0.6180245366269255, "num_features": 48.55567290377573}, "datetime": {"datetime": "2021-06-30 22:42:22", "elapsed": 7878.323812, "delta": 2764.416388}}
{"target": -1.0177714737602552, "params": {"lambda_item": 29.140594576244105, "lambda_user": 18.9721017337319, "num_features": 49.32298500424428}, "datetime": {"datetime": "2021-06-30 23:23:35", "elapsed": 10351.221341, "delta": 2472.897529}}
{"target": -1.0020924776846072, "params": {"lambda_item": 4.823949695567392, "lambda_user": 11.971872564188573, "num_features": 6.1527263479753245}, "datetime": {"datetime": "2021-07-01 00:03:54", "elapsed": 12770.392107, "delta": 2419.170766}}
{"target": -1.003906418477235, "params": {"lambda_item": 9.757307738432617, "lambda_user": 14.373490152510664, "num_features": 8.853753873045369}, "datetime": {"datetime": "2021-07-01 00:44:18", "elapsed": 15194.709475, "delta": 2424.317368}}
{"target": -1.0082257833977646, "params": {"lambda_item": 30.0, "lambda_user": 30.0, "num_features": 37.23670820886588}, "datetime": {"datetime": "2021-07-01 01:25:16", "elapsed": 17652.132838, "delta": 2457.423363}}
{"target": -1.00692167189433, "params": {"lambda_item": 30.0, "lambda_user": 23.192405909232928, "num_features": 2.0}, "datetime": {"datetime": "2021-07-01 02:05:38", "elapsed": 20074.830242, "delta": 2422.697404}}
{"target": -1.0005419472396175, "params": {"lambda_item": 10.548428702694729, "lambda_user": 30.0, "num_features": 2.0}, "datetime": {"datetime": "2021-07-01 02:45:43", "elapsed": 22479.877271, "delta": 2405.047029}}
{"target": -1.0049683790729258, "params": {"lambda_item": 27.532764755302907, "lambda_user": 30.0, "num_features": 17.729824776314988}, "datetime": {"datetime": "2021-07-01 03:26:20", "elapsed": 24916.673245, "delta": 2436.795974}}
{"target": -1.01436075888477, "params": {"lambda_item": 20.51858967701735, "lambda_user": 30.0, "num_features": 50.0}, "datetime": {"datetime": "2021-07-01 04:14:08", "elapsed": 27784.312316, "delta": 2867.639071}}
{"target": -1.0118628251552269, "params": {"lambda_item": 30.0, "lambda_user": 13.499731258638562, "num_features": 19.36653152415585}, "datetime": {"datetime": "2021-07-01 05:13:32", "elapsed": 31348.530496, "delta": 3564.21818}}
{"target": -0.9986676078786442, "params": {"lambda_item": 28.84536328880775, "lambda_user": 1.213470412587417, "num_features": 2.5942834611978753}, "datetime": {"datetime": "2021-07-01 06:06:18", "elapsed": 34514.762557, "delta": 3166.232061}}
