{"target": -1.0429212416050648, "params": {"n_cltr_i": 38.07947176588889, "n_cltr_u": 95.1207163345817, "n_epochs": 294.137607015505}, "datetime": {"datetime": "2021-06-06 20:19:06", "elapsed": 0.0, "delta": 0.0}}
{"target": -1.0258591093397031, "params": {"n_cltr_i": 60.26718993550662, "n_cltr_u": 16.445845403801215, "n_epochs": 66.61783553280004}, "datetime": {"datetime": "2021-06-06 20:22:39", "elapsed": 212.82002, "delta": 212.82002}}
{"target": -1.025256313659158, "params": {"n_cltr_i": 6.750277604651747, "n_cltr_u": 86.75143843171858, "n_epochs": 242.44042963856748}, "datetime": {"datetime": "2021-06-06 20:32:38", "elapsed": 812.169704, "delta": 599.349684}}
{"target": -1.0026835203344797, "params": {"n_cltr_i": 71.09918520180851, "n_cltr_u": 3.0378649352844422, "n_epochs": 388.11439160398777}, "datetime": {"datetime": "2021-06-06 20:45:41", "elapsed": 1594.971096, "delta": 782.801392}}
{"target": -1.029974036570501, "params": {"n_cltr_i": 83.41182143924175, "n_cltr_u": 22.02157195714934, "n_epochs": 76.82086204680475}, "datetime": {"datetime": "2021-06-06 20:50:20", "elapsed": 1874.091982, "delta": 279.120886}}
{"target": -1.0292007342389138, "params": {"n_cltr_i": 19.15704647548995, "n_cltr_u": 31.119982052994235, "n_epochs": 212.27879049473395}, "datetime": {"datetime": "2021-06-06 20:56:16", "elapsed": 2229.465616, "delta": 355.373634}}
{"target": -1.0312229365943069, "params": {"n_cltr_i": 43.76255684556946, "n_cltr_u": 29.83168487960615, "n_epochs": 246.68189341533989}, "datetime": {"datetime": "2021-06-06 21:04:53", "elapsed": 2747.234701, "delta": 517.769085}}
{"target": -1.028569246852453, "params": {"n_cltr_i": 100.0, "n_cltr_u": 20.283438522519265, "n_epochs": 400.0}, "datetime": {"datetime": "2021-06-06 21:25:10", "elapsed": 3963.567904, "delta": 1216.333203}}
{"target": -1.027342612384298, "params": {"n_cltr_i": 7.881382816090136, "n_cltr_u": 88.04056588873217, "n_epochs": 239.59095569613757}, "datetime": {"datetime": "2021-06-06 21:35:25", "elapsed": 4578.939803, "delta": 615.371899}}
{"target": -1.003688305034125, "params": {"n_cltr_i": 59.26146631369851, "n_cltr_u": 2.402236441361381, "n_epochs": 389.42300114147804}, "datetime": {"datetime": "2021-06-06 21:46:45", "elapsed": 5258.830811, "delta": 679.891008}}
{"target": -1.0058627787317664, "params": {"n_cltr_i": 65.11289510665691, "n_cltr_u": 1.0, "n_epochs": 366.29899024030976}, "datetime": {"datetime": "2021-06-06 21:58:08", "elapsed": 5941.654738, "delta": 682.823927}}
{"target": -1.0316250323329095, "params": {"n_cltr_i": 53.167667261601736, "n_cltr_u": 29.389946400895653, "n_epochs": 376.7068433924949}, "datetime": {"datetime": "2021-06-06 22:11:56", "elapsed": 6770.201386, "delta": 828.546648}}
{"target": -1.0058432536634896, "params": {"n_cltr_i": 88.59667183881592, "n_cltr_u": 1.0, "n_epochs": 365.7117325375378}, "datetime": {"datetime": "2021-06-06 22:26:25", "elapsed": 7639.239948, "delta": 869.038562}}
{"target": -1.0058858688795351, "params": {"n_cltr_i": 87.70533868254691, "n_cltr_u": 1.0, "n_epochs": 329.7885197880792}, "datetime": {"datetime": "2021-06-06 22:39:29", "elapsed": 8422.822945, "delta": 783.582997}}
{"target": -1.0115443296017026, "params": {"n_cltr_i": 95.84742783195956, "n_cltr_u": 8.602463361347006, "n_epochs": 291.4366813463389}, "datetime": {"datetime": "2021-06-06 22:52:59", "elapsed": 9232.951178, "delta": 810.128233}}
{"target": -1.0058711662462716, "params": {"n_cltr_i": 52.09737781318195, "n_cltr_u": 1.0598699380174794, "n_epochs": 313.8833916134118}, "datetime": {"datetime": "2021-06-06 23:01:26", "elapsed": 9739.977553, "delta": 507.026375}}
{"target": -1.005874381969777, "params": {"n_cltr_i": 2.690285555708587, "n_cltr_u": 1.0, "n_epochs": 316.3139510076195}, "datetime": {"datetime": "2021-06-06 23:04:08", "elapsed": 9901.980314, "delta": 162.002761}}
{"target": -1.00583868224144, "params": {"n_cltr_i": 1.0, "n_cltr_u": 1.0, "n_epochs": 280.73137676786774}, "datetime": {"datetime": "2021-06-06 23:06:37", "elapsed": 10050.482595, "delta": 148.502281}}
{"target": -1.0239827087179578, "params": {"n_cltr_i": 6.336954807151787, "n_cltr_u": 99.14511993749345, "n_epochs": 10.564520996524626}, "datetime": {"datetime": "2021-06-06 23:08:34", "elapsed": 10167.752087, "delta": 117.269492}}
{"target": -1.0059444612171204, "params": {"n_cltr_i": 1.0, "n_cltr_u": 32.90036310492153, "n_epochs": 298.1789671321503}, "datetime": {"datetime": "2021-06-06 23:14:17", "elapsed": 10510.977724, "delta": 343.225637}}
{"target": -1.0058515966849562, "params": {"n_cltr_i": 1.0, "n_cltr_u": 1.0, "n_epochs": 5.0}, "datetime": {"datetime": "2021-06-06 23:15:52", "elapsed": 10605.786695, "delta": 94.808971}}
{"target": -1.0058057985996165, "params": {"n_cltr_i": 1.1806594846300906, "n_cltr_u": 6.398327945770771, "n_epochs": 42.33671281033219}, "datetime": {"datetime": "2021-06-06 23:17:39", "elapsed": 10713.381976, "delta": 107.595281}}
{"target": -1.0278519136080382, "params": {"n_cltr_i": 41.61176218410281, "n_cltr_u": 24.189732031942686, "n_epochs": 6.9019258985890755}, "datetime": {"datetime": "2021-06-06 23:19:23", "elapsed": 10816.718171, "delta": 103.336195}}
{"target": -1.0058074839984377, "params": {"n_cltr_i": 1.542667539163893, "n_cltr_u": 9.290668728996643, "n_epochs": 94.65530730238667}, "datetime": {"datetime": "2021-06-06 23:21:32", "elapsed": 10945.887851, "delta": 129.16968}}
{"target": -1.0057830262577485, "params": {"n_cltr_i": 1.0, "n_cltr_u": 59.775526209647666, "n_epochs": 101.54245293835713}, "datetime": {"datetime": "2021-06-06 23:25:27", "elapsed": 11180.719086, "delta": 234.831235}}
{"target": -1.0057941882892798, "params": {"n_cltr_i": 1.0, "n_cltr_u": 28.53902555148787, "n_epochs": 136.21802256329286}, "datetime": {"datetime": "2021-06-06 23:28:46", "elapsed": 11379.6729, "delta": 198.953814}}
{"target": -1.0158652737704934, "params": {"n_cltr_i": 3.372456080550186, "n_cltr_u": 96.62630102252041, "n_epochs": 130.2225560555213}, "datetime": {"datetime": "2021-06-06 23:35:08", "elapsed": 11762.277765, "delta": 382.604865}}
