{"target": -0.9999819120242656, "params": {"learning_rate": 0.3214864004260213, "max_depth": 6.75357153204958, "max_features": 14.587945476302647, "n_estimators": 271.5707149430517}, "datetime": {"datetime": "2021-07-26 09:38:51", "elapsed": 0.0, "delta": 0.0}}
{"target": -0.9831436265866946, "params": {"learning_rate": 0.13683575117385885, "max_depth": 2.7799726016810133, "max_features": 8.522752509513795, "n_estimators": 357.17636664797925}, "datetime": {"datetime": "2021-07-26 09:48:49", "elapsed": 597.962227, "delta": 597.962227}}
{"target": -1.0145676153005425, "params": {"learning_rate": 0.5129421849230115, "max_depth": 5.540362888980227, "max_features": 8.185260448662222, "n_estimators": 390.3711526918382}, "datetime": {"datetime": "2021-07-26 10:16:18", "elapsed": 2246.902286, "delta": 1648.940059}}
{"target": -0.9888371406129276, "params": {"learning_rate": 0.7084140314763564, "max_depth": 3.061695553391381, "max_features": 9.636424704863906, "n_estimators": 138.6894431530988}, "datetime": {"datetime": "2021-07-26 10:22:42", "elapsed": 2631.385535, "delta": 384.483249}}
{"target": -0.9836718303877602, "params": {"learning_rate": 0.03789581901018899, "max_depth": 2.180094091457132, "max_features": 9.576995948952446, "n_estimators": 357.36651344192006}, "datetime": {"datetime": "2021-07-26 10:33:53", "elapsed": 3302.481537, "delta": 671.096002}}
{"target": -1.1574426430120686, "params": {"learning_rate": 0.85, "max_depth": 7.0, "max_features": 8.0, "n_estimators": 336.7143148903021}, "datetime": {"datetime": "2021-07-26 11:06:11", "elapsed": 5240.418018, "delta": 1937.936481}}
{"target": -0.9840456182255704, "params": {"learning_rate": 0.08607492915494698, "max_depth": 6.864269533343391, "max_features": 8.582319021744254, "n_estimators": 371.2277003889182}, "datetime": {"datetime": "2021-07-26 11:37:23", "elapsed": 7112.036431, "delta": 1871.618413}}
{"target": -0.9954825011141022, "params": {"learning_rate": 0.7063867505685438, "max_depth": 4.159118782848356, "max_features": 14.166250084471262, "n_estimators": 115.74649385878125}, "datetime": {"datetime": "2021-07-26 11:48:47", "elapsed": 7796.683151, "delta": 684.64672}}
{"target": -1.0005638231581955, "params": {"learning_rate": 0.4138100206497013, "max_depth": 6.270001547397895, "max_features": 15.933189687092543, "n_estimators": 161.25864846552696}, "datetime": {"datetime": "2021-07-26 12:13:54", "elapsed": 9303.300049, "delta": 1506.616898}}
{"target": -0.9846733834287978, "params": {"learning_rate": 0.0759087922434892, "max_depth": 2.478359645272765, "max_features": 8.164544687480008, "n_estimators": 90.2818954815546}, "datetime": {"datetime": "2021-07-26 12:16:29", "elapsed": 9458.718889, "delta": 155.41884}}
{"target": -0.9920041797704187, "params": {"learning_rate": 0.43454738084407757, "max_depth": 4.481257323610299, "max_features": 16.908112368324076, "n_estimators": 243.03221695651416}, "datetime": {"datetime": "2021-07-26 12:43:06", "elapsed": 11055.650785, "delta": 1596.931896}}
{"target": -1.0029731305442458, "params": {"learning_rate": 0.3981287634165902, "max_depth": 6.030872409115339, "max_features": 8.118660872583668, "n_estimators": 220.90683464692933}, "datetime": {"datetime": "2021-07-26 13:01:24", "elapsed": 12152.988683, "delta": 1097.337898}}
{"target": -0.9935571690862725, "params": {"learning_rate": 0.8303947262172522, "max_depth": 3.1189299824715855, "max_features": 8.645714761127191, "n_estimators": 189.42126900524136}, "datetime": {"datetime": "2021-07-26 13:09:24", "elapsed": 12633.278341, "delta": 480.289658}}
{"target": -1.045722840081276, "params": {"learning_rate": 0.85, "max_depth": 7.0, "max_features": 17.0, "n_estimators": 80.0}, "datetime": {"datetime": "2021-07-26 13:25:31", "elapsed": 13600.406083, "delta": 967.127742}}
