{"target": -1.0738585635797022, "params": {"k": 302.7593944836532, "min_k": 19.063571821788408, "min_support": 36.86770314875885}, "datetime": {"datetime": "2021-06-20 17:17:06", "elapsed": 0.0, "delta": 0.0}}
{"target": -1.0650622982188007, "params": {"k": 480.9334949366441, "min_k": 3.964354168406294, "min_support": 8.64373149647393}, "datetime": {"datetime": "2021-06-20 17:19:25", "elapsed": 138.437097, "delta": 138.437097}}
{"target": -1.0678652992465878, "params": {"k": 51.176471673718574, "min_k": 17.457346769723767, "min_support": 30.45463557541723}, "datetime": {"datetime": "2021-06-20 17:21:40", "elapsed": 273.695198, "delta": 135.258101}}
{"target": -1.0822506310020716, "params": {"k": 567.9176993478561, "min_k": 1.3911053916202465, "min_support": 48.52558275593772}, "datetime": {"datetime": "2021-06-20 17:23:58", "elapsed": 411.3669, "delta": 137.671702}}
{"target": -1.0651134313017363, "params": {"k": 666.7918994363353, "min_k": 5.034443102887247, "min_support": 9.90942339314793}, "datetime": {"datetime": "2021-06-20 17:26:15", "elapsed": 549.007649, "delta": 137.640749}}
{"target": -1.0703535509844286, "params": {"k": 150.8065853334799, "min_k": 6.780602616231217, "min_support": 26.713065149979656}, "datetime": {"datetime": "2021-06-20 17:28:36", "elapsed": 689.969798, "delta": 140.962149}}
{"target": -1.0720065824256868, "params": {"k": 348.396289820482, "min_k": 6.533353663762797, "min_support": 30.980791841396595}, "datetime": {"datetime": "2021-06-20 17:30:54", "elapsed": 827.486148, "delta": 137.51635}}
{"target": -1.0645321628598226, "params": {"k": 454.8814410558984, "min_k": 12.695499840670404, "min_support": 2.938317821568044}, "datetime": {"datetime": "2021-06-20 17:33:12", "elapsed": 965.353886, "delta": 137.867738}}
{"target": -1.0644078417661693, "params": {"k": 454.22494249394083, "min_k": 11.609801253238517, "min_support": 1.7935146238511184}, "datetime": {"datetime": "2021-06-20 17:35:29", "elapsed": 1103.008856, "delta": 137.65497}}
{"target": -1.0643714490882685, "params": {"k": 734.4562780473485, "min_k": 13.291900792779483, "min_support": 1.9757041642953026}, "datetime": {"datetime": "2021-06-20 17:37:48", "elapsed": 1241.988124, "delta": 138.979268}}
{"target": -1.083661275395603, "params": {"k": 795.1028650734098, "min_k": 1.0, "min_support": 50.0}, "datetime": {"datetime": "2021-06-20 17:40:05", "elapsed": 1379.180548, "delta": 137.192424}}
{"target": -1.0790189347428505, "params": {"k": 698.8233355518929, "min_k": 20.0, "min_support": 48.802297207297585}, "datetime": {"datetime": "2021-06-20 17:42:23", "elapsed": 1516.76504, "delta": 137.584492}}
{"target": -1.0807301034903474, "params": {"k": 439.6516194161459, "min_k": 1.0, "min_support": 45.92587073291435}, "datetime": {"datetime": "2021-06-20 17:44:41", "elapsed": 1654.805693, "delta": 138.040653}}
{"target": -1.0642892010050626, "params": {"k": 702.2734315801952, "min_k": 1.0, "min_support": 1.0}, "datetime": {"datetime": "2021-06-20 17:46:59", "elapsed": 1792.857256, "delta": 138.051563}}
{"target": -1.1248691151509727, "params": {"k": 7.267609335760682, "min_k": 1.0, "min_support": 1.0}, "datetime": {"datetime": "2021-06-20 17:49:01", "elapsed": 1915.089027, "delta": 122.231771}}
{"target": -1.0787624338635218, "params": {"k": 92.3922798535443, "min_k": 20.0, "min_support": 50.0}, "datetime": {"datetime": "2021-06-20 17:51:21", "elapsed": 2054.943584, "delta": 139.854557}}
{"target": -1.0647009257964402, "params": {"k": 624.4936227862574, "min_k": 20.0, "min_support": 1.0}, "datetime": {"datetime": "2021-06-20 17:53:40", "elapsed": 2193.966271, "delta": 139.022687}}
{"target": -1.0643298693081022, "params": {"k": 209.5903083268155, "min_k": 1.5445851736314107, "min_support": 2.033792005743471}, "datetime": {"datetime": "2021-06-20 17:55:59", "elapsed": 2333.139391, "delta": 139.17312}}
{"target": -1.080341284416408, "params": {"k": 212.02615314471174, "min_k": 10.52020014101756, "min_support": 49.86441337823136}, "datetime": {"datetime": "2021-06-20 17:58:20", "elapsed": 2473.371391, "delta": 140.232}}
{"target": -1.0645343401144152, "params": {"k": 254.21902258823323, "min_k": 1.0, "min_support": 1.0}, "datetime": {"datetime": "2021-06-20 18:00:39", "elapsed": 2612.499177, "delta": 139.127786}}
{"target": -1.064588956012738, "params": {"k": 398.9420132035374, "min_k": 20.0, "min_support": 1.0}, "datetime": {"datetime": "2021-06-20 18:02:58", "elapsed": 2751.227312, "delta": 138.728135}}
{"target": -1.0643478239295068, "params": {"k": 524.1308513910335, "min_k": 20.0, "min_support": 1.0}, "datetime": {"datetime": "2021-06-20 18:05:16", "elapsed": 2889.862695, "delta": 138.635383}}
{"target": -1.0791864769828916, "params": {"k": 634.5409839898527, "min_k": 20.0, "min_support": 48.87589746313143}, "datetime": {"datetime": "2021-06-20 18:07:34", "elapsed": 3027.998346, "delta": 138.135651}}
{"target": -1.0789620461065494, "params": {"k": 505.1057276748848, "min_k": 20.0, "min_support": 48.994447245551505}, "datetime": {"datetime": "2021-06-20 18:09:52", "elapsed": 3165.287181, "delta": 137.288835}}
{"target": -1.0635311031407444, "params": {"k": 101.64571496532267, "min_k": 1.0, "min_support": 1.0}, "datetime": {"datetime": "2021-06-20 18:12:12", "elapsed": 3305.668507, "delta": 140.381326}}
{"target": -1.0645465486569656, "params": {"k": 575.0360303368317, "min_k": 20.0, "min_support": 1.0}, "datetime": {"datetime": "2021-06-20 18:14:30", "elapsed": 3443.724757, "delta": 138.05625}}
{"target": -1.0643803399525216, "params": {"k": 304.79696797527583, "min_k": 1.9459862704685664, "min_support": 1.1858599007302772}, "datetime": {"datetime": "2021-06-20 18:16:50", "elapsed": 3583.546545, "delta": 139.821788}}
