{"target": -1.0843148004367282, "params": {"k": 302.7593944836532, "min_k": 19.063571821788408, "min_support": 36.86770314875885}, "datetime": {"datetime": "2021-06-20 14:55:17", "elapsed": 0.0, "delta": 0.0}}
{"target": -1.0750077781023726, "params": {"k": 480.9334949366441, "min_k": 3.964354168406294, "min_support": 8.64373149647393}, "datetime": {"datetime": "2021-06-20 14:57:33", "elapsed": 136.454051, "delta": 136.454051}}
{"target": -1.039124169824286, "params": {"k": 51.176471673718574, "min_k": 17.457346769723767, "min_support": 30.45463557541723}, "datetime": {"datetime": "2021-06-20 14:59:43", "elapsed": 266.268942, "delta": 129.814891}}
{"target": -1.0924958162239942, "params": {"k": 567.9176993478561, "min_k": 1.3911053916202465, "min_support": 48.52558275593772}, "datetime": {"datetime": "2021-06-20 15:01:58", "elapsed": 400.677503, "delta": 134.408561}}
{"target": -1.0750990372357154, "params": {"k": 666.7918994363353, "min_k": 5.034443102887247, "min_support": 9.90942339314793}, "datetime": {"datetime": "2021-06-20 15:04:14", "elapsed": 537.008972, "delta": 136.331469}}
{"target": -1.0727228436231346, "params": {"k": 150.8065853334799, "min_k": 6.780602616231217, "min_support": 26.713065149979656}, "datetime": {"datetime": "2021-06-20 15:06:32", "elapsed": 674.961634, "delta": 137.952662}}
{"target": -1.0821604185079425, "params": {"k": 348.396289820482, "min_k": 6.533353663762797, "min_support": 30.980791841396595}, "datetime": {"datetime": "2021-06-20 15:08:47", "elapsed": 809.922701, "delta": 134.961067}}
{"target": -1.1190569968288715, "params": {"k": 5.0, "min_k": 20.0, "min_support": 1.0}, "datetime": {"datetime": "2021-06-20 15:10:44", "elapsed": 926.920202, "delta": 116.997501}}
{"target": -1.0403751197917177, "params": {"k": 50.07949491139566, "min_k": 19.006374184033334, "min_support": 33.29362969238345}, "datetime": {"datetime": "2021-06-20 15:12:54", "elapsed": 1056.741093, "delta": 129.820891}}
{"target": -1.053180734816304, "params": {"k": 72.23406855321211, "min_k": 12.868301071926933, "min_support": 37.440619867042386}, "datetime": {"datetime": "2021-06-20 15:15:08", "elapsed": 1190.854684, "delta": 134.113591}}
{"target": -1.0448496477496443, "params": {"k": 46.04712687403884, "min_k": 1.0, "min_support": 41.70133864413809}, "datetime": {"datetime": "2021-06-20 15:17:18", "elapsed": 1320.94198, "delta": 130.087296}}
{"target": -1.039953379702748, "params": {"k": 71.61369471768205, "min_k": 1.0, "min_support": 1.0}, "datetime": {"datetime": "2021-06-20 15:19:32", "elapsed": 1454.723274, "delta": 133.781294}}
{"target": -1.0538269909546456, "params": {"k": 104.38334805870522, "min_k": 19.956320480928103, "min_support": 3.4616685849010524}, "datetime": {"datetime": "2021-06-20 15:21:51", "elapsed": 1594.416515, "delta": 139.693241}}
{"target": -1.0894971724698075, "params": {"k": 798.7405109679758, "min_k": 10.447462787338132, "min_support": 46.881134257023696}, "datetime": {"datetime": "2021-06-20 15:24:10", "elapsed": 1733.413257, "delta": 138.996742}}
{"target": -1.0731187630507306, "params": {"k": 223.47421337259215, "min_k": 20.0, "min_support": 1.0}, "datetime": {"datetime": "2021-06-20 15:26:29", "elapsed": 1872.457632, "delta": 139.044375}}
{"target": -1.040443362058977, "params": {"k": 72.42870079160987, "min_k": 19.18248164812052, "min_support": 1.0866519084356208}, "datetime": {"datetime": "2021-06-20 15:28:47", "elapsed": 2009.954, "delta": 137.496368}}
{"target": -1.0904490608838944, "params": {"k": 425.4900122301386, "min_k": 20.0, "min_support": 50.0}, "datetime": {"datetime": "2021-06-20 15:31:04", "elapsed": 2147.320768, "delta": 137.366768}}
{"target": -1.0744090281677816, "params": {"k": 735.3901087218308, "min_k": 18.620608708782438, "min_support": 2.3193061352228854}, "datetime": {"datetime": "2021-06-20 15:33:23", "elapsed": 2286.308995, "delta": 138.988227}}
{"target": -1.0926778689438152, "params": {"k": 214.96478805045658, "min_k": 1.0, "min_support": 50.0}, "datetime": {"datetime": "2021-06-20 15:35:44", "elapsed": 2426.593747, "delta": 140.284752}}
{"target": -1.0934865024147569, "params": {"k": 708.07696217614, "min_k": 1.0, "min_support": 50.0}, "datetime": {"datetime": "2021-06-20 15:38:02", "elapsed": 2565.089546, "delta": 138.495799}}
{"target": -1.0745089074938652, "params": {"k": 610.8523375663948, "min_k": 20.0, "min_support": 1.0}, "datetime": {"datetime": "2021-06-20 15:40:21", "elapsed": 2703.496738, "delta": 138.407192}}
{"target": -1.0320159864298948, "params": {"k": 52.7065820046454, "min_k": 2.0315800783746933, "min_support": 9.839957429429925}, "datetime": {"datetime": "2021-06-20 15:42:35", "elapsed": 2838.394135, "delta": 134.897397}}
{"target": -1.0395952434758033, "params": {"k": 62.83851265371445, "min_k": 1.5167789947795498, "min_support": 19.509337866589348}, "datetime": {"datetime": "2021-06-20 15:44:51", "elapsed": 2974.008009, "delta": 135.613874}}
{"target": -1.0311742571598081, "params": {"k": 52.88466254844885, "min_k": 18.06191012529652, "min_support": 1.5643043331185496}, "datetime": {"datetime": "2021-06-20 15:47:06", "elapsed": 3108.640784, "delta": 134.632775}}
{"target": -1.0745034972497043, "params": {"k": 533.7568870427025, "min_k": 20.0, "min_support": 1.0}, "datetime": {"datetime": "2021-06-20 15:49:26", "elapsed": 3248.697331, "delta": 140.056547}}
{"target": -1.0331721797045816, "params": {"k": 56.104679194622946, "min_k": 8.781175147203482, "min_support": 2.2932238512269443}, "datetime": {"datetime": "2021-06-20 15:51:42", "elapsed": 3384.796949, "delta": 136.099618}}
{"target": -1.0744711146654518, "params": {"k": 401.74385840671215, "min_k": 1.0, "min_support": 1.0}, "datetime": {"datetime": "2021-06-20 15:54:02", "elapsed": 3524.539229, "delta": 139.74228}}
