{"target": -1.07029625367169, "params": {"k": 302.7593944836532, "min_k": 19.063571821788408, "min_support": 36.86770314875885}, "datetime": {"datetime": "2021-06-18 05:03:42", "elapsed": 0.0, "delta": 0.0}}
{"target": -1.0309984991383023, "params": {"k": 480.9334949366441, "min_k": 3.964354168406294, "min_support": 8.64373149647393}, "datetime": {"datetime": "2021-06-18 05:13:07", "elapsed": 564.480807, "delta": 564.480807}}
{"target": -1.0732436713091966, "params": {"k": 51.176471673718574, "min_k": 17.457346769723767, "min_support": 30.45463557541723}, "datetime": {"datetime": "2021-06-18 05:19:16", "elapsed": 933.505539, "delta": 369.024732}}
{"target": -1.12368651255835, "params": {"k": 567.9176993478561, "min_k": 1.3911053916202465, "min_support": 48.52558275593772}, "datetime": {"datetime": "2021-06-18 05:26:40", "elapsed": 1377.800624, "delta": 444.295085}}
{"target": -1.0326390862868577, "params": {"k": 666.7918994363353, "min_k": 5.034443102887247, "min_support": 9.90942339314793}, "datetime": {"datetime": "2021-06-18 05:36:44", "elapsed": 1981.609516, "delta": 603.808892}}
{"target": -1.0634314413324664, "params": {"k": 150.8065853334799, "min_k": 6.780602616231217, "min_support": 26.713065149979656}, "datetime": {"datetime": "2021-06-18 05:43:36", "elapsed": 2393.266756, "delta": 411.65724}}
{"target": -1.067161422079516, "params": {"k": 348.396289820482, "min_k": 6.533353663762797, "min_support": 30.980791841396595}, "datetime": {"datetime": "2021-06-18 05:51:09", "elapsed": 2846.371918, "delta": 453.105162}}
{"target": -1.0259069596585224, "params": {"k": 471.47006336965353, "min_k": 6.216881217912336, "min_support": 2.5915847797588407}, "datetime": {"datetime": "2021-06-18 06:00:46", "elapsed": 3423.639618, "delta": 577.2677}}
{"target": -1.02707120150928, "params": {"k": 470.6489879396303, "min_k": 4.988764208250546, "min_support": 4.1434209208965065}, "datetime": {"datetime": "2021-06-18 06:10:18", "elapsed": 3995.603193, "delta": 571.963575}}
{"target": -1.0268455922510271, "params": {"k": 733.4806258913451, "min_k": 10.046090824069395, "min_support": 1.0}, "datetime": {"datetime": "2021-06-18 06:20:50", "elapsed": 4627.76371, "delta": 632.160517}}
{"target": -1.1267599747819184, "params": {"k": 800.0, "min_k": 1.0, "min_support": 50.0}, "datetime": {"datetime": "2021-06-18 06:28:40", "elapsed": 5097.204891, "delta": 469.441181}}
{"target": -1.0903778243467765, "params": {"k": 699.4946507948333, "min_k": 20.0, "min_support": 50.0}, "datetime": {"datetime": "2021-06-18 06:36:17", "elapsed": 5554.859749, "delta": 457.654858}}
{"target": -1.0252837495054101, "params": {"k": 419.1334808791129, "min_k": 16.318034532291108, "min_support": 1.0619051321367317}, "datetime": {"datetime": "2021-06-18 06:45:38", "elapsed": 6115.714621, "delta": 560.854872}}
{"target": -1.0899956672475262, "params": {"k": 431.0538660554205, "min_k": 20.0, "min_support": 50.0}, "datetime": {"datetime": "2021-06-18 06:52:46", "elapsed": 6543.604013, "delta": 427.889392}}
{"target": -1.0267199661016517, "params": {"k": 700.8673435154465, "min_k": 1.0, "min_support": 1.0}, "datetime": {"datetime": "2021-06-18 07:03:13", "elapsed": 7170.452477, "delta": 626.848464}}
{"target": -1.0249962024783945, "params": {"k": 225.6595046231002, "min_k": 20.0, "min_support": 1.0}, "datetime": {"datetime": "2021-06-18 07:11:29", "elapsed": 7666.376599, "delta": 495.924122}}
{"target": -1.1047812502340153, "params": {"k": 224.87776779526743, "min_k": 2.5882663496686504, "min_support": 48.35161403012017}, "datetime": {"datetime": "2021-06-18 07:18:03", "elapsed": 8060.451072, "delta": 394.074473}}
{"target": -1.0250573854445277, "params": {"k": 262.4589552250402, "min_k": 20.0, "min_support": 1.0}, "datetime": {"datetime": "2021-06-18 07:26:32", "elapsed": 8570.09092, "delta": 509.639848}}
{"target": -1.025224533215555, "params": {"k": 387.34101942047545, "min_k": 1.0, "min_support": 1.0}, "datetime": {"datetime": "2021-06-18 07:35:42", "elapsed": 9119.724169, "delta": 549.633249}}
{"target": -1.1190568343338372, "params": {"k": 5.385831758135856, "min_k": 12.52303414668805, "min_support": 1.2990784528338875}, "datetime": {"datetime": "2021-06-18 07:42:03", "elapsed": 9500.463018, "delta": 380.738849}}
{"target": -1.0263514919564611, "params": {"k": 627.9166064132478, "min_k": 20.0, "min_support": 1.0}, "datetime": {"datetime": "2021-06-18 07:52:17", "elapsed": 10114.971429, "delta": 614.508411}}
{"target": -1.0276814872988493, "params": {"k": 106.03751620234215, "min_k": 20.0, "min_support": 1.0}, "datetime": {"datetime": "2021-06-18 07:59:45", "elapsed": 10562.148014, "delta": 447.176585}}
{"target": -1.0893007602284217, "params": {"k": 102.73315755077815, "min_k": 20.0, "min_support": 50.0}, "datetime": {"datetime": "2021-06-18 08:05:54", "elapsed": 10931.508939, "delta": 369.360925}}
{"target": -1.0254791719638434, "params": {"k": 180.1335672233939, "min_k": 20.0, "min_support": 1.0}, "datetime": {"datetime": "2021-06-18 08:13:54", "elapsed": 11412.039183, "delta": 480.530244}}
{"target": -1.0249948587745408, "params": {"k": 304.46898466953195, "min_k": 1.0, "min_support": 1.0}, "datetime": {"datetime": "2021-06-18 08:22:44", "elapsed": 11941.711142, "delta": 529.671959}}
{"target": -1.0250551834677164, "params": {"k": 341.9347568981964, "min_k": 20.0, "min_support": 1.0}, "datetime": {"datetime": "2021-06-18 08:31:45", "elapsed": 12482.89493, "delta": 541.183788}}
{"target": -1.0265802562144224, "params": {"k": 681.8055102848998, "min_k": 19.067479076580195, "min_support": 1.3967977404707825}, "datetime": {"datetime": "2021-06-18 08:42:16", "elapsed": 13113.20117, "delta": 630.30624}}
