{"target": -1.0597378736683374, "params": {"k": 302.7593944836532, "min_k": 19.063571821788408, "min_support": 36.86770314875885, "shrinkage": 119.73169683940732}, "datetime": {"datetime": "2021-06-20 17:55:07", "elapsed": 0.0, "delta": 0.0}}
{"target": -1.0511851615756487, "params": {"k": 129.03481915173703, "min_k": 3.96389588638785, "min_support": 3.8460969962417737, "shrinkage": 173.23522915498702}, "datetime": {"datetime": "2021-06-20 17:57:16", "elapsed": 128.575904, "delta": 128.575904}}
{"target": -1.0512878605686127, "params": {"k": 482.886434335851, "min_k": 14.453378978124864, "min_support": 2.00864022049432, "shrinkage": 193.98197043239887}, "datetime": {"datetime": "2021-06-20 17:59:21", "elapsed": 253.594057, "delta": 125.018153}}
{"target": -1.0524400710440336, "params": {"k": 666.7918994363353, "min_k": 5.034443102887247, "min_support": 9.90942339314793, "shrinkage": 36.68090197068676}, "datetime": {"datetime": "2021-06-20 18:01:25", "elapsed": 378.245806, "delta": 124.651749}}
{"target": -1.0546035976192494, "params": {"k": 246.87258315283248, "min_k": 10.97037220101252, "min_support": 22.165305913463673, "shrinkage": 58.245828039608384}, "datetime": {"datetime": "2021-06-20 18:03:30", "elapsed": 502.590165, "delta": 124.344359}}
{"target": -1.0529709443869575, "params": {"k": 491.4230513042917, "min_k": 3.6503833523887947, "min_support": 15.31508777822569, "shrinkage": 73.27236865873834}, "datetime": {"datetime": "2021-06-20 18:05:34", "elapsed": 627.192592, "delta": 124.602427}}
{"target": -1.0518357720184206, "params": {"k": 367.57563745254356, "min_k": 15.918343266467259, "min_support": 10.784015325759627, "shrinkage": 102.84688768272233}, "datetime": {"datetime": "2021-06-20 18:07:39", "elapsed": 752.338187, "delta": 125.145595}}
{"target": -1.0511810294941817, "params": {"k": 128.8475231117962, "min_k": 6.1206227093431735, "min_support": 5.893033399129256, "shrinkage": 173.02879628756062}, "datetime": {"datetime": "2021-06-20 18:09:47", "elapsed": 880.484063, "delta": 128.145876}}
{"target": -1.0515836949982629, "params": {"k": 422.14292272436455, "min_k": 17.641805748775123, "min_support": 5.730942259766738, "shrinkage": 144.85221498693258}, "datetime": {"datetime": "2021-06-20 18:11:52", "elapsed": 1004.935471, "delta": 124.451408}}
{"target": -1.0508820478739798, "params": {"k": 59.713354556712545, "min_k": 3.5741868215222254, "min_support": 3.113983152867529, "shrinkage": 155.39159778699187}, "datetime": {"datetime": "2021-06-20 18:13:58", "elapsed": 1130.780664, "delta": 125.845193}}
{"target": -1.0514419367763002, "params": {"k": 97.28028395599668, "min_k": 11.493204304756317, "min_support": 10.784202208897547, "shrinkage": 97.1347697495094}, "datetime": {"datetime": "2021-06-20 18:16:06", "elapsed": 1258.996443, "delta": 128.215779}}
{"target": -1.1190561741329774, "params": {"k": 8.314146641202163, "min_k": 14.610573783529407, "min_support": 49.09091056499694, "shrinkage": 116.47253527445787}, "datetime": {"datetime": "2021-06-20 18:17:59", "elapsed": 1371.60913, "delta": 112.612687}}
{"target": -1.0512738787067897, "params": {"k": 568.1524146379635, "min_k": 16.49472706969301, "min_support": 2.7503069502192936, "shrinkage": 142.94288626610313}, "datetime": {"datetime": "2021-06-20 18:20:04", "elapsed": 1496.566842, "delta": 124.957712}}
{"target": -1.065774079156972, "params": {"k": 582.696418192583, "min_k": 20.0, "min_support": 50.0, "shrinkage": 65.86734415247511}, "datetime": {"datetime": "2021-06-20 18:22:08", "elapsed": 1621.016326, "delta": 124.449484}}
{"target": -1.0513899740323032, "params": {"k": 172.86163300713557, "min_k": 14.850351063909256, "min_support": 2.0272701217152083, "shrinkage": 104.92726718846228}, "datetime": {"datetime": "2021-06-20 18:24:15", "elapsed": 1747.610539, "delta": 126.594213}}
{"target": -1.0519471729214183, "params": {"k": 151.2056070957047, "min_k": 13.952967709586439, "min_support": 1.7140677902538273, "shrinkage": 17.596244634880232}, "datetime": {"datetime": "2021-06-20 18:26:23", "elapsed": 1876.016637, "delta": 128.406098}}
{"target": -1.0518704791943296, "params": {"k": 401.2648236119828, "min_k": 4.753323397375727, "min_support": 3.6180686022620447, "shrinkage": 15.726794322150518}, "datetime": {"datetime": "2021-06-20 18:28:28", "elapsed": 2000.594207, "delta": 124.57757}}
{"target": -1.050926753931781, "params": {"k": 637.0535450141497, "min_k": 3.1898092556699296, "min_support": 4.927126434449654, "shrinkage": 194.12649081860738}, "datetime": {"datetime": "2021-06-20 18:30:32", "elapsed": 2124.884655, "delta": 124.290448}}
{"target": -1.0678199329714235, "params": {"k": 559.1986375062841, "min_k": 2.3921898709143363, "min_support": 50.0, "shrinkage": 200.0}, "datetime": {"datetime": "2021-06-20 18:32:37", "elapsed": 2249.749887, "delta": 124.865232}}
{"target": -1.065257140392048, "params": {"k": 422.3135370218009, "min_k": 20.0, "min_support": 50.0, "shrinkage": 71.84709104343342}, "datetime": {"datetime": "2021-06-20 18:34:41", "elapsed": 2374.007729, "delta": 124.257842}}
{"target": -1.0522718938457776, "params": {"k": 651.44770239545, "min_k": 19.32207232605217, "min_support": 2.7989610874851794, "shrinkage": 126.51461449722605}, "datetime": {"datetime": "2021-06-20 18:36:45", "elapsed": 2498.394011, "delta": 124.386282}}
{"target": -1.0512299832831193, "params": {"k": 710.7450876224736, "min_k": 12.257570199805082, "min_support": 10.779588234399915, "shrinkage": 188.16084384199368}, "datetime": {"datetime": "2021-06-20 18:38:51", "elapsed": 2623.803549, "delta": 125.409538}}
{"target": -1.051819773234658, "params": {"k": 729.0321965150385, "min_k": 4.3474303772754075, "min_support": 11.9855780434362, "shrinkage": 102.27401262963676}, "datetime": {"datetime": "2021-06-20 18:40:56", "elapsed": 2748.57974, "delta": 124.776191}}
{"target": -1.0526674162039193, "params": {"k": 747.4439398153045, "min_k": 1.742790829742122, "min_support": 9.000450336854135, "shrinkage": 17.92727891234933}, "datetime": {"datetime": "2021-06-20 18:43:01", "elapsed": 2873.997226, "delta": 125.417486}}
{"target": -1.0513619275597743, "params": {"k": 367.52102349354374, "min_k": 1.0, "min_support": 1.0, "shrinkage": 197.44828841288302}, "datetime": {"datetime": "2021-06-20 18:45:06", "elapsed": 2998.676009, "delta": 124.678783}}
{"target": -1.0513668676225456, "params": {"k": 795.1306281908512, "min_k": 2.3288951354997427, "min_support": 8.332579075174234, "shrinkage": 162.37544162471227}, "datetime": {"datetime": "2021-06-20 18:47:10", "elapsed": 3123.367571, "delta": 124.691562}}
{"target": -1.0616011164551997, "params": {"k": 795.7995793607789, "min_k": 18.907437513537932, "min_support": 41.288232496108236, "shrinkage": 93.75525672713883}, "datetime": {"datetime": "2021-06-20 18:49:15", "elapsed": 3247.699468, "delta": 124.331897}}
