{"target": -1.1039048349852814, "params": {"k": 302.7593944836532, "min_k": 19.063571821788408, "min_support": 36.86770314875885}, "datetime": {"datetime": "2021-06-20 17:17:01", "elapsed": 0.0, "delta": 0.0}}
{"target": -1.0954093589684155, "params": {"k": 480.9334949366441, "min_k": 3.964354168406294, "min_support": 8.64373149647393}, "datetime": {"datetime": "2021-06-20 17:19:14", "elapsed": 133.375154, "delta": 133.375154}}
{"target": -1.1306659369564573, "params": {"k": 51.176471673718574, "min_k": 17.457346769723767, "min_support": 30.45463557541723}, "datetime": {"datetime": "2021-06-20 17:21:22", "elapsed": 261.514518, "delta": 128.139364}}
{"target": -1.1116290706860261, "params": {"k": 567.9176993478561, "min_k": 1.3911053916202465, "min_support": 48.52558275593772}, "datetime": {"datetime": "2021-06-20 17:23:35", "elapsed": 394.445369, "delta": 132.930851}}
{"target": -1.0955725294347975, "params": {"k": 666.7918994363353, "min_k": 5.034443102887247, "min_support": 9.90942339314793}, "datetime": {"datetime": "2021-06-20 17:25:48", "elapsed": 527.587956, "delta": 133.142587}}
{"target": -1.100406403732388, "params": {"k": 150.8065853334799, "min_k": 6.780602616231217, "min_support": 26.713065149979656}, "datetime": {"datetime": "2021-06-20 17:28:03", "elapsed": 662.478554, "delta": 134.890598}}
{"target": -1.102040382141227, "params": {"k": 348.396289820482, "min_k": 6.533353663762797, "min_support": 30.980791841396595}, "datetime": {"datetime": "2021-06-20 17:30:18", "elapsed": 797.004161, "delta": 134.525607}}
{"target": -1.0960948824501344, "params": {"k": 441.65476074542596, "min_k": 6.187547117841328, "min_support": 12.980867369876837}, "datetime": {"datetime": "2021-06-20 17:32:30", "elapsed": 928.819882, "delta": 131.815721}}
{"target": -1.0961528201843094, "params": {"k": 441.05459404137844, "min_k": 4.502756707905365, "min_support": 12.37065023178499}, "datetime": {"datetime": "2021-06-20 17:34:41", "elapsed": 1059.785351, "delta": 130.965469}}
{"target": -1.094924207130061, "params": {"k": 759.937996300127, "min_k": 12.566143193412689, "min_support": 2.769344368699716}, "datetime": {"datetime": "2021-06-20 17:36:52", "elapsed": 1191.544016, "delta": 131.758665}}
{"target": -1.112624669677195, "params": {"k": 721.0503601517698, "min_k": 1.0, "min_support": 50.0}, "datetime": {"datetime": "2021-06-20 17:39:03", "elapsed": 1321.957184, "delta": 130.413168}}
{"target": -1.0950869209237613, "params": {"k": 799.4672412302566, "min_k": 19.535457677235833, "min_support": 5.372590533471567}, "datetime": {"datetime": "2021-06-20 17:41:13", "elapsed": 1452.525716, "delta": 130.568532}}
{"target": -1.0948365017947113, "params": {"k": 216.305440281152, "min_k": 4.911065711603062, "min_support": 1.6177154662223252}, "datetime": {"datetime": "2021-06-20 17:43:26", "elapsed": 1585.235017, "delta": 132.709301}}
{"target": -1.1085719793037523, "params": {"k": 212.70994052271607, "min_k": 20.0, "min_support": 50.0}, "datetime": {"datetime": "2021-06-20 17:45:38", "elapsed": 1717.234372, "delta": 131.999355}}
{"target": -1.1109694610291594, "params": {"k": 473.35570291014164, "min_k": 5.1089154183060925, "min_support": 49.9477027475439}, "datetime": {"datetime": "2021-06-20 17:47:48", "elapsed": 1847.521774, "delta": 130.287402}}
{"target": -1.109221664480918, "params": {"k": 795.0919779675231, "min_k": 19.4028228441688, "min_support": 49.65731653381492}, "datetime": {"datetime": "2021-06-20 17:49:59", "elapsed": 1978.315582, "delta": 130.793808}}
{"target": -1.0948991723832986, "params": {"k": 631.0604009083934, "min_k": 19.294311571697563, "min_support": 2.5557780169642808}, "datetime": {"datetime": "2021-06-20 17:52:10", "elapsed": 2108.935775, "delta": 130.620193}}
{"target": -1.0950048799622567, "params": {"k": 398.4346621064393, "min_k": 20.0, "min_support": 1.0}, "datetime": {"datetime": "2021-06-20 17:54:21", "elapsed": 2240.444362, "delta": 131.508587}}
{"target": -1.1096225164136595, "params": {"k": 641.8257198041324, "min_k": 20.0, "min_support": 50.0}, "datetime": {"datetime": "2021-06-20 17:56:31", "elapsed": 2370.504826, "delta": 130.060464}}
{"target": -1.0947418583411992, "params": {"k": 262.0708242683489, "min_k": 1.0, "min_support": 1.0}, "datetime": {"datetime": "2021-06-20 17:58:42", "elapsed": 2501.705358, "delta": 131.200532}}
{"target": -1.0948598477093323, "params": {"k": 525.3316252373745, "min_k": 20.0, "min_support": 1.0}, "datetime": {"datetime": "2021-06-20 18:00:55", "elapsed": 2634.621617, "delta": 132.916259}}
{"target": -1.0949688063308465, "params": {"k": 702.9501871269769, "min_k": 16.138699106484495, "min_support": 1.0039392442531478}, "datetime": {"datetime": "2021-06-20 18:03:08", "elapsed": 2767.723404, "delta": 133.101787}}
{"target": -1.095065743735711, "params": {"k": 465.07344075016215, "min_k": 20.0, "min_support": 1.0}, "datetime": {"datetime": "2021-06-20 18:05:21", "elapsed": 2900.312238, "delta": 132.588834}}
{"target": -1.094884944995907, "params": {"k": 583.0174286884227, "min_k": 1.0, "min_support": 1.0}, "datetime": {"datetime": "2021-06-20 18:07:32", "elapsed": 3030.971616, "delta": 130.659378}}
{"target": -1.0951319201310834, "params": {"k": 174.88894374715719, "min_k": 20.0, "min_support": 1.0}, "datetime": {"datetime": "2021-06-20 18:09:46", "elapsed": 3164.916342, "delta": 133.944726}}
{"target": -1.0948876444442308, "params": {"k": 789.8949648595132, "min_k": 1.1669369035556585, "min_support": 1.8146110477412067}, "datetime": {"datetime": "2021-06-20 18:11:57", "elapsed": 3296.117243, "delta": 131.200901}}
{"target": -1.0948798918377818, "params": {"k": 315.7711791987729, "min_k": 1.0, "min_support": 1.0}, "datetime": {"datetime": "2021-06-20 18:14:08", "elapsed": 3427.424792, "delta": 131.307549}}
