{"target": -1.0691728337574105, "params": {"k": 302.7593944836532, "min_k": 19.063571821788408, "min_support": 36.86770314875885}, "datetime": {"datetime": "2021-06-19 19:16:35", "elapsed": 0.0, "delta": 0.0}}
{"target": -1.0299471515577672, "params": {"k": 480.9334949366441, "min_k": 3.964354168406294, "min_support": 8.64373149647393}, "datetime": {"datetime": "2021-06-19 19:29:35", "elapsed": 779.965467, "delta": 779.965467}}
{"target": -1.0630040408709545, "params": {"k": 51.176471673718574, "min_k": 17.457346769723767, "min_support": 30.45463557541723}, "datetime": {"datetime": "2021-06-19 19:37:39", "elapsed": 1263.710863, "delta": 483.745396}}
{"target": -1.1215846879476512, "params": {"k": 567.9176993478561, "min_k": 1.3911053916202465, "min_support": 48.52558275593772}, "datetime": {"datetime": "2021-06-19 19:47:27", "elapsed": 1851.616052, "delta": 587.905189}}
{"target": -1.0307904276161928, "params": {"k": 666.7918994363353, "min_k": 5.034443102887247, "min_support": 9.90942339314793}, "datetime": {"datetime": "2021-06-19 20:01:27", "elapsed": 2692.05823, "delta": 840.442178}}
{"target": -1.0585856951563646, "params": {"k": 150.8065853334799, "min_k": 6.780602616231217, "min_support": 26.713065149979656}, "datetime": {"datetime": "2021-06-19 20:10:38", "elapsed": 3242.838786, "delta": 550.780556}}
{"target": -1.0650767040923719, "params": {"k": 348.396289820482, "min_k": 6.533353663762797, "min_support": 30.980791841396595}, "datetime": {"datetime": "2021-06-19 20:20:57", "elapsed": 3862.233252, "delta": 619.394466}}
{"target": -1.02656022417584, "params": {"k": 459.9412087390787, "min_k": 5.08505996527035, "min_support": 1.0}, "datetime": {"datetime": "2021-06-19 20:34:28", "elapsed": 4672.798805, "delta": 810.565553}}
{"target": -1.029005171060771, "params": {"k": 482.9344816879408, "min_k": 4.696565428439419, "min_support": 7.9558301783687195}, "datetime": {"datetime": "2021-06-19 20:47:43", "elapsed": 5467.531221, "delta": 794.732416}}
{"target": -1.026490656480021, "params": {"k": 723.0817060227413, "min_k": 10.503158812743324, "min_support": 1.4992727245140673}, "datetime": {"datetime": "2021-06-19 21:02:40", "elapsed": 6364.625943, "delta": 897.094722}}
{"target": -1.09912823648285, "params": {"k": 719.9102827935119, "min_k": 3.237415980141929, "min_support": 49.84480165037692}, "datetime": {"datetime": "2021-06-19 21:12:59", "elapsed": 6983.902736, "delta": 619.276793}}
{"target": -1.026684571198206, "params": {"k": 418.73380341237447, "min_k": 20.0, "min_support": 1.0}, "datetime": {"datetime": "2021-06-19 21:26:23", "elapsed": 7788.17421, "delta": 804.271474}}
{"target": -1.0873443614588507, "params": {"k": 432.53715148032865, "min_k": 20.0, "min_support": 49.415573024785665}, "datetime": {"datetime": "2021-06-19 21:35:51", "elapsed": 8356.054023, "delta": 567.879813}}
{"target": -1.0264907809283157, "params": {"k": 765.5064049641375, "min_k": 20.0, "min_support": 1.0}, "datetime": {"datetime": "2021-06-19 21:50:14", "elapsed": 9218.836402, "delta": 862.782379}}
{"target": -1.0289757236042238, "params": {"k": 799.5291498383191, "min_k": 4.685297351518074, "min_support": 7.483998465614534}, "datetime": {"datetime": "2021-06-19 22:04:49", "elapsed": 10093.985233, "delta": 875.148831}}
{"target": -1.0886354206409947, "params": {"k": 800.0, "min_k": 20.0, "min_support": 50.0}, "datetime": {"datetime": "2021-06-19 22:14:49", "elapsed": 10694.161739, "delta": 600.176506}}
{"target": -1.0280813891052418, "params": {"k": 220.31948474586432, "min_k": 19.13901215513572, "min_support": 1.1448360453015964}, "datetime": {"datetime": "2021-06-19 22:25:56", "elapsed": 11360.479833, "delta": 666.318094}}
{"target": -1.085907430677032, "params": {"k": 218.899719072765, "min_k": 20.0, "min_support": 48.87230528356131}, "datetime": {"datetime": "2021-06-19 22:34:06", "elapsed": 11850.417523, "delta": 489.93769}}
{"target": -1.0264086457961121, "params": {"k": 692.2801074251299, "min_k": 15.3074652414016, "min_support": 1.1832049879547812}, "datetime": {"datetime": "2021-06-19 22:48:32", "elapsed": 12716.980396, "delta": 866.562873}}
{"target": -1.027688077642478, "params": {"k": 255.4820056212215, "min_k": 1.0, "min_support": 1.0}, "datetime": {"datetime": "2021-06-19 23:00:01", "elapsed": 13405.715214, "delta": 688.734818}}
{"target": -1.139661178601785, "params": {"k": 5.0, "min_k": 1.0, "min_support": 1.0}, "datetime": {"datetime": "2021-06-19 23:08:44", "elapsed": 13928.449183, "delta": 522.733969}}
{"target": -1.1242370222871252, "params": {"k": 97.43293687919042, "min_k": 1.0, "min_support": 50.0}, "datetime": {"datetime": "2021-06-19 23:16:22", "elapsed": 14386.630364, "delta": 458.181181}}
{"target": -1.0264813143845575, "params": {"k": 629.9685358933046, "min_k": 20.0, "min_support": 1.0}, "datetime": {"datetime": "2021-06-19 23:30:18", "elapsed": 15222.928474, "delta": 836.29811}}
{"target": -1.0268758350925995, "params": {"k": 388.6280947021044, "min_k": 1.0, "min_support": 1.0}, "datetime": {"datetime": "2021-06-19 23:42:48", "elapsed": 15972.68293, "delta": 749.754456}}
{"target": -1.0287548187436009, "params": {"k": 186.97641836112777, "min_k": 1.0, "min_support": 1.0}, "datetime": {"datetime": "2021-06-19 23:53:48", "elapsed": 16632.616788, "delta": 659.933858}}
{"target": -1.0861638480619569, "params": {"k": 639.7383854331899, "min_k": 18.518769090946748, "min_support": 48.609485982151554}, "datetime": {"datetime": "2021-06-20 00:03:32", "elapsed": 17216.661386, "delta": 584.044598}}
{"target": -1.0265262718749804, "params": {"k": 526.6839304223919, "min_k": 20.0, "min_support": 1.0}, "datetime": {"datetime": "2021-06-20 00:16:58", "elapsed": 18022.688277, "delta": 806.026891}}
