{"target": -1.0675862006396026, "params": {"k": 302.7593944836532, "min_k": 19.063571821788408, "min_support": 36.86770314875885, "shrinkage": 119.73169683940732}, "datetime": {"datetime": "2021-06-19 19:35:14", "elapsed": 0.0, "delta": 0.0}}
{"target": -1.0239411030894554, "params": {"k": 129.03481915173703, "min_k": 3.96389588638785, "min_support": 3.8460969962417737, "shrinkage": 173.23522915498702}, "datetime": {"datetime": "2021-06-19 19:45:17", "elapsed": 603.194538, "delta": 603.194538}}
{"target": -1.0221137497769575, "params": {"k": 482.886434335851, "min_k": 14.453378978124864, "min_support": 2.00864022049432, "shrinkage": 193.98197043239887}, "datetime": {"datetime": "2021-06-19 19:58:29", "elapsed": 1395.415939, "delta": 792.221401}}
{"target": -1.0264043833925443, "params": {"k": 666.7918994363353, "min_k": 5.034443102887247, "min_support": 9.90942339314793, "shrinkage": 36.68090197068676}, "datetime": {"datetime": "2021-06-19 20:12:48", "elapsed": 2254.052986, "delta": 858.637047}}
{"target": -1.0458259859266876, "params": {"k": 246.87258315283248, "min_k": 10.97037220101252, "min_support": 22.165305913463673, "shrinkage": 58.245828039608384}, "datetime": {"datetime": "2021-06-19 20:23:11", "elapsed": 2876.944983, "delta": 622.891997}}
{"target": -1.0356294210766275, "params": {"k": 491.4230513042917, "min_k": 3.6503833523887947, "min_support": 15.31508777822569, "shrinkage": 73.27236865873834}, "datetime": {"datetime": "2021-06-19 20:35:24", "elapsed": 3609.874364, "delta": 732.929381}}
{"target": -1.0263817852470498, "params": {"k": 367.57563745254356, "min_k": 15.918343266467259, "min_support": 10.784015325759627, "shrinkage": 102.84688768272233}, "datetime": {"datetime": "2021-06-19 20:47:30", "elapsed": 4336.782071, "delta": 726.907707}}
{"target": -1.0240669649365068, "params": {"k": 128.8475231117962, "min_k": 6.1206227093431735, "min_support": 5.893033399129256, "shrinkage": 173.02879628756062}, "datetime": {"datetime": "2021-06-19 20:57:32", "elapsed": 4937.839463, "delta": 601.057392}}
{"target": -1.0222631142304415, "params": {"k": 426.11207935392076, "min_k": 18.175473329718706, "min_support": 1.0, "shrinkage": 147.93089296667225}, "datetime": {"datetime": "2021-06-19 21:10:36", "elapsed": 5722.11768, "delta": 784.278217}}
{"target": -1.1264202337794922, "params": {"k": 429.25058668154514, "min_k": 1.0, "min_support": 50.0, "shrinkage": 200.0}, "datetime": {"datetime": "2021-06-19 21:19:53", "elapsed": 6279.34058, "delta": 557.2229}}
{"target": -1.0223268494443842, "params": {"k": 479.6257337454844, "min_k": 20.0, "min_support": 1.0, "shrinkage": 142.44776305284182}, "datetime": {"datetime": "2021-06-19 21:33:16", "elapsed": 7082.202605, "delta": 802.862025}}
{"target": -1.022374710799627, "params": {"k": 426.2065196509083, "min_k": 20.0, "min_support": 1.0, "shrinkage": 94.6277517501981}, "datetime": {"datetime": "2021-06-19 21:45:50", "elapsed": 7836.347385, "delta": 754.14478}}
{"target": -1.022191351080391, "params": {"k": 542.1507951350608, "min_k": 20.0, "min_support": 1.0, "shrinkage": 182.21426275498774}, "datetime": {"datetime": "2021-06-19 21:58:51", "elapsed": 8616.938198, "delta": 780.590813}}
{"target": -1.02244493136176, "params": {"k": 606.2929197658723, "min_k": 11.079115645799368, "min_support": 4.563380410739317, "shrinkage": 104.680699339623}, "datetime": {"datetime": "2021-06-19 22:12:03", "elapsed": 9409.052704, "delta": 792.114506}}
{"target": -1.0641185330219785, "params": {"k": 675.7023064806959, "min_k": 9.949026453025681, "min_support": 32.32238383635884, "shrinkage": 121.06092181135605}, "datetime": {"datetime": "2021-06-19 22:22:32", "elapsed": 10038.579158, "delta": 629.526454}}
{"target": -1.0246719595978726, "params": {"k": 547.9544784824081, "min_k": 3.3237977666360434, "min_support": 8.48111853497523, "shrinkage": 124.16416530007166}, "datetime": {"datetime": "2021-06-19 22:35:12", "elapsed": 10798.614943, "delta": 760.035785}}
{"target": -1.0226818275504361, "params": {"k": 588.8641343876133, "min_k": 14.06594675240192, "min_support": 1.0, "shrinkage": 37.50817592079383}, "datetime": {"datetime": "2021-06-19 22:48:24", "elapsed": 11589.973707, "delta": 791.358764}}
{"target": -1.0313396697740462, "params": {"k": 52.7065820046454, "min_k": 2.0315800783746933, "min_support": 9.839957429429925, "shrinkage": 188.31790090010034}, "datetime": {"datetime": "2021-06-19 22:56:46", "elapsed": 12091.973809, "delta": 502.000102}}
{"target": -1.0917530477289272, "params": {"k": 619.5037612389434, "min_k": 5.137624641709543, "min_support": 48.46405407306112, "shrinkage": 7.461752760729867}, "datetime": {"datetime": "2021-06-19 23:06:14", "elapsed": 12660.07249, "delta": 568.098681}}
{"target": -1.0228532016045304, "params": {"k": 562.4371363667696, "min_k": 12.462737403616199, "min_support": 5.545772263220643, "shrinkage": 76.30400878169266}, "datetime": {"datetime": "2021-06-19 23:19:05", "elapsed": 13431.066914, "delta": 770.994424}}
{"target": -1.025507492501427, "params": {"k": 90.67742576896427, "min_k": 1.6336413788320765, "min_support": 1.0, "shrinkage": 113.65118883335911}, "datetime": {"datetime": "2021-06-19 23:28:19", "elapsed": 13985.201123, "delta": 554.134209}}
{"target": -1.0226989297963598, "params": {"k": 389.6101652879854, "min_k": 5.458945058194228, "min_support": 2.527561990593144, "shrinkage": 35.859908698267404}, "datetime": {"datetime": "2021-06-19 23:40:28", "elapsed": 14714.11085, "delta": 728.909727}}
{"target": -1.0875337328577779, "params": {"k": 416.24549387963935, "min_k": 18.15997045746304, "min_support": 49.398481553267345, "shrinkage": 52.200517859801685}, "datetime": {"datetime": "2021-06-19 23:49:17", "elapsed": 15243.571303, "delta": 529.460453}}
{"target": -1.0729621138720709, "params": {"k": 519.4658602885542, "min_k": 19.42556358448077, "min_support": 39.876941282590124, "shrinkage": 158.58859965674753}, "datetime": {"datetime": "2021-06-19 23:58:48", "elapsed": 15814.668867, "delta": 571.097564}}
{"target": -1.0221752965950912, "params": {"k": 451.0616394749925, "min_k": 1.0, "min_support": 1.0, "shrinkage": 120.68262651095573}, "datetime": {"datetime": "2021-06-20 00:11:18", "elapsed": 16564.520928, "delta": 749.852061}}
{"target": -1.022097977192711, "params": {"k": 586.7688793426527, "min_k": 5.203958815627411, "min_support": 1.0, "shrinkage": 155.55668071759925}, "datetime": {"datetime": "2021-06-20 00:24:33", "elapsed": 17359.263578, "delta": 794.74265}}
{"target": -1.023360277994627, "params": {"k": 148.7625870737055, "min_k": 1.0, "min_support": 1.0, "shrinkage": 120.45045734796072}, "datetime": {"datetime": "2021-06-20 00:34:22", "elapsed": 17948.38763, "delta": 589.124052}}
