{"target": -1.0670677762003984, "params": {"k": 302.7593944836532, "min_k": 19.063571821788408, "min_support": 36.86770314875885}, "datetime": {"datetime": "2021-06-17 16:38:57", "elapsed": 0.0, "delta": 0.0}}
{"target": -1.021391984184244, "params": {"k": 480.9334949366441, "min_k": 3.964354168406294, "min_support": 8.64373149647393}, "datetime": {"datetime": "2021-06-17 16:49:37", "elapsed": 639.435846, "delta": 639.435846}}
{"target": -1.0551003629229456, "params": {"k": 51.176471673718574, "min_k": 17.457346769723767, "min_support": 30.45463557541723}, "datetime": {"datetime": "2021-06-17 16:56:55", "elapsed": 1077.510173, "delta": 438.074327}}
{"target": -1.1212037306340865, "params": {"k": 567.9176993478561, "min_k": 1.3911053916202465, "min_support": 48.52558275593772}, "datetime": {"datetime": "2021-06-17 17:05:51", "elapsed": 1614.324427, "delta": 536.814254}}
{"target": -1.0243611998833622, "params": {"k": 666.7918994363353, "min_k": 5.034443102887247, "min_support": 9.90942339314793}, "datetime": {"datetime": "2021-06-17 17:17:43", "elapsed": 2325.663561, "delta": 711.339134}}
{"target": -1.0515304795761626, "params": {"k": 150.8065853334799, "min_k": 6.780602616231217, "min_support": 26.713065149979656}, "datetime": {"datetime": "2021-06-17 17:25:55", "elapsed": 2817.458385, "delta": 491.794824}}
{"target": -1.0624789974032798, "params": {"k": 348.396289820482, "min_k": 6.533353663762797, "min_support": 30.980791841396595}, "datetime": {"datetime": "2021-06-17 17:35:04", "elapsed": 3367.214515, "delta": 549.75613}}
{"target": -1.0171570857813461, "params": {"k": 464.8380738592846, "min_k": 20.0, "min_support": 1.0}, "datetime": {"datetime": "2021-06-17 17:46:04", "elapsed": 4026.780671, "delta": 659.566156}}
{"target": -1.0203710735102256, "params": {"k": 482.9344816879408, "min_k": 4.696565428439419, "min_support": 7.9558301783687195}, "datetime": {"datetime": "2021-06-17 17:57:11", "elapsed": 4693.64441, "delta": 666.863739}}
{"target": -1.0195225676267117, "params": {"k": 727.2011253913407, "min_k": 3.2357287578921703, "min_support": 1.331832897104013}, "datetime": {"datetime": "2021-06-17 18:09:24", "elapsed": 5426.823029, "delta": 733.178619}}
{"target": -1.086594408668454, "params": {"k": 717.317410583754, "min_k": 18.520789347825374, "min_support": 48.445786679357866}, "datetime": {"datetime": "2021-06-17 18:18:54", "elapsed": 5997.082612, "delta": 570.259583}}
{"target": -1.0200072659298995, "params": {"k": 782.1687422250252, "min_k": 2.021509403569338, "min_support": 1.1691612138065808}, "datetime": {"datetime": "2021-06-17 18:31:40", "elapsed": 6762.54418, "delta": 765.461568}}
{"target": -1.08850940990587, "params": {"k": 437.1278802962582, "min_k": 20.0, "min_support": 50.0}, "datetime": {"datetime": "2021-06-17 18:40:10", "elapsed": 7272.691735, "delta": 510.147555}}
{"target": -1.1120718092943336, "params": {"k": 800.0, "min_k": 1.0, "min_support": 43.77357993318157}, "datetime": {"datetime": "2021-06-17 18:49:54", "elapsed": 7857.294572, "delta": 584.602837}}
{"target": -1.0197618169268918, "params": {"k": 756.1161636672933, "min_k": 20.0, "min_support": 1.0}, "datetime": {"datetime": "2021-06-17 19:01:36", "elapsed": 8558.868479, "delta": 701.573907}}
{"target": -1.0158767444548586, "params": {"k": 218.33683444400728, "min_k": 20.0, "min_support": 1.0}, "datetime": {"datetime": "2021-06-17 19:10:43", "elapsed": 9106.004506, "delta": 547.136027}}
{"target": -1.0794349726031598, "params": {"k": 218.34689805319277, "min_k": 20.0, "min_support": 44.80946318713316}, "datetime": {"datetime": "2021-06-17 19:18:53", "elapsed": 9595.850499, "delta": 489.845993}}
{"target": -1.0158430557838796, "params": {"k": 246.35970617737902, "min_k": 1.0, "min_support": 1.0}, "datetime": {"datetime": "2021-06-17 19:28:34", "elapsed": 10177.191686, "delta": 581.341187}}
{"target": -1.0160153137196626, "params": {"k": 193.84189572860933, "min_k": 1.0, "min_support": 1.0}, "datetime": {"datetime": "2021-06-17 19:37:43", "elapsed": 10725.996433, "delta": 548.804747}}
{"target": -1.1182144876643372, "params": {"k": 5.0, "min_k": 1.0, "min_support": 1.0}, "datetime": {"datetime": "2021-06-17 19:44:50", "elapsed": 11152.427154, "delta": 426.430721}}
{"target": -1.0187020124148698, "params": {"k": 629.6129061367702, "min_k": 19.50972058363883, "min_support": 1.7942592293267108}, "datetime": {"datetime": "2021-06-17 19:57:07", "elapsed": 11889.832041, "delta": 737.404887}}
{"target": -1.0183540336451138, "params": {"k": 102.40176824472168, "min_k": 20.0, "min_support": 1.0}, "datetime": {"datetime": "2021-06-17 20:05:31", "elapsed": 12393.450354, "delta": 503.618313}}
{"target": -1.0865325500412166, "params": {"k": 99.36667004146072, "min_k": 20.0, "min_support": 50.0}, "datetime": {"datetime": "2021-06-17 20:12:57", "elapsed": 12839.9753, "delta": 446.524946}}
{"target": -1.0813734455026434, "params": {"k": 643.6346453510764, "min_k": 20.0, "min_support": 44.18304970688801}, "datetime": {"datetime": "2021-06-17 20:21:36", "elapsed": 13358.987775, "delta": 519.012475}}
{"target": -1.0192379844671051, "params": {"k": 689.2944293828734, "min_k": 19.430012348619584, "min_support": 1.4155540176094388}, "datetime": {"datetime": "2021-06-17 20:33:34", "elapsed": 14077.274182, "delta": 718.286407}}
{"target": -1.0166975453968075, "params": {"k": 409.19651453934694, "min_k": 1.0, "min_support": 1.0}, "datetime": {"datetime": "2021-06-17 20:44:19", "elapsed": 14721.754507, "delta": 644.480325}}
{"target": -1.0165761994304492, "params": {"k": 382.695089809918, "min_k": 20.0, "min_support": 1.0}, "datetime": {"datetime": "2021-06-17 20:54:56", "elapsed": 15359.228979, "delta": 637.474472}}
