{"target": -1.0023107891021954, "params": {"k": 302.7593944836532, "min_k": 19.063571821788408, "min_support": 36.86770314875885}, "datetime": {"datetime": "2021-06-17 16:15:33", "elapsed": 0.0, "delta": 0.0}}
{"target": -1.0006781353524687, "params": {"k": 480.9334949366441, "min_k": 3.964354168406294, "min_support": 8.64373149647393}, "datetime": {"datetime": "2021-06-17 16:17:57", "elapsed": 144.357095, "delta": 144.357095}}
{"target": -1.0049081023303106, "params": {"k": 51.176471673718574, "min_k": 17.457346769723767, "min_support": 30.45463557541723}, "datetime": {"datetime": "2021-06-17 16:20:09", "elapsed": 276.584941, "delta": 132.227846}}
{"target": -1.0040022920765366, "params": {"k": 567.9176993478561, "min_k": 1.3911053916202465, "min_support": 48.52558275593772}, "datetime": {"datetime": "2021-06-17 16:22:33", "elapsed": 420.461391, "delta": 143.87645}}
{"target": -1.0007603801669391, "params": {"k": 666.7918994363353, "min_k": 5.034443102887247, "min_support": 9.90942339314793}, "datetime": {"datetime": "2021-06-17 16:24:59", "elapsed": 565.694799, "delta": 145.233408}}
{"target": -1.001463066015209, "params": {"k": 150.8065853334799, "min_k": 6.780602616231217, "min_support": 26.713065149979656}, "datetime": {"datetime": "2021-06-17 16:27:21", "elapsed": 707.87189, "delta": 142.177091}}
{"target": -1.0019078407248128, "params": {"k": 348.396289820482, "min_k": 6.533353663762797, "min_support": 30.980791841396595}, "datetime": {"datetime": "2021-06-17 16:29:43", "elapsed": 850.06624, "delta": 142.19435}}
{"target": -1.0008018216971863, "params": {"k": 668.8043883250878, "min_k": 4.3747765696488425, "min_support": 8.799209189510908}, "datetime": {"datetime": "2021-06-17 16:32:11", "elapsed": 997.973506, "delta": 147.907266}}
{"target": -1.000681951713436, "params": {"k": 432.4757859081015, "min_k": 19.298699509162443, "min_support": 2.362688820509142}, "datetime": {"datetime": "2021-06-17 16:34:51", "elapsed": 1158.069046, "delta": 160.09554}}
{"target": -1.0038740724321484, "params": {"k": 438.10262185229493, "min_k": 1.6331525627045944, "min_support": 47.83706927558295}, "datetime": {"datetime": "2021-06-17 16:37:38", "elapsed": 1324.676621, "delta": 166.607575}}
{"target": -1.0029942790559283, "params": {"k": 681.4852267522551, "min_k": 19.98537311885877, "min_support": 45.016386512032824}, "datetime": {"datetime": "2021-06-17 16:40:31", "elapsed": 1498.546725, "delta": 173.870104}}
{"target": -1.0005953631915818, "params": {"k": 455.6857754933324, "min_k": 1.9772939348117906, "min_support": 1.0}, "datetime": {"datetime": "2021-06-17 16:43:13", "elapsed": 1660.243952, "delta": 161.697227}}
{"target": -1.0007828005080797, "params": {"k": 627.3224781316808, "min_k": 5.7436814832495235, "min_support": 1.429787309985901}, "datetime": {"datetime": "2021-06-17 16:46:08", "elapsed": 1834.976618, "delta": 174.732666}}
{"target": -1.000587358892378, "params": {"k": 212.69963257489843, "min_k": 2.054220386195539, "min_support": 3.2152323017900253}, "datetime": {"datetime": "2021-06-17 16:49:02", "elapsed": 2009.22609, "delta": 174.249472}}
{"target": -1.003244332001303, "params": {"k": 210.40353927416143, "min_k": 17.872386756916654, "min_support": 49.31097433776917}, "datetime": {"datetime": "2021-06-17 16:51:47", "elapsed": 2174.417905, "delta": 165.191815}}
{"target": -1.0003884774080454, "params": {"k": 250.44786217679467, "min_k": 1.4004392758349828, "min_support": 2.1240601463554136}, "datetime": {"datetime": "2021-06-17 16:54:34", "elapsed": 2341.585157, "delta": 167.167252}}
{"target": -1.0006393481890272, "params": {"k": 799.8790588204797, "min_k": 16.48238413051113, "min_support": 1.1950678313038263}, "datetime": {"datetime": "2021-06-17 16:57:11", "elapsed": 2498.118456, "delta": 156.533299}}
{"target": -1.0036641067401275, "params": {"k": 799.1507155337617, "min_k": 4.258570888374814, "min_support": 49.52160848254471}, "datetime": {"datetime": "2021-06-17 16:59:56", "elapsed": 2663.485296, "delta": 165.36684}}
{"target": -1.000676034939702, "params": {"k": 751.3183062596523, "min_k": 16.855588601948213, "min_support": 1.43892061546945}, "datetime": {"datetime": "2021-06-17 17:02:36", "elapsed": 2822.709157, "delta": 159.223861}}
{"target": -1.000535966317585, "params": {"k": 516.6975768977354, "min_k": 19.920859383807944, "min_support": 1.252063315468598}, "datetime": {"datetime": "2021-06-17 17:05:20", "elapsed": 2986.787992, "delta": 164.078835}}
{"target": -1.0005351905925306, "params": {"k": 392.25067804877466, "min_k": 15.92901254636816, "min_support": 1.7312680351322505}, "datetime": {"datetime": "2021-06-17 17:08:05", "elapsed": 3151.659338, "delta": 164.871346}}
{"target": -1.0007326941617463, "params": {"k": 183.10739115321698, "min_k": 17.447031816323076, "min_support": 1.1849009648831854}, "datetime": {"datetime": "2021-06-17 17:10:40", "elapsed": 3306.707686, "delta": 155.048348}}
{"target": -1.0006326295263317, "params": {"k": 235.3026503869679, "min_k": 20.0, "min_support": 1.0}, "datetime": {"datetime": "2021-06-17 17:13:31", "elapsed": 3478.089898, "delta": 171.382212}}
{"target": -1.0005594089688488, "params": {"k": 294.6728852892222, "min_k": 1.613286983940379, "min_support": 1.7983212821774535}, "datetime": {"datetime": "2021-06-17 17:16:15", "elapsed": 3642.148676, "delta": 164.058778}}
{"target": -1.000708525034384, "params": {"k": 340.27802264385156, "min_k": 17.687501103394265, "min_support": 1.1711999789638559}, "datetime": {"datetime": "2021-06-17 17:18:58", "elapsed": 3804.89752, "delta": 162.748844}}
{"target": -1.0006277427286914, "params": {"k": 478.6941625284658, "min_k": 20.0, "min_support": 1.0}, "datetime": {"datetime": "2021-06-17 17:21:44", "elapsed": 3971.593122, "delta": 166.695602}}
{"target": -1.0007551168408357, "params": {"k": 654.3125384015154, "min_k": 19.3396598383965, "min_support": 1.4960192318267898}, "datetime": {"datetime": "2021-06-17 17:24:20", "elapsed": 4127.314706, "delta": 155.721584}}
