{"target": -1.0358374667022257, "params": {"k": 302.7593944836532, "min_k": 19.063571821788408, "min_support": 36.86770314875885, "shrinkage": 119.73169683940732}, "datetime": {"datetime": "2021-06-08 19:44:14", "elapsed": 0.0, "delta": 0.0}}
{"target": -0.9996595714922245, "params": {"k": 129.03481915173703, "min_k": 3.96389588638785, "min_support": 3.8460969962417737, "shrinkage": 173.23522915498702}, "datetime": {"datetime": "2021-06-08 19:52:31", "elapsed": 497.308972, "delta": 497.308972}}
{"target": -0.9988235928146756, "params": {"k": 482.886434335851, "min_k": 14.453378978124864, "min_support": 2.00864022049432, "shrinkage": 193.98197043239887}, "datetime": {"datetime": "2021-06-08 20:03:17", "elapsed": 1143.353129, "delta": 646.044157}}
{"target": -1.0015446733826168, "params": {"k": 666.7918994363353, "min_k": 5.034443102887247, "min_support": 9.90942339314793, "shrinkage": 36.68090197068676}, "datetime": {"datetime": "2021-06-08 20:14:37", "elapsed": 1823.32129, "delta": 679.968161}}
{"target": -1.013415560076148, "params": {"k": 246.87258315283248, "min_k": 10.97037220101252, "min_support": 22.165305913463673, "shrinkage": 58.245828039608384}, "datetime": {"datetime": "2021-06-08 20:22:48", "elapsed": 2313.743639, "delta": 490.422349}}
{"target": -1.0063034919671212, "params": {"k": 491.4230513042917, "min_k": 3.6503833523887947, "min_support": 15.31508777822569, "shrinkage": 73.27236865873834}, "datetime": {"datetime": "2021-06-08 20:32:45", "elapsed": 2911.461887, "delta": 597.718248}}
{"target": -1.0009802645802321, "params": {"k": 367.57563745254356, "min_k": 15.918343266467259, "min_support": 10.784015325759627, "shrinkage": 102.84688768272233}, "datetime": {"datetime": "2021-06-08 20:42:29", "elapsed": 3495.494604, "delta": 584.032717}}
{"target": -0.9997850630610052, "params": {"k": 128.8475231117962, "min_k": 6.1206227093431735, "min_support": 5.893033399129256, "shrinkage": 173.02879628756062}, "datetime": {"datetime": "2021-06-08 20:50:41", "elapsed": 3986.978982, "delta": 491.484378}}
{"target": -0.9988637980693488, "params": {"k": 422.14292272436455, "min_k": 17.641805748775123, "min_support": 5.730942259766738, "shrinkage": 144.85221498693258}, "datetime": {"datetime": "2021-06-08 21:00:57", "elapsed": 4603.525292, "delta": 616.54631}}
{"target": -0.9992146144557348, "params": {"k": 406.34548141627795, "min_k": 19.5086706420981, "min_support": 1.0, "shrinkage": 50.49704489352526}, "datetime": {"datetime": "2021-06-08 21:11:17", "elapsed": 5222.845944, "delta": 619.320652}}
{"target": -1.0035488911811885, "params": {"k": 568.8988536136129, "min_k": 14.229337269102082, "min_support": 13.05997867410751, "shrinkage": 197.78636616479503}, "datetime": {"datetime": "2021-06-08 21:21:44", "elapsed": 5850.428172, "delta": 627.582228}}
{"target": -1.006300637288383, "params": {"k": 42.39250887020379, "min_k": 3.666789122470817, "min_support": 6.231634309500306, "shrinkage": 178.81779516438917}, "datetime": {"datetime": "2021-06-08 21:29:04", "elapsed": 6289.967506, "delta": 439.539334}}
{"target": -1.0509417021379792, "params": {"k": 415.7792481405439, "min_k": 5.584295868858618, "min_support": 45.96014079273024, "shrinkage": 92.12051561508827}, "datetime": {"datetime": "2021-06-08 21:36:46", "elapsed": 6752.100402, "delta": 462.132896}}
{"target": -0.9989234776578673, "params": {"k": 457.5516970504465, "min_k": 19.077529284825122, "min_support": 1.0790327137193239, "shrinkage": 165.8845113168484}, "datetime": {"datetime": "2021-06-08 21:47:16", "elapsed": 7382.309216, "delta": 630.208814}}
{"target": -1.000313779647375, "params": {"k": 423.87812997811864, "min_k": 18.037367027685463, "min_support": 9.694053163755356, "shrinkage": 191.37330769154343}, "datetime": {"datetime": "2021-06-08 21:57:24", "elapsed": 7990.091805, "delta": 607.782589}}
{"target": -1.0525611625863844, "params": {"k": 466.6731381896834, "min_k": 13.53458598352945, "min_support": 46.71538051610289, "shrinkage": 186.15586145486643}, "datetime": {"datetime": "2021-06-08 22:05:11", "elapsed": 8456.660701, "delta": 466.568896}}
{"target": -0.9986998841358556, "params": {"k": 407.27171292789177, "min_k": 1.667549776360264, "min_support": 4.864064156857792, "shrinkage": 169.42428709952767}, "datetime": {"datetime": "2021-06-08 22:15:23", "elapsed": 9068.857783, "delta": 612.197082}}
{"target": -0.9986302576513972, "params": {"k": 378.5138032171988, "min_k": 14.188038801166996, "min_support": 1.4457668370108578, "shrinkage": 147.5107572420257}, "datetime": {"datetime": "2021-06-08 22:25:29", "elapsed": 9674.940702, "delta": 606.082919}}
{"target": -1.0096486889557448, "params": {"k": 377.5376926090021, "min_k": 18.727380553595943, "min_support": 19.08686492903369, "shrinkage": 195.43293189224738}, "datetime": {"datetime": "2021-06-08 22:34:32", "elapsed": 10217.610438, "delta": 542.669736}}
{"target": -0.9992743628076871, "params": {"k": 363.68238798444185, "min_k": 15.072659830182495, "min_support": 2.1916964445857747, "shrinkage": 54.116207999113385}, "datetime": {"datetime": "2021-06-08 22:44:31", "elapsed": 10817.031533, "delta": 599.421095}}
{"target": -1.000810241215635, "params": {"k": 395.3836554557911, "min_k": 13.150039439284626, "min_support": 1.0559760822190691, "shrinkage": 4.768837023390482}, "datetime": {"datetime": "2021-06-08 22:54:42", "elapsed": 11427.716904, "delta": 610.685371}}
{"target": -1.000158849341577, "params": {"k": 445.43734314784194, "min_k": 20.0, "min_support": 1.0, "shrinkage": 12.165590314234882}, "datetime": {"datetime": "2021-06-08 23:05:07", "elapsed": 12052.981074, "delta": 625.26417}}
{"target": -0.998958543438062, "params": {"k": 521.8861973366243, "min_k": 15.748105139209196, "min_support": 1.0, "shrinkage": 161.47262510760982}, "datetime": {"datetime": "2021-06-08 23:15:56", "elapsed": 12702.090511, "delta": 649.109437}}
{"target": -0.9989723560968272, "params": {"k": 559.5590034167676, "min_k": 11.223793408814688, "min_support": 1.3140909684483717, "shrinkage": 124.60816649187414}, "datetime": {"datetime": "2021-06-08 23:26:54", "elapsed": 13360.240984, "delta": 658.150473}}
{"target": -0.9996360119378009, "params": {"k": 609.2308170307912, "min_k": 13.501430928260428, "min_support": 6.629441898224658, "shrinkage": 93.77032195153032}, "datetime": {"datetime": "2021-06-08 23:38:01", "elapsed": 14027.348262, "delta": 667.107278}}
{"target": -1.0425785988612368, "params": {"k": 592.8286891969062, "min_k": 17.41557574521101, "min_support": 40.8026475969204, "shrinkage": 138.28759777465396}, "datetime": {"datetime": "2021-06-08 23:46:18", "elapsed": 14524.268572, "delta": 496.92031}}
{"target": -0.998809613200917, "params": {"k": 519.4983969774754, "min_k": 3.2163846833386964, "min_support": 1.0, "shrinkage": 119.98369511390784}, "datetime": {"datetime": "2021-06-08 23:57:07", "elapsed": 15172.796307, "delta": 648.527735}}
