{"target": -1.0342085279030637, "params": {"k": 302.7593944836532, "min_k": 19.063571821788408, "min_support": 36.86770314875885}, "datetime": {"datetime": "2021-06-14 18:36:29", "elapsed": 0.0, "delta": 0.0}}
{"target": -1.0061387585816022, "params": {"k": 480.9334949366441, "min_k": 3.964354168406294, "min_support": 8.64373149647393}, "datetime": {"datetime": "2021-06-14 18:46:13", "elapsed": 583.676632, "delta": 583.676632}}
{"target": -1.0268748723885952, "params": {"k": 51.176471673718574, "min_k": 17.457346769723767, "min_support": 30.45463557541723}, "datetime": {"datetime": "2021-06-14 18:52:26", "elapsed": 957.469289, "delta": 373.792657}}
{"target": -1.0640639952859279, "params": {"k": 567.9176993478561, "min_k": 1.3911053916202465, "min_support": 48.52558275593772}, "datetime": {"datetime": "2021-06-14 19:00:13", "elapsed": 1423.894147, "delta": 466.424858}}
{"target": -1.006429614764396, "params": {"k": 666.7918994363353, "min_k": 5.034443102887247, "min_support": 9.90942339314793}, "datetime": {"datetime": "2021-06-14 19:11:01", "elapsed": 2071.956903, "delta": 648.062756}}
{"target": -1.0209475725198174, "params": {"k": 150.8065853334799, "min_k": 6.780602616231217, "min_support": 26.713065149979656}, "datetime": {"datetime": "2021-06-14 19:17:57", "elapsed": 2487.750423, "delta": 415.79352}}
{"target": -1.0262747571737374, "params": {"k": 348.396289820482, "min_k": 6.533353663762797, "min_support": 30.980791841396595}, "datetime": {"datetime": "2021-06-14 19:25:52", "elapsed": 2962.73303, "delta": 474.982607}}
{"target": -1.0059791007689012, "params": {"k": 668.8043883250878, "min_k": 4.3747765696488425, "min_support": 8.799209189510908}, "datetime": {"datetime": "2021-06-14 19:37:21", "elapsed": 3651.993059, "delta": 689.260029}}
{"target": -1.0055622407548803, "params": {"k": 433.58224561457405, "min_k": 20.0, "min_support": 1.0}, "datetime": {"datetime": "2021-06-14 19:47:41", "elapsed": 4272.209806, "delta": 620.216747}}
{"target": -1.0486183064428967, "params": {"k": 723.6060731366499, "min_k": 19.260764045911554, "min_support": 45.46233222311612}, "datetime": {"datetime": "2021-06-14 19:56:37", "elapsed": 4807.574704, "delta": 535.364898}}
{"target": -1.059485974073363, "params": {"k": 444.83488424492424, "min_k": 1.0, "min_support": 45.243781045988705}, "datetime": {"datetime": "2021-06-14 20:04:49", "elapsed": 5300.354444, "delta": 492.77974}}
{"target": -1.005323622255093, "params": {"k": 461.7181164957003, "min_k": 20.0, "min_support": 1.0}, "datetime": {"datetime": "2021-06-14 20:14:27", "elapsed": 5878.481645, "delta": 578.127201}}
{"target": -1.0051706837327639, "params": {"k": 506.8769308731414, "min_k": 20.0, "min_support": 1.0}, "datetime": {"datetime": "2021-06-14 20:24:02", "elapsed": 6453.201308, "delta": 574.719663}}
{"target": -1.005745196892172, "params": {"k": 391.4411361318195, "min_k": 20.0, "min_support": 1.0}, "datetime": {"datetime": "2021-06-14 20:32:49", "elapsed": 6979.698399, "delta": 526.497091}}
{"target": -1.0077957286077772, "params": {"k": 216.00268578553826, "min_k": 20.0, "min_support": 1.0}, "datetime": {"datetime": "2021-06-14 20:40:21", "elapsed": 7431.755023, "delta": 452.056624}}
{"target": -1.0541116022537569, "params": {"k": 215.20953601870616, "min_k": 4.4227145521302225, "min_support": 50.0}, "datetime": {"datetime": "2021-06-14 20:46:36", "elapsed": 7807.293784, "delta": 375.538761}}
{"target": -1.0044848082806546, "params": {"k": 800.0, "min_k": 1.0, "min_support": 1.0}, "datetime": {"datetime": "2021-06-14 20:57:23", "elapsed": 8454.179834, "delta": 646.88605}}
{"target": -1.0343753117207097, "params": {"k": 800.0, "min_k": 19.83521813546813, "min_support": 36.73604421318662}, "datetime": {"datetime": "2021-06-14 21:05:40", "elapsed": 8951.551285, "delta": 497.371451}}
{"target": -1.0046026748460648, "params": {"k": 766.2345055371393, "min_k": 1.0, "min_support": 1.0}, "datetime": {"datetime": "2021-06-14 21:16:12", "elapsed": 9582.625899, "delta": 631.074614}}
{"target": -1.0122622873632634, "params": {"k": 104.34217986170816, "min_k": 1.0, "min_support": 1.0}, "datetime": {"datetime": "2021-06-14 21:22:40", "elapsed": 9971.077748, "delta": 388.451849}}
{"target": -1.0566021045755492, "params": {"k": 106.6759553899439, "min_k": 20.0, "min_support": 50.0}, "datetime": {"datetime": "2021-06-14 21:28:35", "elapsed": 10326.475233, "delta": 355.397485}}
{"target": -1.00868814495009, "params": {"k": 179.46259559131414, "min_k": 20.0, "min_support": 1.0}, "datetime": {"datetime": "2021-06-14 21:35:42", "elapsed": 10753.483856, "delta": 427.008623}}
{"target": -1.080994462100755, "params": {"k": 7.87091538141619, "min_k": 3.3192470544117034, "min_support": 1.9213978934136513}, "datetime": {"datetime": "2021-06-14 21:41:15", "elapsed": 11085.826803, "delta": 332.342947}}
{"target": -1.0046326795249372, "params": {"k": 624.5668862546925, "min_k": 20.0, "min_support": 1.0}, "datetime": {"datetime": "2021-06-14 21:51:08", "elapsed": 11678.842992, "delta": 593.016189}}
{"target": -1.0069889982585305, "params": {"k": 258.95697626818844, "min_k": 1.0, "min_support": 1.0}, "datetime": {"datetime": "2021-06-14 21:58:58", "elapsed": 12149.265964, "delta": 470.422972}}
{"target": -1.0530726929970766, "params": {"k": 639.7383854331899, "min_k": 18.518769090946748, "min_support": 48.609485982151554}, "datetime": {"datetime": "2021-06-14 22:06:26", "elapsed": 12597.525113, "delta": 448.259149}}
{"target": -1.0045705243595908, "params": {"k": 639.7773275147216, "min_k": 1.0, "min_support": 1.0}, "datetime": {"datetime": "2021-06-14 22:16:28", "elapsed": 13199.502501, "delta": 601.977388}}
