{"target": -0.9939398822568091, "params": {"k": 302.7593944836532, "min_k": 19.063571821788408, "min_support": 36.86770314875885}, "datetime": {"datetime": "2021-06-19 18:01:57", "elapsed": 0.0, "delta": 0.0}}
{"target": -0.9924467279592919, "params": {"k": 480.9334949366441, "min_k": 3.964354168406294, "min_support": 8.64373149647393}, "datetime": {"datetime": "2021-06-19 18:05:09", "elapsed": 191.793792, "delta": 191.793792}}
{"target": -0.9936717973307656, "params": {"k": 51.176471673718574, "min_k": 17.457346769723767, "min_support": 30.45463557541723}, "datetime": {"datetime": "2021-06-19 18:08:09", "elapsed": 371.972329, "delta": 180.178537}}
{"target": -0.9961664205303439, "params": {"k": 567.9176993478561, "min_k": 1.3911053916202465, "min_support": 48.52558275593772}, "datetime": {"datetime": "2021-06-19 18:11:19", "elapsed": 561.997182, "delta": 190.024853}}
{"target": -0.9925225672632105, "params": {"k": 666.7918994363353, "min_k": 5.034443102887247, "min_support": 9.90942339314793}, "datetime": {"datetime": "2021-06-19 18:14:31", "elapsed": 754.164057, "delta": 192.166875}}
{"target": -0.9934152141888791, "params": {"k": 150.8065853334799, "min_k": 6.780602616231217, "min_support": 26.713065149979656}, "datetime": {"datetime": "2021-06-19 18:17:48", "elapsed": 951.3964, "delta": 197.232343}}
{"target": -0.9937947856081651, "params": {"k": 348.396289820482, "min_k": 6.533353663762797, "min_support": 30.980791841396595}, "datetime": {"datetime": "2021-06-19 18:20:59", "elapsed": 1141.724831, "delta": 190.328431}}
{"target": -0.9922887817927121, "params": {"k": 472.8908786834988, "min_k": 12.983296326876177, "min_support": 8.785250851193545}, "datetime": {"datetime": "2021-06-19 18:24:10", "elapsed": 1332.826424, "delta": 191.101593}}
{"target": -0.9925234945216378, "params": {"k": 474.52977417156484, "min_k": 12.82597241507355, "min_support": 9.262964430191985}, "datetime": {"datetime": "2021-06-19 18:27:22", "elapsed": 1524.84228, "delta": 192.015856}}
{"target": -0.9923504243506118, "params": {"k": 462.09869634377986, "min_k": 8.22044719188215, "min_support": 1.494929513208218}, "datetime": {"datetime": "2021-06-19 18:30:33", "elapsed": 1716.425523, "delta": 191.583243}}
{"target": -0.9929260043973029, "params": {"k": 461.03629963179424, "min_k": 10.100972292174268, "min_support": 18.636470428198034}, "datetime": {"datetime": "2021-06-19 18:33:45", "elapsed": 1908.362625, "delta": 191.937102}}
{"target": -0.9923439997145549, "params": {"k": 473.03287597981085, "min_k": 1.0, "min_support": 1.0}, "datetime": {"datetime": "2021-06-19 18:36:59", "elapsed": 2102.133362, "delta": 193.770737}}
{"target": -0.99321929811194, "params": {"k": 682.1328154167362, "min_k": 13.452232852194035, "min_support": 23.18634930655951}, "datetime": {"datetime": "2021-06-19 18:40:11", "elapsed": 2293.867278, "delta": 191.733916}}
{"target": -0.9922760707035568, "params": {"k": 464.4176422688998, "min_k": 19.891439861550147, "min_support": 4.65827808797206}, "datetime": {"datetime": "2021-06-19 18:43:26", "elapsed": 2489.114956, "delta": 195.247678}}
{"target": -0.9923408734176118, "params": {"k": 645.5447364679832, "min_k": 9.377641338790188, "min_support": 6.193741155566493}, "datetime": {"datetime": "2021-06-19 18:46:38", "elapsed": 2681.399998, "delta": 192.285042}}
{"target": -0.9934909562849903, "params": {"k": 650.1236371066599, "min_k": 2.635399208742785, "min_support": 27.020357868577555}, "datetime": {"datetime": "2021-06-19 18:49:50", "elapsed": 2872.650437, "delta": 191.250439}}
{"target": -0.9922461988810731, "params": {"k": 655.9914797126345, "min_k": 19.786505049364223, "min_support": 2.4814070600031526}, "datetime": {"datetime": "2021-06-19 18:53:01", "elapsed": 3063.968561, "delta": 191.318124}}
{"target": -0.9924571433365612, "params": {"k": 629.1018979637917, "min_k": 19.163730085588043, "min_support": 1.1926786904778781}, "datetime": {"datetime": "2021-06-19 18:56:14", "elapsed": 3256.765133, "delta": 192.796572}}
{"target": -0.9922052200534663, "params": {"k": 612.6054340082646, "min_k": 1.6899526872308752, "min_support": 4.461047271482495}, "datetime": {"datetime": "2021-06-19 18:59:27", "elapsed": 3450.130631, "delta": 193.365498}}
{"target": -0.9927306967338009, "params": {"k": 606.9448850611401, "min_k": 19.075729248188395, "min_support": 11.53315953595079}, "datetime": {"datetime": "2021-06-19 19:02:40", "elapsed": 3642.813271, "delta": 192.68264}}
{"target": -0.9924018539062001, "params": {"k": 593.8754237803064, "min_k": 1.9416192520780013, "min_support": 3.4947295597847923}, "datetime": {"datetime": "2021-06-19 19:05:53", "elapsed": 3835.550428, "delta": 192.737157}}
{"target": -0.9936832328209798, "params": {"k": 611.563869585076, "min_k": 1.3942948953639402, "min_support": 24.059453539157076}, "datetime": {"datetime": "2021-06-19 19:09:05", "elapsed": 4028.379147, "delta": 192.828719}}
{"target": -0.9924460954074273, "params": {"k": 509.8142576992956, "min_k": 1.8362800120805338, "min_support": 1.8520771545731254}, "datetime": {"datetime": "2021-06-19 19:12:23", "elapsed": 4226.107863, "delta": 197.728716}}
{"target": -0.9935825011645416, "params": {"k": 509.3291904898629, "min_k": 2.3088732090704127, "min_support": 24.567476950487354}, "datetime": {"datetime": "2021-06-19 19:15:43", "elapsed": 4426.264366, "delta": 200.156503}}
{"target": -0.9922988126553796, "params": {"k": 627.671401395939, "min_k": 1.0198841102068104, "min_support": 4.033999112946418}, "datetime": {"datetime": "2021-06-19 19:18:58", "elapsed": 4621.431062, "delta": 195.166696}}
{"target": -0.9922507920366437, "params": {"k": 578.1340763421957, "min_k": 18.15163959191235, "min_support": 1.253713436729758}, "datetime": {"datetime": "2021-06-19 19:22:14", "elapsed": 4816.490814, "delta": 195.059752}}
{"target": -0.9923034855108821, "params": {"k": 560.5661844521209, "min_k": 5.117759308272676, "min_support": 1.020947658022773}, "datetime": {"datetime": "2021-06-19 19:25:39", "elapsed": 5022.199473, "delta": 205.708659}}
