{"target": -1.0020298723631351, "params": {"k": 302.7593944836532, "min_k": 19.063571821788408, "min_support": 36.86770314875885}, "datetime": {"datetime": "2021-06-15 12:42:42", "elapsed": 0.0, "delta": 0.0}}
{"target": -1.000537008253075, "params": {"k": 480.9334949366441, "min_k": 3.964354168406294, "min_support": 8.64373149647393}, "datetime": {"datetime": "2021-06-15 12:45:02", "elapsed": 140.146262, "delta": 140.146262}}
{"target": -1.0023147058514792, "params": {"k": 51.176471673718574, "min_k": 17.457346769723767, "min_support": 30.45463557541723}, "datetime": {"datetime": "2021-06-15 12:47:15", "elapsed": 273.035685, "delta": 132.889423}}
{"target": -1.0032861798994763, "params": {"k": 567.9176993478561, "min_k": 1.3911053916202465, "min_support": 48.52558275593772}, "datetime": {"datetime": "2021-06-15 12:49:35", "elapsed": 413.703659, "delta": 140.667974}}
{"target": -1.0006370015881043, "params": {"k": 666.7918994363353, "min_k": 5.034443102887247, "min_support": 9.90942339314793}, "datetime": {"datetime": "2021-06-15 12:51:54", "elapsed": 552.144818, "delta": 138.441159}}
{"target": -1.0009895931292394, "params": {"k": 150.8065853334799, "min_k": 6.780602616231217, "min_support": 26.713065149979656}, "datetime": {"datetime": "2021-06-15 12:54:16", "elapsed": 694.074198, "delta": 141.92938}}
{"target": -1.0016311005525593, "params": {"k": 348.396289820482, "min_k": 6.533353663762797, "min_support": 30.980791841396595}, "datetime": {"datetime": "2021-06-15 12:56:37", "elapsed": 834.917126, "delta": 140.842928}}
{"target": -1.0006194620109818, "params": {"k": 668.8043883250878, "min_k": 4.3747765696488425, "min_support": 8.799209189510908}, "datetime": {"datetime": "2021-06-15 12:58:58", "elapsed": 976.226934, "delta": 141.309808}}
{"target": -1.0005930274773247, "params": {"k": 434.68190406064923, "min_k": 18.28025178661682, "min_support": 1.3187973261206238}, "datetime": {"datetime": "2021-06-15 13:01:18", "elapsed": 1116.315202, "delta": 140.088268}}
{"target": -1.0029363970383043, "params": {"k": 725.2305402442579, "min_k": 19.32686725882905, "min_support": 49.810034831372185}, "datetime": {"datetime": "2021-06-15 13:03:38", "elapsed": 1256.009124, "delta": 139.693922}}
{"target": -1.003004603699199, "params": {"k": 445.3085150673616, "min_k": 2.7178550370789725, "min_support": 46.164205454413484}, "datetime": {"datetime": "2021-06-15 13:05:56", "elapsed": 1394.32118, "delta": 138.312056}}
{"target": -1.0004673464266252, "params": {"k": 457.57751788722703, "min_k": 1.5398162528112487, "min_support": 1.0}, "datetime": {"datetime": "2021-06-15 13:08:19", "elapsed": 1536.85735, "delta": 142.53617}}
{"target": -1.000393885827271, "params": {"k": 196.608254213239, "min_k": 13.93818200092962, "min_support": 1.0543613874409528}, "datetime": {"datetime": "2021-06-15 13:10:41", "elapsed": 1679.329362, "delta": 142.472012}}
{"target": -1.0025482517755657, "params": {"k": 204.97713271944667, "min_k": 16.142375321855937, "min_support": 44.31200002257567}, "datetime": {"datetime": "2021-06-15 13:13:04", "elapsed": 1822.050519, "delta": 142.721157}}
{"target": -1.0005782418287956, "params": {"k": 169.3637267602812, "min_k": 20.0, "min_support": 1.0}, "datetime": {"datetime": "2021-06-15 13:15:26", "elapsed": 1964.227842, "delta": 142.177323}}
{"target": -0.9999854544979021, "params": {"k": 116.36505289638333, "min_k": 17.210298838693436, "min_support": 1.5364864865379446}, "datetime": {"datetime": "2021-06-15 13:17:48", "elapsed": 2106.624148, "delta": 142.396306}}
{"target": -1.0009255744087464, "params": {"k": 110.8215521590233, "min_k": 1.6031052673360229, "min_support": 26.476078299510203}, "datetime": {"datetime": "2021-06-15 13:20:09", "elapsed": 2246.760338, "delta": 140.13619}}
{"target": -1.000241486326756, "params": {"k": 132.39203210052588, "min_k": 1.7939315525594264, "min_support": 1.7056594694491838}, "datetime": {"datetime": "2021-06-15 13:22:31", "elapsed": 2389.08466, "delta": 142.324322}}
{"target": -1.0006705492115073, "params": {"k": 796.2303908299909, "min_k": 1.7113582321910128, "min_support": 1.361593459267407}, "datetime": {"datetime": "2021-06-15 13:24:52", "elapsed": 2529.904007, "delta": 140.819347}}
{"target": -1.0028338106739199, "params": {"k": 799.8520050014432, "min_k": 17.58721542982976, "min_support": 46.13094984408821}, "datetime": {"datetime": "2021-06-15 13:27:10", "elapsed": 2667.89288, "delta": 137.988873}}
{"target": -1.0004841186630244, "params": {"k": 248.0384587454278, "min_k": 1.8307544496099166, "min_support": 1.8774139246883272}, "datetime": {"datetime": "2021-06-15 13:29:30", "elapsed": 2808.42454, "delta": 140.53166}}
{"target": -1.0005173119688817, "params": {"k": 511.4946182574827, "min_k": 17.194874942545884, "min_support": 1.7548426144253262}, "datetime": {"datetime": "2021-06-15 13:31:51", "elapsed": 2948.929472, "delta": 140.504932}}
{"target": -1.0004815031961525, "params": {"k": 397.56831978259146, "min_k": 5.010475448359069, "min_support": 1.7229048377805911}, "datetime": {"datetime": "2021-06-15 13:34:12", "elapsed": 3090.276815, "delta": 141.347343}}
{"target": -1.0005040783594485, "params": {"k": 615.7970821285231, "min_k": 19.32847626813353, "min_support": 1.044432025318069}, "datetime": {"datetime": "2021-06-15 13:36:34", "elapsed": 3231.79849, "delta": 141.521675}}
{"target": -1.0456808485610214, "params": {"k": 5.0, "min_k": 2.223530437126386, "min_support": 1.0}, "datetime": {"datetime": "2021-06-15 13:38:31", "elapsed": 3349.475226, "delta": 117.676736}}
{"target": -1.002652235670656, "params": {"k": 79.21305260850565, "min_k": 20.0, "min_support": 50.0}, "datetime": {"datetime": "2021-06-15 13:40:49", "elapsed": 3487.673875, "delta": 138.198649}}
{"target": -1.0005518333620234, "params": {"k": 736.7162607745512, "min_k": 2.507087154411982, "min_support": 1.4086255961992125}, "datetime": {"datetime": "2021-06-15 13:43:12", "elapsed": 3629.751846, "delta": 142.077971}}
