{"target": -1.032520730534471, "params": {"k": 302.7593944836532, "min_k": 19.063571821788408, "min_support": 36.86770314875885}, "datetime": {"datetime": "2021-06-14 17:58:45", "elapsed": 0.0, "delta": 0.0}}
{"target": -1.0019462225943407, "params": {"k": 480.9334949366441, "min_k": 3.964354168406294, "min_support": 8.64373149647393}, "datetime": {"datetime": "2021-06-14 18:10:29", "elapsed": 704.188348, "delta": 704.188348}}
{"target": -1.0261282898769981, "params": {"k": 51.176471673718574, "min_k": 17.457346769723767, "min_support": 30.45463557541723}, "datetime": {"datetime": "2021-06-14 18:17:38", "elapsed": 1132.718908, "delta": 428.53056}}
{"target": -1.0655644460320972, "params": {"k": 567.9176993478561, "min_k": 1.3911053916202465, "min_support": 48.52558275593772}, "datetime": {"datetime": "2021-06-14 18:26:05", "elapsed": 1639.958191, "delta": 507.239283}}
{"target": -1.0024342599157658, "params": {"k": 666.7918994363353, "min_k": 5.034443102887247, "min_support": 9.90942339314793}, "datetime": {"datetime": "2021-06-14 18:38:45", "elapsed": 2399.8635, "delta": 759.905309}}
{"target": -1.0187135417268673, "params": {"k": 150.8065853334799, "min_k": 6.780602616231217, "min_support": 26.713065149979656}, "datetime": {"datetime": "2021-06-14 18:46:42", "elapsed": 2877.429049, "delta": 477.565549}}
{"target": -1.0236429365116881, "params": {"k": 348.396289820482, "min_k": 6.533353663762797, "min_support": 30.980791841396595}, "datetime": {"datetime": "2021-06-14 18:55:40", "elapsed": 3415.033389, "delta": 537.60434}}
{"target": -1.001870405282305, "params": {"k": 668.8043883250878, "min_k": 4.3747765696488425, "min_support": 8.799209189510908}, "datetime": {"datetime": "2021-06-14 19:08:24", "elapsed": 4178.662807, "delta": 763.629418}}
{"target": -1.001128995293757, "params": {"k": 434.14735933998617, "min_k": 20.0, "min_support": 1.0}, "datetime": {"datetime": "2021-06-14 19:20:13", "elapsed": 4887.874626, "delta": 709.211819}}
{"target": -1.0445604793445846, "params": {"k": 725.970470538629, "min_k": 18.765947188945315, "min_support": 43.33814410150634}, "datetime": {"datetime": "2021-06-14 19:29:22", "elapsed": 5437.214354, "delta": 549.339728}}
{"target": -1.06088647220162, "params": {"k": 444.22160138411925, "min_k": 1.0, "min_support": 45.00034942590389}, "datetime": {"datetime": "2021-06-14 19:37:43", "elapsed": 5938.389735, "delta": 501.175381}}
{"target": -1.001048464544358, "params": {"k": 461.9422226533771, "min_k": 20.0, "min_support": 1.0}, "datetime": {"datetime": "2021-06-14 19:49:42", "elapsed": 6657.534055, "delta": 719.14432}}
{"target": -1.0008216408109931, "params": {"k": 506.6715371154469, "min_k": 20.0, "min_support": 1.0}, "datetime": {"datetime": "2021-06-14 20:01:58", "elapsed": 7393.265171, "delta": 735.731116}}
{"target": -1.0012503342514374, "params": {"k": 391.8987243618402, "min_k": 20.0, "min_support": 1.0}, "datetime": {"datetime": "2021-06-14 20:13:25", "elapsed": 8079.803642, "delta": 686.538471}}
{"target": -1.0029239690840526, "params": {"k": 215.52415850640963, "min_k": 20.0, "min_support": 1.0}, "datetime": {"datetime": "2021-06-14 20:23:23", "elapsed": 8678.551944, "delta": 598.748302}}
{"target": -1.0541906471957767, "params": {"k": 216.44302237190598, "min_k": 3.487184005129717, "min_support": 49.081268459632675}, "datetime": {"datetime": "2021-06-14 20:30:53", "elapsed": 9128.433919, "delta": 449.881975}}
{"target": -1.0006898594126181, "params": {"k": 800.0, "min_k": 14.898532171605943, "min_support": 1.0}, "datetime": {"datetime": "2021-06-14 20:44:44", "elapsed": 9958.794381, "delta": 830.360462}}
{"target": -1.0398410512629503, "params": {"k": 799.4349688781067, "min_k": 8.44222012846509, "min_support": 41.66846568167629}, "datetime": {"datetime": "2021-06-14 20:54:07", "elapsed": 10522.503959, "delta": 563.709578}}
{"target": -1.003919686138031, "params": {"k": 181.7670545967238, "min_k": 20.0, "min_support": 1.0}, "datetime": {"datetime": "2021-06-14 21:03:58", "elapsed": 11113.259575, "delta": 590.755616}}
{"target": -1.0073409110322236, "params": {"k": 104.70358612287384, "min_k": 1.0, "min_support": 1.0}, "datetime": {"datetime": "2021-06-14 21:12:52", "elapsed": 11646.684844, "delta": 533.425269}}
{"target": -1.066827202150323, "params": {"k": 101.16694974290868, "min_k": 1.552492911366326, "min_support": 49.261647361144746}, "datetime": {"datetime": "2021-06-14 21:19:56", "elapsed": 12071.379246, "delta": 424.694402}}
{"target": -1.0943264733151057, "params": {"k": 6.435030537646812, "min_k": 6.137897149825696, "min_support": 1.657197951711714}, "datetime": {"datetime": "2021-06-14 21:27:44", "elapsed": 12539.434593, "delta": 468.055347}}
{"target": -1.0005339073369388, "params": {"k": 765.4765056164463, "min_k": 1.0, "min_support": 1.0}, "datetime": {"datetime": "2021-06-14 21:41:30", "elapsed": 13365.166706, "delta": 825.732113}}
{"target": -1.000606796507244, "params": {"k": 716.7278403736638, "min_k": 1.0, "min_support": 1.0}, "datetime": {"datetime": "2021-06-14 21:55:07", "elapsed": 14182.182094, "delta": 817.015388}}
{"target": -1.0022681697480114, "params": {"k": 260.09501417266694, "min_k": 1.0, "min_support": 1.0}, "datetime": {"datetime": "2021-06-14 22:05:41", "elapsed": 14816.01857, "delta": 633.836476}}
{"target": -1.0007783405211559, "params": {"k": 628.0981079860455, "min_k": 17.560732613330696, "min_support": 1.2964174588126274}, "datetime": {"datetime": "2021-06-14 22:18:46", "elapsed": 15600.97925, "delta": 784.96068}}
{"target": -1.0544201157193878, "params": {"k": 642.4271666293355, "min_k": 18.084415612308923, "min_support": 49.514141583803244}, "datetime": {"datetime": "2021-06-14 22:27:28", "elapsed": 16122.631467, "delta": 521.652217}}
