{"target": -0.9929445043625998, "params": {"k": 302.7593944836532, "min_k": 19.063571821788408, "min_support": 36.86770314875885, "shrinkage": 119.73169683940732}, "datetime": {"datetime": "2021-05-28 14:03:37", "elapsed": 0.0, "delta": 0.0}}
{"target": -0.9906182041224542, "params": {"k": 129.03481915173703, "min_k": 3.96389588638785, "min_support": 3.8460969962417737, "shrinkage": 173.23522915498702}, "datetime": {"datetime": "2021-05-28 14:11:50", "elapsed": 492.606473, "delta": 492.606473}}
{"target": -0.990634689683463, "params": {"k": 482.886434335851, "min_k": 14.453378978124864, "min_support": 2.00864022049432, "shrinkage": 193.98197043239887}, "datetime": {"datetime": "2021-05-28 14:19:32", "elapsed": 954.687104, "delta": 462.080631}}
{"target": -0.9914606513128978, "params": {"k": 666.7918994363353, "min_k": 5.034443102887247, "min_support": 9.90942339314793, "shrinkage": 36.68090197068676}, "datetime": {"datetime": "2021-05-28 14:27:14", "elapsed": 1417.291817, "delta": 462.604713}}
{"target": -0.9916332017196092, "params": {"k": 246.87258315283248, "min_k": 10.97037220101252, "min_support": 22.165305913463673, "shrinkage": 58.245828039608384}, "datetime": {"datetime": "2021-05-28 14:35:00", "elapsed": 1883.152385, "delta": 465.860568}}
{"target": -0.9913515640175851, "params": {"k": 491.4230513042917, "min_k": 3.6503833523887947, "min_support": 15.31508777822569, "shrinkage": 73.27236865873834}, "datetime": {"datetime": "2021-05-28 14:42:41", "elapsed": 2343.988094, "delta": 460.835709}}
{"target": -0.9910224515816211, "params": {"k": 367.57563745254356, "min_k": 15.918343266467259, "min_support": 10.784015325759627, "shrinkage": 102.84688768272233}, "datetime": {"datetime": "2021-05-28 14:50:14", "elapsed": 2797.526313, "delta": 453.538219}}
{"target": -0.9905611256933617, "params": {"k": 128.8475231117962, "min_k": 6.1206227093431735, "min_support": 5.893033399129256, "shrinkage": 173.02879628756062}, "datetime": {"datetime": "2021-05-28 14:58:24", "elapsed": 3286.632165, "delta": 489.105852}}
{"target": -0.993586446903819, "params": {"k": 100.39695448610244, "min_k": 18.46162618725555, "min_support": 45.0467413015108, "shrinkage": 180.05219801382262}, "datetime": {"datetime": "2021-05-28 15:06:26", "elapsed": 3769.091261, "delta": 482.459096}}
{"target": -0.9910066069116542, "params": {"k": 155.3623896684699, "min_k": 17.600142531820335, "min_support": 4.8126973018120776, "shrinkage": 167.90982028558793}, "datetime": {"datetime": "2021-05-28 15:14:32", "elapsed": 4255.481087, "delta": 486.389826}}
{"target": -0.9912601858588376, "params": {"k": 484.4959288718941, "min_k": 15.903548329065464, "min_support": 15.120621701001296, "shrinkage": 165.97874686224418}, "datetime": {"datetime": "2021-05-28 15:22:07", "elapsed": 4710.485305, "delta": 455.004218}}
{"target": -0.9906486237354525, "params": {"k": 125.14021649902766, "min_k": 11.449313462523275, "min_support": 4.163067482064214, "shrinkage": 140.29806510684355}, "datetime": {"datetime": "2021-05-28 15:30:18", "elapsed": 5201.212502, "delta": 490.727197}}
{"target": -0.9920432287575854, "params": {"k": 150.60439245451033, "min_k": 1.4285403457531851, "min_support": 26.928324181014933, "shrinkage": 132.80815108378613}, "datetime": {"datetime": "2021-05-28 15:38:19", "elapsed": 5681.73481, "delta": 480.522308}}
{"target": -0.990550405253618, "params": {"k": 452.5323816272234, "min_k": 6.726429706754547, "min_support": 8.558351043832399, "shrinkage": 196.27253968396806}, "datetime": {"datetime": "2021-05-28 15:45:56", "elapsed": 6139.402063, "delta": 457.667253}}
{"target": -0.9924216759094646, "params": {"k": 482.05158780760183, "min_k": 1.0460739000599237, "min_support": 29.277316700712547, "shrinkage": 199.95301074712634}, "datetime": {"datetime": "2021-05-28 15:53:29", "elapsed": 6592.317813, "delta": 452.91575}}
{"target": -0.9908934673095817, "params": {"k": 447.74751396558844, "min_k": 17.812634525346894, "min_support": 2.2022258435433946, "shrinkage": 175.6605529515516}, "datetime": {"datetime": "2021-05-28 16:01:09", "elapsed": 7052.489623, "delta": 460.17181}}
{"target": -0.9907134819370977, "params": {"k": 419.72135979464366, "min_k": 15.80736321196268, "min_support": 4.335256211619413, "shrinkage": 199.41692416990347}, "datetime": {"datetime": "2021-05-28 16:08:51", "elapsed": 7513.888646, "delta": 461.399023}}
{"target": -0.9919967893030606, "params": {"k": 430.45342923456036, "min_k": 10.064970628552699, "min_support": 29.572593420790078, "shrinkage": 188.22994379219398}, "datetime": {"datetime": "2021-05-28 16:16:25", "elapsed": 7967.838726, "delta": 453.95008}}
{"target": -0.9911438559474952, "params": {"k": 131.83026012053773, "min_k": 18.825803169513264, "min_support": 1.8848881128080022, "shrinkage": 156.8802774754216}, "datetime": {"datetime": "2021-05-28 16:24:33", "elapsed": 8455.678535, "delta": 487.839809}}
{"target": -0.9904787428379199, "params": {"k": 139.46261378039046, "min_k": 7.441115472369834, "min_support": 9.40456201761087, "shrinkage": 195.3216435732557}, "datetime": {"datetime": "2021-05-28 16:32:41", "elapsed": 8944.304954, "delta": 488.626419}}
{"target": -0.9906242508255116, "params": {"k": 168.20094856031827, "min_k": 6.076747837281087, "min_support": 5.2110709299527915, "shrinkage": 199.7053562480886}, "datetime": {"datetime": "2021-05-28 16:40:46", "elapsed": 9429.231397, "delta": 484.926443}}
{"target": -0.9920400113128492, "params": {"k": 159.2539631217684, "min_k": 2.31444961016096, "min_support": 28.63193343319, "shrinkage": 185.2786953382981}, "datetime": {"datetime": "2021-05-28 16:48:46", "elapsed": 9908.723784, "delta": 479.492387}}
{"target": -0.991061247666571, "params": {"k": 156.73887812543992, "min_k": 19.96838722340625, "min_support": 1.3711148262641524, "shrinkage": 194.8196571147006}, "datetime": {"datetime": "2021-05-28 16:56:40", "elapsed": 10383.252329, "delta": 474.528545}}
{"target": -0.9907737544459655, "params": {"k": 117.08531410826421, "min_k": 3.1661588751772127, "min_support": 5.831339366641608, "shrinkage": 193.00353493733783}, "datetime": {"datetime": "2021-05-28 17:04:49", "elapsed": 10871.728455, "delta": 488.476126}}
{"target": -0.9907634458537895, "params": {"k": 113.53442666698534, "min_k": 6.5074382807412645, "min_support": 2.485022405584612, "shrinkage": 120.02601475652004}, "datetime": {"datetime": "2021-05-28 17:12:56", "elapsed": 11358.71353, "delta": 486.985075}}
{"target": -0.9905979802284236, "params": {"k": 97.98883179906713, "min_k": 14.466871992255593, "min_support": 3.430313625634925, "shrinkage": 144.12635251167353}, "datetime": {"datetime": "2021-05-28 17:21:03", "elapsed": 11846.06998, "delta": 487.35645}}
{"target": -0.9905567339437253, "params": {"k": 73.70485279635433, "min_k": 7.453691617878331, "min_support": 2.147177039641295, "shrinkage": 122.5678780796679}, "datetime": {"datetime": "2021-05-28 17:28:59", "elapsed": 12321.653765, "delta": 475.583785}}
