{"target": -1.0345017919155057, "params": {"k": 302.7593944836532, "min_k": 19.063571821788408, "min_support": 36.86770314875885, "shrinkage": 119.73169683940732}, "datetime": {"datetime": "2021-06-08 00:24:50", "elapsed": 0.0, "delta": 0.0}}
{"target": -0.9979417243590298, "params": {"k": 129.03481915173703, "min_k": 3.96389588638785, "min_support": 3.8460969962417737, "shrinkage": 173.23522915498702}, "datetime": {"datetime": "2021-06-08 00:32:58", "elapsed": 488.024695, "delta": 488.024695}}
{"target": -0.9972697103419128, "params": {"k": 482.886434335851, "min_k": 14.453378978124864, "min_support": 2.00864022049432, "shrinkage": 193.98197043239887}, "datetime": {"datetime": "2021-06-08 00:43:43", "elapsed": 1132.781183, "delta": 644.756488}}
{"target": -0.9995645417874254, "params": {"k": 666.7918994363353, "min_k": 5.034443102887247, "min_support": 9.90942339314793, "shrinkage": 36.68090197068676}, "datetime": {"datetime": "2021-06-08 00:55:02", "elapsed": 1811.519707, "delta": 678.738524}}
{"target": -1.0110403094789426, "params": {"k": 246.87258315283248, "min_k": 10.97037220101252, "min_support": 22.165305913463673, "shrinkage": 58.245828039608384}, "datetime": {"datetime": "2021-06-08 01:03:08", "elapsed": 2297.52273, "delta": 486.003023}}
{"target": -1.0041222908144818, "params": {"k": 491.4230513042917, "min_k": 3.6503833523887947, "min_support": 15.31508777822569, "shrinkage": 73.27236865873834}, "datetime": {"datetime": "2021-06-08 01:13:07", "elapsed": 2897.134271, "delta": 599.611541}}
{"target": -0.9990908344528739, "params": {"k": 367.57563745254356, "min_k": 15.918343266467259, "min_support": 10.784015325759627, "shrinkage": 102.84688768272233}, "datetime": {"datetime": "2021-06-08 01:22:55", "elapsed": 3484.755756, "delta": 587.621485}}
{"target": -0.9977841624618582, "params": {"k": 128.8475231117962, "min_k": 6.1206227093431735, "min_support": 5.893033399129256, "shrinkage": 173.02879628756062}, "datetime": {"datetime": "2021-06-08 01:31:00", "elapsed": 3970.05123, "delta": 485.295474}}
{"target": -0.9972621298767071, "params": {"k": 420.37290564449467, "min_k": 19.17265640891335, "min_support": 3.4907814344985244, "shrinkage": 141.77612814463026}, "datetime": {"datetime": "2021-06-08 01:41:30", "elapsed": 4599.919323, "delta": 629.868093}}
{"target": -0.9975837002256192, "params": {"k": 407.9347142440704, "min_k": 3.4501288615662107, "min_support": 1.0, "shrinkage": 58.18122619166597}, "datetime": {"datetime": "2021-06-08 01:51:48", "elapsed": 5218.018459, "delta": 618.099136}}
{"target": -1.016330546055843, "params": {"k": 49.21841288966994, "min_k": 19.305954499110534, "min_support": 24.037633987155147, "shrinkage": 199.44225514407356}, "datetime": {"datetime": "2021-06-08 01:58:24", "elapsed": 5614.272714, "delta": 396.254255}}
{"target": -1.0588423657456025, "params": {"k": 421.46153811123634, "min_k": 19.496658286755576, "min_support": 49.06541904931424, "shrinkage": 100.92908025162734}, "datetime": {"datetime": "2021-06-08 02:05:49", "elapsed": 6059.337185, "delta": 445.064471}}
{"target": -0.9973032567433748, "params": {"k": 452.17074104138237, "min_k": 19.061551340243945, "min_support": 4.038532705569599, "shrinkage": 171.65003960205135}, "datetime": {"datetime": "2021-06-08 02:16:18", "elapsed": 6688.438877, "delta": 629.101692}}
{"target": -0.9971492011976382, "params": {"k": 406.3435828257881, "min_k": 10.622960337387278, "min_support": 1.0, "shrinkage": 179.64632317533926}, "datetime": {"datetime": "2021-06-08 02:26:36", "elapsed": 7306.003092, "delta": 617.564215}}
{"target": -1.0463803524292836, "params": {"k": 447.5844929445315, "min_k": 2.7221779122065293, "min_support": 40.9831546871248, "shrinkage": 199.77640162571834}, "datetime": {"datetime": "2021-06-08 02:34:23", "elapsed": 7773.252263, "delta": 467.249171}}
{"target": -0.9974061259888704, "params": {"k": 486.87071853566937, "min_k": 20.0, "min_support": 1.0, "shrinkage": 156.50664114580923}, "datetime": {"datetime": "2021-06-08 02:45:10", "elapsed": 8420.177274, "delta": 646.925011}}
{"target": -0.9976394437996519, "params": {"k": 376.1528648860405, "min_k": 3.20810288961566, "min_support": 7.894471920930951, "shrinkage": 146.6433948140563}, "datetime": {"datetime": "2021-06-08 02:55:11", "elapsed": 9021.074669, "delta": 600.897395}}
{"target": -0.997634929986438, "params": {"k": 364.892491831253, "min_k": 4.2652936373772725, "min_support": 2.5403683591719357, "shrinkage": 43.99003990024251}, "datetime": {"datetime": "2021-06-08 03:05:13", "elapsed": 9622.840743, "delta": 601.766074}}
{"target": -1.0004300948663916, "params": {"k": 409.5244041361208, "min_k": 4.3488482228394005, "min_support": 5.094767905467501, "shrinkage": 1.7057294457162087}, "datetime": {"datetime": "2021-06-08 03:15:34", "elapsed": 10243.551702, "delta": 620.710959}}
{"target": -0.9974946188255716, "params": {"k": 538.690449868969, "min_k": 14.542072798248405, "min_support": 4.154422387023369, "shrinkage": 183.9115828091397}, "datetime": {"datetime": "2021-06-08 03:26:34", "elapsed": 10904.156991, "delta": 660.605289}}
{"target": -0.997443271089128, "params": {"k": 544.1952009778133, "min_k": 3.5168084692672976, "min_support": 1.1494188460648789, "shrinkage": 130.77104152167774}, "datetime": {"datetime": "2021-06-08 03:37:42", "elapsed": 11572.262039, "delta": 668.105048}}
{"target": -1.0461292799274762, "params": {"k": 567.211361902878, "min_k": 20.0, "min_support": 42.428140747818276, "shrinkage": 150.41527310968524}, "datetime": {"datetime": "2021-06-08 03:45:44", "elapsed": 12054.159987, "delta": 481.897948}}
{"target": -0.9973971797859777, "params": {"k": 502.1399064435775, "min_k": 3.6642424818507484, "min_support": 2.0016185745995485, "shrinkage": 117.7957487988605}, "datetime": {"datetime": "2021-06-08 03:56:41", "elapsed": 12710.499101, "delta": 656.339114}}
{"target": -0.9975571745399195, "params": {"k": 546.4649103317373, "min_k": 1.0, "min_support": 1.0, "shrinkage": 78.86312562971588}, "datetime": {"datetime": "2021-06-08 04:07:52", "elapsed": 13382.244877, "delta": 671.745776}}
{"target": -0.9980140371974716, "params": {"k": 597.7560827660619, "min_k": 3.162310084820982, "min_support": 3.8141636940645, "shrinkage": 40.21173083303391}, "datetime": {"datetime": "2021-06-08 04:19:16", "elapsed": 14066.219415, "delta": 683.974538}}
{"target": -1.0003872775769338, "params": {"k": 546.1083066646396, "min_k": 1.0, "min_support": 9.544657204043016, "shrinkage": 15.855947135151213}, "datetime": {"datetime": "2021-06-08 04:30:08", "elapsed": 14717.774698, "delta": 651.555283}}
{"target": -1.0584081181804037, "params": {"k": 616.7640347513749, "min_k": 3.3993570460900138, "min_support": 49.15049792045962, "shrinkage": 7.024478412099233}, "datetime": {"datetime": "2021-06-08 04:38:04", "elapsed": 15193.50339, "delta": 475.728692}}
