{"target": -0.9930122827913463, "params": {"k": 302.7593944836532, "min_k": 19.063571821788408, "min_support": 36.86770314875885, "shrinkage": 119.73169683940732}, "datetime": {"datetime": "2021-06-07 17:18:48", "elapsed": 0.0, "delta": 0.0}}
{"target": -0.9903229428420353, "params": {"k": 129.03481915173703, "min_k": 3.96389588638785, "min_support": 3.8460969962417737, "shrinkage": 173.23522915498702}, "datetime": {"datetime": "2021-06-07 17:21:04", "elapsed": 135.279659, "delta": 135.279659}}
{"target": -0.9903000875398101, "params": {"k": 482.886434335851, "min_k": 14.453378978124864, "min_support": 2.00864022049432, "shrinkage": 193.98197043239887}, "datetime": {"datetime": "2021-06-07 17:23:12", "elapsed": 263.955237, "delta": 128.675578}}
{"target": -0.9914654180531087, "params": {"k": 666.7918994363353, "min_k": 5.034443102887247, "min_support": 9.90942339314793, "shrinkage": 36.68090197068676}, "datetime": {"datetime": "2021-06-07 17:25:28", "elapsed": 399.362322, "delta": 135.407085}}
{"target": -0.9917996742531769, "params": {"k": 246.87258315283248, "min_k": 10.97037220101252, "min_support": 22.165305913463673, "shrinkage": 58.245828039608384}, "datetime": {"datetime": "2021-06-07 17:27:45", "elapsed": 536.788698, "delta": 137.426376}}
{"target": -0.9914514624688078, "params": {"k": 491.4230513042917, "min_k": 3.6503833523887947, "min_support": 15.31508777822569, "shrinkage": 73.27236865873834}, "datetime": {"datetime": "2021-06-07 17:29:56", "elapsed": 667.890682, "delta": 131.101984}}
{"target": -0.9908674315120487, "params": {"k": 367.57563745254356, "min_k": 15.918343266467259, "min_support": 10.784015325759627, "shrinkage": 102.84688768272233}, "datetime": {"datetime": "2021-06-07 17:32:07", "elapsed": 798.77222, "delta": 130.881538}}
{"target": -0.9902447022298672, "params": {"k": 128.8475231117962, "min_k": 6.1206227093431735, "min_support": 5.893033399129256, "shrinkage": 173.02879628756062}, "datetime": {"datetime": "2021-06-07 17:34:22", "elapsed": 933.984262, "delta": 135.212042}}
{"target": -0.9929851084427751, "params": {"k": 124.10417551095958, "min_k": 17.494757908479887, "min_support": 46.21148528431827, "shrinkage": 193.59156152111427}, "datetime": {"datetime": "2021-06-07 17:36:36", "elapsed": 1068.017573, "delta": 134.033311}}
{"target": -0.9903004990642958, "params": {"k": 137.7889643995249, "min_k": 7.3830832459197415, "min_support": 3.737212496185135, "shrinkage": 150.55672515696398}, "datetime": {"datetime": "2021-06-07 17:38:52", "elapsed": 1203.225385, "delta": 135.207812}}
{"target": -0.9907355485024272, "params": {"k": 104.62906488436967, "min_k": 17.765418055699882, "min_support": 2.479105869918965, "shrinkage": 151.95748853762777}, "datetime": {"datetime": "2021-06-07 17:41:07", "elapsed": 1338.756577, "delta": 135.531192}}
{"target": -0.9901875825742689, "params": {"k": 451.74850016002955, "min_k": 3.341367456089894, "min_support": 1.5401339361164752, "shrinkage": 196.02364803980623}, "datetime": {"datetime": "2021-06-07 17:43:19", "elapsed": 1470.652412, "delta": 131.895835}}
{"target": -0.992235876459039, "params": {"k": 466.4560742856429, "min_k": 5.55099866115087, "min_support": 36.77777055355382, "shrinkage": 193.36850694281839}, "datetime": {"datetime": "2021-06-07 17:45:33", "elapsed": 1604.204553, "delta": 133.552141}}
{"target": -0.9912163063164241, "params": {"k": 457.5516970504465, "min_k": 19.077529284825122, "min_support": 1.0790327137193239, "shrinkage": 165.8845113168484}, "datetime": {"datetime": "2021-06-07 17:47:45", "elapsed": 1736.976014, "delta": 132.771461}}
{"target": -0.9910794103010175, "params": {"k": 148.33945966443085, "min_k": 19.92851469276218, "min_support": 1.2406806269421309, "shrinkage": 167.1519868115228}, "datetime": {"datetime": "2021-06-07 17:49:59", "elapsed": 1871.141929, "delta": 134.165915}}
{"target": -0.9909993439126235, "params": {"k": 125.10675136277497, "min_k": 1.1069952582780154, "min_support": 17.522287101780517, "shrinkage": 151.57952094744124}, "datetime": {"datetime": "2021-06-07 17:52:15", "elapsed": 2007.11446, "delta": 135.972531}}
{"target": -0.9899542661772784, "params": {"k": 509.8678591434333, "min_k": 10.870090212080058, "min_support": 6.227754848559382, "shrinkage": 188.7836566526075}, "datetime": {"datetime": "2021-06-07 17:54:26", "elapsed": 2138.131707, "delta": 131.017247}}
{"target": -0.9905397006305219, "params": {"k": 501.27545942730046, "min_k": 16.57543290658552, "min_support": 1.7645343077367304, "shrinkage": 173.2391854366454}, "datetime": {"datetime": "2021-06-07 17:56:38", "elapsed": 2269.338767, "delta": 131.20706}}
{"target": -0.9913354536619312, "params": {"k": 530.7334399021396, "min_k": 19.47677998109754, "min_support": 11.866271160358123, "shrinkage": 198.53541670318583}, "datetime": {"datetime": "2021-06-07 17:58:49", "elapsed": 2400.788277, "delta": 131.44951}}
{"target": -0.9902006801694749, "params": {"k": 498.0490807071939, "min_k": 3.7831647105030592, "min_support": 1.7376515306936557, "shrinkage": 199.01386547133086}, "datetime": {"datetime": "2021-06-07 18:01:00", "elapsed": 2531.672167, "delta": 130.88389}}
{"target": -0.9907336254644539, "params": {"k": 518.3782187859207, "min_k": 3.237033273254701, "min_support": 16.567422724712234, "shrinkage": 168.66841482310932}, "datetime": {"datetime": "2021-06-07 18:03:11", "elapsed": 2662.595054, "delta": 130.922887}}
{"target": -0.9904163103883148, "params": {"k": 426.298113314664, "min_k": 3.255669210844571, "min_support": 7.853567923562461, "shrinkage": 197.55662258467373}, "datetime": {"datetime": "2021-06-07 18:05:21", "elapsed": 2792.952131, "delta": 130.357077}}
{"target": -0.9905059410824121, "params": {"k": 154.32918772271043, "min_k": 6.139545588676858, "min_support": 1.8769006583385774, "shrinkage": 122.22369026978261}, "datetime": {"datetime": "2021-06-07 18:07:36", "elapsed": 2927.932629, "delta": 134.980498}}
{"target": -0.9906189790115931, "params": {"k": 126.56407585596007, "min_k": 12.841099667361629, "min_support": 1.6636164878050455, "shrinkage": 98.63042755926415}, "datetime": {"datetime": "2021-06-07 18:09:53", "elapsed": 3064.550408, "delta": 136.617779}}
{"target": -0.991691790302464, "params": {"k": 155.1231594526863, "min_k": 15.796934104654257, "min_support": 24.148560324554683, "shrinkage": 92.14470720584558}, "datetime": {"datetime": "2021-06-07 18:12:09", "elapsed": 3200.733725, "delta": 136.183317}}
{"target": -0.9905157372298594, "params": {"k": 407.21407928491055, "min_k": 2.6635881853293206, "min_support": 4.727618496160573, "shrinkage": 172.06759740066414}, "datetime": {"datetime": "2021-06-07 18:14:22", "elapsed": 3333.206008, "delta": 132.472283}}
{"target": -0.9910042889505645, "params": {"k": 128.5029340001093, "min_k": 15.762646232818868, "min_support": 1.5202412971621122, "shrinkage": 128.31576059558273}, "datetime": {"datetime": "2021-06-07 18:16:37", "elapsed": 3468.417557, "delta": 135.211549}}
