{"target": -1.033054340527153, "params": {"k": 302.7593944836532, "min_k": 19.063571821788408, "min_support": 36.86770314875885}, "datetime": {"datetime": "2021-06-16 16:41:36", "elapsed": 0.0, "delta": 0.0}}
{"target": -1.0054437566999455, "params": {"k": 480.9334949366441, "min_k": 3.964354168406294, "min_support": 8.64373149647393}, "datetime": {"datetime": "2021-06-16 16:52:32", "elapsed": 655.255281, "delta": 655.255281}}
{"target": -1.0278121933693187, "params": {"k": 51.176471673718574, "min_k": 17.457346769723767, "min_support": 30.45463557541723}, "datetime": {"datetime": "2021-06-16 16:59:24", "elapsed": 1067.954956, "delta": 412.699675}}
{"target": -1.0628855931737093, "params": {"k": 567.9176993478561, "min_k": 1.3911053916202465, "min_support": 48.52558275593772}, "datetime": {"datetime": "2021-06-16 17:07:56", "elapsed": 1579.263769, "delta": 511.308813}}
{"target": -1.005421352754125, "params": {"k": 666.7918994363353, "min_k": 5.034443102887247, "min_support": 9.90942339314793}, "datetime": {"datetime": "2021-06-16 17:20:24", "elapsed": 2328.065521, "delta": 748.801752}}
{"target": -1.0199299767442234, "params": {"k": 150.8065853334799, "min_k": 6.780602616231217, "min_support": 26.713065149979656}, "datetime": {"datetime": "2021-06-16 17:28:11", "elapsed": 2794.359581, "delta": 466.29406}}
{"target": -1.02422450251368, "params": {"k": 348.396289820482, "min_k": 6.533353663762797, "min_support": 30.980791841396595}, "datetime": {"datetime": "2021-06-16 17:37:04", "elapsed": 3327.203676, "delta": 532.844095}}
{"target": -1.0051718439423385, "params": {"k": 668.8043883250878, "min_k": 4.3747765696488425, "min_support": 8.799209189510908}, "datetime": {"datetime": "2021-06-16 17:49:16", "elapsed": 4060.034966, "delta": 732.83129}}
{"target": -1.004929834499809, "params": {"k": 434.36262526984177, "min_k": 19.98566130015867, "min_support": 1.0}, "datetime": {"datetime": "2021-06-16 18:00:21", "elapsed": 4724.959956, "delta": 664.92499}}
{"target": -1.0563294698298464, "params": {"k": 719.2077805752685, "min_k": 20.0, "min_support": 50.0}, "datetime": {"datetime": "2021-06-16 18:09:06", "elapsed": 5249.725804, "delta": 524.765848}}
{"target": -1.0576829833391517, "params": {"k": 445.2893942583756, "min_k": 1.0, "min_support": 45.18207885247862}, "datetime": {"datetime": "2021-06-16 18:17:15", "elapsed": 5738.898148, "delta": 489.172344}}
{"target": -1.004847554535645, "params": {"k": 456.57384894755796, "min_k": 4.9478879573848245, "min_support": 1.0}, "datetime": {"datetime": "2021-06-16 18:28:33", "elapsed": 6416.486546, "delta": 677.588398}}
{"target": -1.0054536211294975, "params": {"k": 392.6754260469387, "min_k": 20.0, "min_support": 1.0}, "datetime": {"datetime": "2021-06-16 18:40:11", "elapsed": 7114.802549, "delta": 698.316003}}
{"target": -1.0085370095022823, "params": {"k": 212.69963257489843, "min_k": 2.054220386195539, "min_support": 3.2152323017900253}, "datetime": {"datetime": "2021-06-16 18:50:13", "elapsed": 7717.060023, "delta": 602.257474}}
{"target": -1.053883738418197, "params": {"k": 210.40353927416143, "min_k": 17.872386756916654, "min_support": 49.31097433776917}, "datetime": {"datetime": "2021-06-16 18:57:52", "elapsed": 8175.943492, "delta": 458.883469}}
{"target": -1.0046457031979912, "params": {"k": 509.5244076196676, "min_k": 20.0, "min_support": 1.0}, "datetime": {"datetime": "2021-06-16 19:09:50", "elapsed": 8894.055462, "delta": 718.11197}}
{"target": -1.0077059659837226, "params": {"k": 254.64716899352047, "min_k": 1.0, "min_support": 1.0}, "datetime": {"datetime": "2021-06-16 19:20:09", "elapsed": 9512.89177, "delta": 618.836308}}
{"target": -1.0037159797054627, "params": {"k": 800.0, "min_k": 15.617085555960724, "min_support": 1.0}, "datetime": {"datetime": "2021-06-16 19:33:36", "elapsed": 10319.113626, "delta": 806.221856}}
{"target": -1.0504015741837187, "params": {"k": 800.0, "min_k": 1.0, "min_support": 41.32399124394511}, "datetime": {"datetime": "2021-06-16 19:42:59", "elapsed": 10882.446874, "delta": 563.333248}}
{"target": -1.0038493667454014, "params": {"k": 767.2449633977393, "min_k": 20.0, "min_support": 1.0}, "datetime": {"datetime": "2021-06-16 19:55:42", "elapsed": 11645.368784, "delta": 762.92191}}
{"target": -1.014814183883684, "params": {"k": 106.445570417652, "min_k": 3.1082035684229035, "min_support": 1.3449516963575583}, "datetime": {"datetime": "2021-06-16 20:03:54", "elapsed": 12137.120779, "delta": 491.751995}}
{"target": -1.0041805893266327, "params": {"k": 628.3305005038244, "min_k": 1.0, "min_support": 1.0}, "datetime": {"datetime": "2021-06-16 20:15:54", "elapsed": 12857.582187, "delta": 720.461408}}
{"target": -1.052882826299464, "params": {"k": 102.80576211188823, "min_k": 3.5920147044958464, "min_support": 49.72867873018869}, "datetime": {"datetime": "2021-06-16 20:22:44", "elapsed": 13267.438036, "delta": 409.855849}}
{"target": -1.124343009624282, "params": {"k": 5.6986641544471315, "min_k": 3.2226009458273897, "min_support": 1.230041463606796}, "datetime": {"datetime": "2021-06-16 20:29:45", "elapsed": 13688.460921, "delta": 421.022885}}
{"target": -1.0102756823558867, "params": {"k": 172.3528430245014, "min_k": 18.30363769508566, "min_support": 1.806530316102903}, "datetime": {"datetime": "2021-06-16 20:38:29", "elapsed": 14212.74042, "delta": 524.279499}}
{"target": -1.0039061221973515, "params": {"k": 725.7370783064204, "min_k": 1.0, "min_support": 1.0}, "datetime": {"datetime": "2021-06-16 20:50:54", "elapsed": 14957.304784, "delta": 744.564364}}
{"target": -1.0650026084748816, "params": {"k": 640.6021775563776, "min_k": 1.0, "min_support": 50.0}, "datetime": {"datetime": "2021-06-16 20:59:18", "elapsed": 15462.054488, "delta": 504.749704}}
