{"target": -0.9942148825161967, "params": {"k": 302.7593944836532, "min_k": 19.063571821788408, "min_support": 36.86770314875885}, "datetime": {"datetime": "2021-06-08 19:07:29", "elapsed": 0.0, "delta": 0.0}}
{"target": -0.9925690069269077, "params": {"k": 480.9334949366441, "min_k": 3.964354168406294, "min_support": 8.64373149647393}, "datetime": {"datetime": "2021-06-08 19:09:53", "elapsed": 144.813103, "delta": 144.813103}}
{"target": -0.9938398679411732, "params": {"k": 51.176471673718574, "min_k": 17.457346769723767, "min_support": 30.45463557541723}, "datetime": {"datetime": "2021-06-08 19:12:12", "elapsed": 283.169004, "delta": 138.355901}}
{"target": -0.9955944444328277, "params": {"k": 567.9176993478561, "min_k": 1.3911053916202465, "min_support": 48.52558275593772}, "datetime": {"datetime": "2021-06-08 19:14:36", "elapsed": 427.178185, "delta": 144.009181}}
{"target": -0.9927052346241677, "params": {"k": 666.7918994363353, "min_k": 5.034443102887247, "min_support": 9.90942339314793}, "datetime": {"datetime": "2021-06-08 19:17:01", "elapsed": 572.122826, "delta": 144.944641}}
{"target": -0.9935940206231813, "params": {"k": 150.8065853334799, "min_k": 6.780602616231217, "min_support": 26.713065149979656}, "datetime": {"datetime": "2021-06-08 19:19:27", "elapsed": 718.644526, "delta": 146.5217}}
{"target": -0.9938634445116501, "params": {"k": 348.396289820482, "min_k": 6.533353663762797, "min_support": 30.980791841396595}, "datetime": {"datetime": "2021-06-08 19:21:52", "elapsed": 862.827329, "delta": 144.182803}}
{"target": -0.9925844453685307, "params": {"k": 459.42808133894033, "min_k": 4.511929560993474, "min_support": 3.919767770304042}, "datetime": {"datetime": "2021-06-08 19:24:13", "elapsed": 1004.077035, "delta": 141.249706}}
{"target": -0.9926697562939628, "params": {"k": 481.41248392838844, "min_k": 3.7793163626148027, "min_support": 7.978159569174419}, "datetime": {"datetime": "2021-06-08 19:26:31", "elapsed": 1142.761598, "delta": 138.684563}}
{"target": -0.9931106700654013, "params": {"k": 469.7490948568295, "min_k": 7.325771322823457, "min_support": 20.09032238781036}, "datetime": {"datetime": "2021-06-08 19:28:47", "elapsed": 1277.956859, "delta": 135.195261}}
{"target": -0.9925725553900138, "params": {"k": 473.1436013644843, "min_k": 15.844612427198564, "min_support": 4.947264741746595}, "datetime": {"datetime": "2021-06-08 19:31:00", "elapsed": 1411.634936, "delta": 133.678077}}
{"target": -0.993018649456016, "params": {"k": 488.8597303685727, "min_k": 15.229910405415751, "min_support": 16.212668360088628}, "datetime": {"datetime": "2021-06-08 19:33:14", "elapsed": 1545.561817, "delta": 133.926881}}
{"target": -0.9926144751191227, "params": {"k": 448.341197990026, "min_k": 19.58404644852105, "min_support": 1.210135712585386}, "datetime": {"datetime": "2021-06-08 19:35:28", "elapsed": 1679.634236, "delta": 134.072419}}
{"target": -0.9924594328869144, "params": {"k": 438.45308990338236, "min_k": 1.1828683194204963, "min_support": 8.21444203056917}, "datetime": {"datetime": "2021-06-08 19:37:43", "elapsed": 1813.852031, "delta": 134.217795}}
{"target": -0.9927924048309936, "params": {"k": 434.122778396659, "min_k": 17.039027577725275, "min_support": 14.15304255420331}, "datetime": {"datetime": "2021-06-08 19:39:56", "elapsed": 1947.621249, "delta": 133.769218}}
{"target": -0.9926439548525291, "params": {"k": 418.2251435389291, "min_k": 3.405241685575969, "min_support": 1.0547783999583082}, "datetime": {"datetime": "2021-06-08 19:42:10", "elapsed": 2081.763302, "delta": 134.142053}}
{"target": -0.9936136597147579, "params": {"k": 417.8117949061171, "min_k": 1.6313175559676971, "min_support": 24.057527452465337}, "datetime": {"datetime": "2021-06-08 19:44:24", "elapsed": 2215.536512, "delta": 133.77321}}
{"target": -0.9924572341281296, "params": {"k": 430.5226761285522, "min_k": 13.523758131618184, "min_support": 1.464826460967704}, "datetime": {"datetime": "2021-06-08 19:46:38", "elapsed": 2349.686738, "delta": 134.150226}}
{"target": -0.9928393407759494, "params": {"k": 688.8414731561882, "min_k": 10.566590345194527, "min_support": 12.09396928544078}, "datetime": {"datetime": "2021-06-08 19:48:52", "elapsed": 2483.541735, "delta": 133.854997}}
{"target": -0.993661992231068, "params": {"k": 670.3673490819633, "min_k": 14.5497053046753, "min_support": 29.742644744206363}, "datetime": {"datetime": "2021-06-08 19:51:06", "elapsed": 2617.537193, "delta": 133.995458}}
{"target": -0.9926439198716741, "params": {"k": 645.0790426876357, "min_k": 9.433432829493599, "min_support": 2.766943077329875}, "datetime": {"datetime": "2021-06-08 19:53:22", "elapsed": 2752.968294, "delta": 135.431101}}
{"target": -0.9924818425224249, "params": {"k": 624.6463850764042, "min_k": 1.5745144036235423, "min_support": 1.9989195718747776}, "datetime": {"datetime": "2021-06-08 19:55:37", "elapsed": 2888.023851, "delta": 135.055557}}
{"target": -0.9933027913181214, "params": {"k": 630.581696232872, "min_k": 2.7172058150529455, "min_support": 18.241247130273237}, "datetime": {"datetime": "2021-06-08 19:57:51", "elapsed": 3022.330483, "delta": 134.306632}}
{"target": -0.9924519176487285, "params": {"k": 615.7970821285231, "min_k": 19.32847626813353, "min_support": 1.044432025318069}, "datetime": {"datetime": "2021-06-08 20:00:05", "elapsed": 3156.15497, "delta": 133.824487}}
{"target": -0.9925367724353353, "params": {"k": 607.3597194927576, "min_k": 2.027086297409806, "min_support": 1.3595543329974777}, "datetime": {"datetime": "2021-06-08 20:02:20", "elapsed": 3290.876768, "delta": 134.721798}}
{"target": -0.9928125254807009, "params": {"k": 593.997097737943, "min_k": 19.17424736903966, "min_support": 1.502974962132897}, "datetime": {"datetime": "2021-06-08 20:04:34", "elapsed": 3425.112827, "delta": 134.236059}}
{"target": -0.9927372057383677, "params": {"k": 631.220791395667, "min_k": 20.0, "min_support": 1.0}, "datetime": {"datetime": "2021-06-08 20:06:48", "elapsed": 3559.033401, "delta": 133.920574}}
