{"target": -0.9998589843855459, "params": {"k": 302.7593944836532, "min_k": 19.063571821788408, "min_support": 36.86770314875885}, "datetime": {"datetime": "2021-06-09 23:23:25", "elapsed": 0.0, "delta": 0.0}}
{"target": -0.9982425045458516, "params": {"k": 480.9334949366441, "min_k": 3.964354168406294, "min_support": 8.64373149647393}, "datetime": {"datetime": "2021-06-09 23:25:48", "elapsed": 142.140126, "delta": 142.140126}}
{"target": -0.9960948757170996, "params": {"k": 51.176471673718574, "min_k": 17.457346769723767, "min_support": 30.45463557541723}, "datetime": {"datetime": "2021-06-09 23:28:01", "elapsed": 275.142369, "delta": 133.002243}}
{"target": -1.001128411279013, "params": {"k": 567.9176993478561, "min_k": 1.3911053916202465, "min_support": 48.52558275593772}, "datetime": {"datetime": "2021-06-09 23:30:21", "elapsed": 415.735873, "delta": 140.593504}}
{"target": -0.9981671273018591, "params": {"k": 666.7918994363353, "min_k": 5.034443102887247, "min_support": 9.90942339314793}, "datetime": {"datetime": "2021-06-09 23:32:44", "elapsed": 558.191831, "delta": 142.455958}}
{"target": -0.9983586766670532, "params": {"k": 150.8065853334799, "min_k": 6.780602616231217, "min_support": 26.713065149979656}, "datetime": {"datetime": "2021-06-09 23:35:07", "elapsed": 701.880559, "delta": 143.688728}}
{"target": -0.9993648488144456, "params": {"k": 348.396289820482, "min_k": 6.533353663762797, "min_support": 30.980791841396595}, "datetime": {"datetime": "2021-06-09 23:37:30", "elapsed": 844.73004, "delta": 142.849481}}
{"target": -0.9974339644993778, "params": {"k": 27.041633185670108, "min_k": 2.080861328766832, "min_support": 4.290731336758245}, "datetime": {"datetime": "2021-06-09 23:39:36", "elapsed": 970.904611, "delta": 126.174571}}
{"target": -0.9983778113289155, "params": {"k": 25.99381907329719, "min_k": 2.4491106548937362, "min_support": 5.022312770797876}, "datetime": {"datetime": "2021-06-09 23:41:42", "elapsed": 1096.334088, "delta": 125.429477}}
{"target": -0.9961724679114843, "params": {"k": 49.22302782862602, "min_k": 17.557136097548433, "min_support": 29.73622172033949}, "datetime": {"datetime": "2021-06-09 23:43:58", "elapsed": 1232.700209, "delta": 136.366121}}
{"target": -0.9962848166631211, "params": {"k": 52.381867984223874, "min_k": 13.004235674605782, "min_support": 30.232270104567842}, "datetime": {"datetime": "2021-06-09 23:46:11", "elapsed": 1365.02862, "delta": 132.328411}}
{"target": -0.9959533535207571, "params": {"k": 51.25157535579489, "min_k": 14.377435017665382, "min_support": 25.344447185886168}, "datetime": {"datetime": "2021-06-09 23:48:25", "elapsed": 1499.083381, "delta": 134.054761}}
{"target": -0.9958599736485765, "params": {"k": 47.39154375011448, "min_k": 9.503325576140186, "min_support": 27.240513619555063}, "datetime": {"datetime": "2021-06-09 23:50:38", "elapsed": 1632.22805, "delta": 133.144669}}
{"target": -0.9955774385496914, "params": {"k": 48.51093994342644, "min_k": 5.144345432754593, "min_support": 21.796993229862892}, "datetime": {"datetime": "2021-06-09 23:52:47", "elapsed": 1761.078618, "delta": 128.850568}}
{"target": -0.9960648847310649, "params": {"k": 33.95436463509468, "min_k": 1.4269388387337485, "min_support": 1.446491088110073}, "datetime": {"datetime": "2021-06-09 23:54:51", "elapsed": 1885.194565, "delta": 124.115947}}
{"target": -0.9958505158589042, "params": {"k": 40.76883390338099, "min_k": 8.408713891443544, "min_support": 18.32310044886695}, "datetime": {"datetime": "2021-06-09 23:56:58", "elapsed": 2012.54355, "delta": 127.348985}}
{"target": -0.9950679345041349, "params": {"k": 49.243494608745344, "min_k": 10.094672192501084, "min_support": 14.425663800317388}, "datetime": {"datetime": "2021-06-09 23:59:09", "elapsed": 2143.964648, "delta": 131.421098}}
{"target": -0.9951037593241517, "params": {"k": 49.79226957945531, "min_k": 3.5424354441546733, "min_support": 10.076835372659463}, "datetime": {"datetime": "2021-06-10 00:01:19", "elapsed": 2273.718955, "delta": 129.754307}}
{"target": -0.9950871402546063, "params": {"k": 59.03041880230089, "min_k": 6.770951576738129, "min_support": 13.171998519738302}, "datetime": {"datetime": "2021-06-10 00:03:32", "elapsed": 2406.200054, "delta": 132.481099}}
{"target": -0.9948244880195587, "params": {"k": 55.52162374174492, "min_k": 10.043070898735587, "min_support": 5.134564696599874}, "datetime": {"datetime": "2021-06-10 00:05:43", "elapsed": 2537.188671, "delta": 130.988617}}
{"target": -0.9949449921625819, "params": {"k": 57.62531311533394, "min_k": 19.07673981594108, "min_support": 9.888204760223747}, "datetime": {"datetime": "2021-06-10 00:07:52", "elapsed": 2666.944888, "delta": 129.756217}}
{"target": -0.9949660634076473, "params": {"k": 68.4927726045459, "min_k": 13.924772619207877, "min_support": 7.2774863860679755}, "datetime": {"datetime": "2021-06-10 00:10:08", "elapsed": 2802.893289, "delta": 135.948401}}
{"target": -0.9949059868218937, "params": {"k": 66.94380412042726, "min_k": 1.346061443967412, "min_support": 1.6765843399432294}, "datetime": {"datetime": "2021-06-10 00:12:21", "elapsed": 2935.535818, "delta": 132.642529}}
{"target": -0.9953881639448934, "params": {"k": 73.41264997726422, "min_k": 3.72957174032188, "min_support": 14.014652686978323}, "datetime": {"datetime": "2021-06-10 00:14:35", "elapsed": 3069.745503, "delta": 134.209685}}
{"target": -0.995246709823318, "params": {"k": 80.3600463078711, "min_k": 3.4204750716567984, "min_support": 2.1000395830808514}, "datetime": {"datetime": "2021-06-10 00:16:52", "elapsed": 3206.278145, "delta": 136.532642}}
{"target": -0.9954737382456402, "params": {"k": 68.50837509968036, "min_k": 19.88387836477031, "min_support": 19.115877405998294}, "datetime": {"datetime": "2021-06-10 00:19:09", "elapsed": 3343.01532, "delta": 136.737175}}
{"target": -0.9956803913279547, "params": {"k": 82.75794440860005, "min_k": 18.497664223605046, "min_support": 9.298073804292162}, "datetime": {"datetime": "2021-06-10 00:21:23", "elapsed": 3477.884104, "delta": 134.868784}}
