{"target": -1.0003058833205396, "params": {"k": 302.7593944836532, "min_k": 19.063571821788408, "min_support": 36.86770314875885}, "datetime": {"datetime": "2021-06-10 11:08:52", "elapsed": 0.0, "delta": 0.0}}
{"target": -0.9986074141456058, "params": {"k": 480.9334949366441, "min_k": 3.964354168406294, "min_support": 8.64373149647393}, "datetime": {"datetime": "2021-06-10 11:11:19", "elapsed": 147.175741, "delta": 147.175741}}
{"target": -0.9976314179003802, "params": {"k": 51.176471673718574, "min_k": 17.457346769723767, "min_support": 30.45463557541723}, "datetime": {"datetime": "2021-06-10 11:13:31", "elapsed": 278.910988, "delta": 131.735247}}
{"target": -1.0019994816303928, "params": {"k": 567.9176993478561, "min_k": 1.3911053916202465, "min_support": 48.52558275593772}, "datetime": {"datetime": "2021-06-10 11:15:56", "elapsed": 423.418475, "delta": 144.507487}}
{"target": -0.99868476755811, "params": {"k": 666.7918994363353, "min_k": 5.034443102887247, "min_support": 9.90942339314793}, "datetime": {"datetime": "2021-06-10 11:18:21", "elapsed": 568.278598, "delta": 144.860123}}
{"target": -0.9988723565020263, "params": {"k": 150.8065853334799, "min_k": 6.780602616231217, "min_support": 26.713065149979656}, "datetime": {"datetime": "2021-06-10 11:20:46", "elapsed": 713.719474, "delta": 145.440876}}
{"target": -0.9998397150405369, "params": {"k": 348.396289820482, "min_k": 6.533353663762797, "min_support": 30.980791841396595}, "datetime": {"datetime": "2021-06-10 11:23:10", "elapsed": 858.131604, "delta": 144.41213}}
{"target": -0.9973106836110686, "params": {"k": 86.50019143284719, "min_k": 10.763234819928586, "min_support": 25.935637223961738}, "datetime": {"datetime": "2021-06-10 11:25:30", "elapsed": 998.16707, "delta": 140.035466}}
{"target": -0.9986223899300374, "params": {"k": 482.9344816879408, "min_k": 4.696565428439419, "min_support": 7.9558301783687195}, "datetime": {"datetime": "2021-06-10 11:27:55", "elapsed": 1142.667351, "delta": 144.500281}}
{"target": -0.998410013879619, "params": {"k": 769.1291850096305, "min_k": 12.591592584879823, "min_support": 1.3091708032848697}, "datetime": {"datetime": "2021-06-10 11:30:22", "elapsed": 1289.373044, "delta": 146.705693}}
{"target": -0.995996133619976, "params": {"k": 69.52377996156604, "min_k": 1.5535573934515283, "min_support": 2.175720014390173}, "datetime": {"datetime": "2021-06-10 11:32:38", "elapsed": 1426.18658, "delta": 136.813536}}
{"target": -1.0444653829143562, "params": {"k": 7.417049871981843, "min_k": 1.5410101082808476, "min_support": 1.0285874513362558}, "datetime": {"datetime": "2021-06-10 11:34:32", "elapsed": 1539.593995, "delta": 113.407415}}
{"target": -1.001100579612964, "params": {"k": 720.4490453264816, "min_k": 10.466611572838167, "min_support": 44.43393216588148}, "datetime": {"datetime": "2021-06-10 11:36:56", "elapsed": 1684.18071, "delta": 144.586715}}
{"target": -0.9996524191702558, "params": {"k": 217.11308933800768, "min_k": 13.665974799491064, "min_support": 28.555397333767825}, "datetime": {"datetime": "2021-06-10 11:39:22", "elapsed": 1829.502044, "delta": 145.321334}}
{"target": -1.0011966216730044, "params": {"k": 799.9308687400963, "min_k": 16.395244626807738, "min_support": 49.06633746725664}, "datetime": {"datetime": "2021-06-10 11:41:44", "elapsed": 1971.68144, "delta": 142.179396}}
{"target": -0.9985142823973755, "params": {"k": 414.32144906226205, "min_k": 17.130867981221915, "min_support": 2.30057726886466}, "datetime": {"datetime": "2021-06-10 11:44:09", "elapsed": 2116.357791, "delta": 144.676351}}
{"target": -1.0020800500852003, "params": {"k": 426.6890482667305, "min_k": 1.1029230051167342, "min_support": 49.88508393932627}, "datetime": {"datetime": "2021-06-10 11:46:31", "elapsed": 2258.545651, "delta": 142.18786}}
{"target": -0.9985451558943541, "params": {"k": 612.913705201099, "min_k": 17.924495910699477, "min_support": 2.8003900841931175}, "datetime": {"datetime": "2021-06-10 11:48:55", "elapsed": 2403.095968, "delta": 144.550317}}
{"target": -1.0014352969594977, "params": {"k": 635.551684577955, "min_k": 20.0, "min_support": 50.0}, "datetime": {"datetime": "2021-06-10 11:51:18", "elapsed": 2546.028897, "delta": 142.932929}}
{"target": -0.9982438369379938, "params": {"k": 264.95689029330896, "min_k": 1.0, "min_support": 1.0}, "datetime": {"datetime": "2021-06-10 11:53:43", "elapsed": 2690.655716, "delta": 144.626819}}
{"target": -0.9984712129447912, "params": {"k": 547.3665985778345, "min_k": 20.0, "min_support": 1.0}, "datetime": {"datetime": "2021-06-10 11:56:08", "elapsed": 2835.514925, "delta": 144.859209}}
{"target": -1.001393583847732, "params": {"k": 505.5591416984633, "min_k": 19.40717621793691, "min_support": 49.09367905632962}, "datetime": {"datetime": "2021-06-10 11:58:31", "elapsed": 2978.463345, "delta": 142.94842}}
{"target": -0.9969998647031616, "params": {"k": 119.23127831699425, "min_k": 18.395784278152444, "min_support": 1.6367082797239947}, "datetime": {"datetime": "2021-06-10 12:00:54", "elapsed": 3121.343366, "delta": 142.880021}}
{"target": -0.998380961534646, "params": {"k": 716.1593108408738, "min_k": 1.0, "min_support": 1.0}, "datetime": {"datetime": "2021-06-10 12:03:17", "elapsed": 3264.909588, "delta": 143.566222}}
{"target": -1.0020806206516966, "params": {"k": 257.6489267718997, "min_k": 1.0, "min_support": 50.0}, "datetime": {"datetime": "2021-06-10 12:05:40", "elapsed": 3408.130879, "delta": 143.221291}}
{"target": -0.9979994430753099, "params": {"k": 180.42113973244074, "min_k": 16.74643684870309, "min_support": 1.2664114282623973}, "datetime": {"datetime": "2021-06-10 12:08:05", "elapsed": 3552.910195, "delta": 144.779316}}
{"target": -0.9984212567530129, "params": {"k": 321.65686240039173, "min_k": 4.949294258725135, "min_support": 1.0801212647535237}, "datetime": {"datetime": "2021-06-10 12:10:29", "elapsed": 3696.470873, "delta": 143.560678}}
