{"target": -1.034914432616887, "params": {"k": 302.7593944836532, "min_k": 19.063571821788408, "min_support": 36.86770314875885}, "datetime": {"datetime": "2021-06-16 16:42:26", "elapsed": 0.0, "delta": 0.0}}
{"target": -1.0039565817855132, "params": {"k": 480.9334949366441, "min_k": 3.964354168406294, "min_support": 8.64373149647393}, "datetime": {"datetime": "2021-06-16 16:54:19", "elapsed": 713.068534, "delta": 713.068534}}
{"target": -1.0290491841991436, "params": {"k": 51.176471673718574, "min_k": 17.457346769723767, "min_support": 30.45463557541723}, "datetime": {"datetime": "2021-06-16 17:02:02", "elapsed": 1176.435039, "delta": 463.366505}}
{"target": -1.0690143538387769, "params": {"k": 567.9176993478561, "min_k": 1.3911053916202465, "min_support": 48.52558275593772}, "datetime": {"datetime": "2021-06-16 17:11:20", "elapsed": 1733.870315, "delta": 557.435276}}
{"target": -1.0042793992788301, "params": {"k": 666.7918994363353, "min_k": 5.034443102887247, "min_support": 9.90942339314793}, "datetime": {"datetime": "2021-06-16 17:24:07", "elapsed": 2500.494593, "delta": 766.624278}}
{"target": -1.0223889463638562, "params": {"k": 150.8065853334799, "min_k": 6.780602616231217, "min_support": 26.713065149979656}, "datetime": {"datetime": "2021-06-16 17:32:48", "elapsed": 3022.254122, "delta": 521.759529}}
{"target": -1.0269433899819045, "params": {"k": 348.396289820482, "min_k": 6.533353663762797, "min_support": 30.980791841396595}, "datetime": {"datetime": "2021-06-16 17:42:18", "elapsed": 3592.179623, "delta": 569.925501}}
{"target": -1.0038823828147962, "params": {"k": 668.8043883250878, "min_k": 4.3747765696488425, "min_support": 8.799209189510908}, "datetime": {"datetime": "2021-06-16 17:55:14", "elapsed": 4368.077298, "delta": 775.897675}}
{"target": -1.0026182031872235, "params": {"k": 434.9890142665989, "min_k": 20.0, "min_support": 1.0}, "datetime": {"datetime": "2021-06-16 18:07:18", "elapsed": 5092.136324, "delta": 724.059026}}
{"target": -1.0578020993231998, "params": {"k": 721.6514548139676, "min_k": 20.0, "min_support": 50.0}, "datetime": {"datetime": "2021-06-16 18:16:55", "elapsed": 5668.480168, "delta": 576.343844}}
{"target": -1.0619579488872768, "params": {"k": 444.4042269478033, "min_k": 1.0, "min_support": 44.61610188628239}, "datetime": {"datetime": "2021-06-16 18:26:04", "elapsed": 6217.661568, "delta": 549.1814}}
{"target": -1.0025163468804974, "params": {"k": 456.41753344585163, "min_k": 4.148954659907631, "min_support": 1.0}, "datetime": {"datetime": "2021-06-16 18:39:09", "elapsed": 7003.07297, "delta": 785.411402}}
{"target": -1.0026432491248276, "params": {"k": 394.52440581518033, "min_k": 20.0, "min_support": 1.0}, "datetime": {"datetime": "2021-06-16 18:51:50", "elapsed": 7764.014845, "delta": 760.941875}}
{"target": -1.0041323618158018, "params": {"k": 218.04335184668045, "min_k": 2.831567266829263, "min_support": 1.8145255634797246}, "datetime": {"datetime": "2021-06-16 19:03:04", "elapsed": 8438.245783, "delta": 674.230938}}
{"target": -1.0538526754629545, "params": {"k": 214.1225716888945, "min_k": 4.38963100123897, "min_support": 48.36984172116174}, "datetime": {"datetime": "2021-06-16 19:11:25", "elapsed": 8938.872806, "delta": 500.627023}}
{"target": -1.0037325948971296, "params": {"k": 249.5643110934365, "min_k": 20.0, "min_support": 1.0}, "datetime": {"datetime": "2021-06-16 19:21:49", "elapsed": 9563.054677, "delta": 624.181871}}
{"target": -1.0023891120646387, "params": {"k": 515.3660948332738, "min_k": 17.5659982061328, "min_support": 1.9419060563231358}, "datetime": {"datetime": "2021-06-16 19:33:50", "elapsed": 10283.843607, "delta": 720.78893}}
{"target": -1.0022843892578734, "params": {"k": 800.0, "min_k": 12.557371916877646, "min_support": 1.0}, "datetime": {"datetime": "2021-06-16 19:47:03", "elapsed": 11077.237061, "delta": 793.393454}}
{"target": -1.0569842436198118, "params": {"k": 800.0, "min_k": 1.0, "min_support": 41.43233568611191}, "datetime": {"datetime": "2021-06-16 19:56:44", "elapsed": 11657.477199, "delta": 580.240138}}
{"target": -1.0022523579541835, "params": {"k": 768.1754127432295, "min_k": 20.0, "min_support": 1.0}, "datetime": {"datetime": "2021-06-16 20:09:43", "elapsed": 12436.860296, "delta": 779.383097}}
{"target": -1.0022698951395272, "params": {"k": 623.764964576027, "min_k": 17.70872611956255, "min_support": 1.2504407461944}, "datetime": {"datetime": "2021-06-16 20:22:12", "elapsed": 13186.088616, "delta": 749.22832}}
{"target": -1.044591199155231, "params": {"k": 637.9216648659783, "min_k": 18.58698508208786, "min_support": 42.5906963053395}, "datetime": {"datetime": "2021-06-16 20:31:34", "elapsed": 13747.52434, "delta": 561.435724}}
{"target": -1.0047063639840832, "params": {"k": 187.38778391678264, "min_k": 20.0, "min_support": 1.0}, "datetime": {"datetime": "2021-06-16 20:41:25", "elapsed": 14338.824085, "delta": 591.299745}}
{"target": -1.1059246090029957, "params": {"k": 5.6986641544471315, "min_k": 3.2226009458273897, "min_support": 1.230041463606796}, "datetime": {"datetime": "2021-06-16 20:49:26", "elapsed": 14820.306955, "delta": 481.48287}}
{"target": -1.0081116921504383, "params": {"k": 105.41126736478324, "min_k": 20.0, "min_support": 1.0}, "datetime": {"datetime": "2021-06-16 20:58:33", "elapsed": 15367.022807, "delta": 546.715852}}
{"target": -1.0576105343223419, "params": {"k": 97.93319872106414, "min_k": 20.0, "min_support": 50.0}, "datetime": {"datetime": "2021-06-16 21:05:57", "elapsed": 15811.197024, "delta": 444.174217}}
{"target": -1.0021177180308651, "params": {"k": 725.7740461842519, "min_k": 3.840628195127495, "min_support": 1.0794708402146642}, "datetime": {"datetime": "2021-06-16 21:18:50", "elapsed": 16584.105178, "delta": 772.908154}}
