{"target": -1.0347065556802302, "params": {"k": 302.7593944836532, "min_k": 19.063571821788408, "min_support": 36.86770314875885}, "datetime": {"datetime": "2021-06-11 16:57:32", "elapsed": 0.0, "delta": 0.0}}
{"target": -1.0075648007176707, "params": {"k": 480.9334949366441, "min_k": 3.964354168406294, "min_support": 8.64373149647393}, "datetime": {"datetime": "2021-06-11 17:07:45", "elapsed": 613.061689, "delta": 613.061689}}
{"target": -1.028360895131168, "params": {"k": 51.176471673718574, "min_k": 17.457346769723767, "min_support": 30.45463557541723}, "datetime": {"datetime": "2021-06-11 17:14:29", "elapsed": 1017.569055, "delta": 404.507366}}
{"target": -1.0643636919183685, "params": {"k": 567.9176993478561, "min_k": 1.3911053916202465, "min_support": 48.52558275593772}, "datetime": {"datetime": "2021-06-11 17:22:45", "elapsed": 1513.46937, "delta": 495.900315}}
{"target": -1.007652462732271, "params": {"k": 666.7918994363353, "min_k": 5.034443102887247, "min_support": 9.90942339314793}, "datetime": {"datetime": "2021-06-11 17:34:21", "elapsed": 2209.176974, "delta": 695.707604}}
{"target": -1.0223054845754054, "params": {"k": 150.8065853334799, "min_k": 6.780602616231217, "min_support": 26.713065149979656}, "datetime": {"datetime": "2021-06-11 17:41:54", "elapsed": 2662.229025, "delta": 453.052051}}
{"target": -1.0270571623761628, "params": {"k": 348.396289820482, "min_k": 6.533353663762797, "min_support": 30.980791841396595}, "datetime": {"datetime": "2021-06-11 17:50:18", "elapsed": 3166.650527, "delta": 504.421502}}
{"target": -1.007239436427883, "params": {"k": 668.8043883250878, "min_k": 4.3747765696488425, "min_support": 8.799209189510908}, "datetime": {"datetime": "2021-06-11 18:01:58", "elapsed": 3866.207758, "delta": 699.557231}}
{"target": -1.006655885130177, "params": {"k": 433.37655528040585, "min_k": 17.716057999865765, "min_support": 1.0}, "datetime": {"datetime": "2021-06-11 18:12:37", "elapsed": 4505.465113, "delta": 639.257355}}
{"target": -1.0557325488227007, "params": {"k": 721.0766058307579, "min_k": 20.0, "min_support": 49.00577825984693}, "datetime": {"datetime": "2021-06-11 18:21:13", "elapsed": 5021.786524, "delta": 516.321411}}
{"target": -1.0581333788487715, "params": {"k": 444.6560212885086, "min_k": 1.0, "min_support": 44.73782484375443}, "datetime": {"datetime": "2021-06-11 18:29:15", "elapsed": 5503.04077, "delta": 481.254246}}
{"target": -1.0064433219162743, "params": {"k": 461.28910750729165, "min_k": 20.0, "min_support": 1.0}, "datetime": {"datetime": "2021-06-11 18:40:00", "elapsed": 6148.877687, "delta": 645.836917}}
{"target": -1.0062868617674217, "params": {"k": 507.4799825881218, "min_k": 20.0, "min_support": 1.0}, "datetime": {"datetime": "2021-06-11 18:51:08", "elapsed": 6816.708218, "delta": 667.830531}}
{"target": -1.0072225082527915, "params": {"k": 391.39644139190113, "min_k": 20.0, "min_support": 1.0}, "datetime": {"datetime": "2021-06-11 19:01:27", "elapsed": 7435.286867, "delta": 618.578649}}
{"target": -1.0096686968660875, "params": {"k": 214.83359663159118, "min_k": 20.0, "min_support": 1.0}, "datetime": {"datetime": "2021-06-11 19:10:27", "elapsed": 7975.160114, "delta": 539.873247}}
{"target": -1.0668527586574301, "params": {"k": 215.89214915123378, "min_k": 1.0, "min_support": 50.0}, "datetime": {"datetime": "2021-06-11 19:17:30", "elapsed": 8398.791569, "delta": 423.631455}}
{"target": -1.00569818408021, "params": {"k": 800.0, "min_k": 2.1798433033735556, "min_support": 1.0}, "datetime": {"datetime": "2021-06-11 19:29:57", "elapsed": 9145.721252, "delta": 746.929683}}
{"target": -1.0365224188262325, "params": {"k": 800.0, "min_k": 19.17494647174226, "min_support": 37.57181718318506}, "datetime": {"datetime": "2021-06-11 19:39:09", "elapsed": 9697.293303, "delta": 551.572051}}
{"target": -1.0056765641457133, "params": {"k": 765.4119978623207, "min_k": 1.0, "min_support": 1.0}, "datetime": {"datetime": "2021-06-11 19:51:20", "elapsed": 10428.561871, "delta": 731.268568}}
{"target": -1.0148371806961989, "params": {"k": 104.49487631307714, "min_k": 1.0, "min_support": 1.0}, "datetime": {"datetime": "2021-06-11 19:59:24", "elapsed": 10912.548486, "delta": 483.986615}}
{"target": -1.0569403797003698, "params": {"k": 106.9053786834454, "min_k": 20.0, "min_support": 50.0}, "datetime": {"datetime": "2021-06-11 20:06:04", "elapsed": 11312.73931, "delta": 400.190824}}
{"target": -1.0107637532075064, "params": {"k": 177.8290467031503, "min_k": 20.0, "min_support": 1.0}, "datetime": {"datetime": "2021-06-11 20:14:48", "elapsed": 11836.516008, "delta": 523.776698}}
{"target": -1.083884284382623, "params": {"k": 7.87091538141619, "min_k": 3.3192470544117034, "min_support": 1.9213978934136513}, "datetime": {"datetime": "2021-06-11 20:21:48", "elapsed": 12256.599722, "delta": 420.083714}}
{"target": -1.0061020811799046, "params": {"k": 623.7028301126605, "min_k": 20.0, "min_support": 1.0}, "datetime": {"datetime": "2021-06-11 20:33:30", "elapsed": 12958.200716, "delta": 701.600994}}
{"target": -1.0505418397089274, "params": {"k": 634.9722681997581, "min_k": 19.544866128102594, "min_support": 46.504624622053186}, "datetime": {"datetime": "2021-06-11 20:41:55", "elapsed": 13463.778737, "delta": 505.578021}}
{"target": -1.0087023755177995, "params": {"k": 259.51433489604085, "min_k": 9.227684515926093, "min_support": 1.459001155640419}, "datetime": {"datetime": "2021-06-11 20:51:28", "elapsed": 14036.193207, "delta": 572.41447}}
{"target": -1.0057718572245258, "params": {"k": 725.7740461842519, "min_k": 3.840628195127495, "min_support": 1.0794708402146642}, "datetime": {"datetime": "2021-06-11 21:03:28", "elapsed": 14756.926484, "delta": 720.733277}}
