{"target": -1.032343805453808, "params": {"k": 302.7593944836532, "min_k": 19.063571821788408, "min_support": 36.86770314875885}, "datetime": {"datetime": "2021-06-17 17:14:29", "elapsed": 0.0, "delta": 0.0}}
{"target": -1.0043640077021811, "params": {"k": 480.9334949366441, "min_k": 3.964354168406294, "min_support": 8.64373149647393}, "datetime": {"datetime": "2021-06-17 17:25:28", "elapsed": 658.53823, "delta": 658.53823}}
{"target": -1.0263274327168448, "params": {"k": 51.176471673718574, "min_k": 17.457346769723767, "min_support": 30.45463557541723}, "datetime": {"datetime": "2021-06-17 17:32:04", "elapsed": 1054.400021, "delta": 395.861791}}
{"target": -1.0626950110872868, "params": {"k": 567.9176993478561, "min_k": 1.3911053916202465, "min_support": 48.52558275593772}, "datetime": {"datetime": "2021-06-17 17:40:21", "elapsed": 1551.826245, "delta": 497.426224}}
{"target": -1.0043932235113293, "params": {"k": 666.7918994363353, "min_k": 5.034443102887247, "min_support": 9.90942339314793}, "datetime": {"datetime": "2021-06-17 17:52:41", "elapsed": 2291.876778, "delta": 740.050533}}
{"target": -1.0190111204735746, "params": {"k": 150.8065853334799, "min_k": 6.780602616231217, "min_support": 26.713065149979656}, "datetime": {"datetime": "2021-06-17 18:00:12", "elapsed": 2742.7086, "delta": 450.831822}}
{"target": -1.0233617859865842, "params": {"k": 348.396289820482, "min_k": 6.533353663762797, "min_support": 30.980791841396595}, "datetime": {"datetime": "2021-06-17 18:08:52", "elapsed": 3262.34872, "delta": 519.64012}}
{"target": -1.0041054059928705, "params": {"k": 668.8043883250878, "min_k": 4.3747765696488425, "min_support": 8.799209189510908}, "datetime": {"datetime": "2021-06-17 18:21:08", "elapsed": 3998.186029, "delta": 735.837309}}
{"target": -1.0040451669246315, "params": {"k": 433.959498388991, "min_k": 20.0, "min_support": 1.0}, "datetime": {"datetime": "2021-06-17 18:31:18", "elapsed": 4608.224763, "delta": 610.038734}}
{"target": -1.0561319843228412, "params": {"k": 718.0874593020991, "min_k": 20.0, "min_support": 50.0}, "datetime": {"datetime": "2021-06-17 18:39:16", "elapsed": 5086.911258, "delta": 478.686495}}
{"target": -1.055128395787677, "params": {"k": 444.66354514399467, "min_k": 1.0, "min_support": 44.08542100731141}, "datetime": {"datetime": "2021-06-17 18:46:50", "elapsed": 5540.722783, "delta": 453.811525}}
{"target": -1.0036037920456662, "params": {"k": 462.0746410629158, "min_k": 20.0, "min_support": 1.0}, "datetime": {"datetime": "2021-06-17 18:56:57", "elapsed": 6148.004453, "delta": 607.28167}}
{"target": -1.0034804401220172, "params": {"k": 507.53381414838236, "min_k": 20.0, "min_support": 1.0}, "datetime": {"datetime": "2021-06-17 19:07:19", "elapsed": 6769.922718, "delta": 621.918265}}
{"target": -1.0041568120063862, "params": {"k": 390.61407036455284, "min_k": 20.0, "min_support": 1.0}, "datetime": {"datetime": "2021-06-17 19:16:45", "elapsed": 7335.813094, "delta": 565.890376}}
{"target": -1.0066903171751642, "params": {"k": 215.17655212511343, "min_k": 20.0, "min_support": 1.0}, "datetime": {"datetime": "2021-06-17 19:24:45", "elapsed": 7815.481948, "delta": 479.668854}}
{"target": -1.065452444079892, "params": {"k": 215.02840827613142, "min_k": 1.0, "min_support": 50.0}, "datetime": {"datetime": "2021-06-17 19:31:09", "elapsed": 8199.619002, "delta": 384.137054}}
{"target": -1.00281634196158, "params": {"k": 800.0, "min_k": 1.0, "min_support": 1.0}, "datetime": {"datetime": "2021-06-17 19:42:52", "elapsed": 8902.942885, "delta": 703.323883}}
{"target": -1.0353991962884148, "params": {"k": 800.0, "min_k": 18.828955462183217, "min_support": 38.50915364077236}, "datetime": {"datetime": "2021-06-17 19:51:13", "elapsed": 9403.893545, "delta": 500.95066}}
{"target": -1.002840028128285, "params": {"k": 764.636809946805, "min_k": 1.0, "min_support": 1.0}, "datetime": {"datetime": "2021-06-17 20:02:40", "elapsed": 10090.690413, "delta": 686.796868}}
{"target": -1.0118891026153016, "params": {"k": 105.54594981324279, "min_k": 1.0, "min_support": 1.0}, "datetime": {"datetime": "2021-06-17 20:09:26", "elapsed": 10496.264968, "delta": 405.574555}}
{"target": -1.053758050909577, "params": {"k": 106.6289883857195, "min_k": 17.63647924782965, "min_support": 49.56551946392688}, "datetime": {"datetime": "2021-06-17 20:15:29", "elapsed": 10860.077825, "delta": 363.812857}}
{"target": -1.0078852061975223, "params": {"k": 177.6938968797956, "min_k": 20.0, "min_support": 1.0}, "datetime": {"datetime": "2021-06-17 20:22:58", "elapsed": 11308.855082, "delta": 448.777257}}
{"target": -1.0927793775410688, "params": {"k": 7.87091538141619, "min_k": 3.3192470544117034, "min_support": 1.9213978934136513}, "datetime": {"datetime": "2021-06-17 20:28:37", "elapsed": 11647.138823, "delta": 338.283741}}
{"target": -1.0031253028310385, "params": {"k": 623.5853383712007, "min_k": 20.0, "min_support": 1.0}, "datetime": {"datetime": "2021-06-17 20:39:15", "elapsed": 12286.059693, "delta": 638.92087}}
{"target": -1.0491500094528494, "params": {"k": 634.9722681997581, "min_k": 19.544866128102594, "min_support": 46.504624622053186}, "datetime": {"datetime": "2021-06-17 20:46:55", "elapsed": 12745.116065, "delta": 459.056372}}
{"target": -1.005692909406462, "params": {"k": 262.88175026641414, "min_k": 1.0, "min_support": 1.0}, "datetime": {"datetime": "2021-06-17 20:55:15", "elapsed": 13245.805777, "delta": 500.689712}}
{"target": -1.00491708753037, "params": {"k": 310.1559472080326, "min_k": 1.0, "min_support": 1.0}, "datetime": {"datetime": "2021-06-17 21:04:06", "elapsed": 13776.380204, "delta": 530.574427}}
