{"target": -1.0382440536053767, "params": {"lr_bi": 0.03433407057741526, "lr_bu": 0.08561357327048254, "n_epochs": 294.137607015505, "n_factors": 90.20011414535846, "reg_bi": 0.14885658999376852, "reg_bu": 0.14883512309922037, "reg_pu": 0.06169441482969752, "reg_qi": 0.7808967697396924}, "datetime": {"datetime": "2021-06-05 21:10:24", "elapsed": 0.0, "delta": 0.0}}
{"target": -1.119393332588163, "params": {"lr_bi": 0.05449923604514558, "lr_bu": 0.06401845942384804, "n_epochs": 13.130875246841967, "n_factors": 145.51656797213715, "reg_bi": 0.7508739503123754, "reg_bu": 0.19898180850366579, "reg_pu": 0.17182422081431956, "reg_qi": 0.1732300137695561}, "datetime": {"datetime": "2021-06-05 21:12:54", "elapsed": 150.237666, "delta": 150.237666}}
{"target": -1.0379574325449712, "params": {"lr_bi": 0.028077559623398855, "lr_bu": 0.047703322415269166, "n_epochs": 175.61828236363573, "n_factors": 44.39314188950824, "reg_bi": 0.5545490763029177, "reg_bu": 0.13414953598031723, "reg_pu": 0.27000873719634416, "reg_qi": 0.3360620405313856}, "datetime": {"datetime": "2021-06-05 21:18:52", "elapsed": 507.502173, "delta": 357.264507}}
{"target": -1.0469442845605155, "params": {"lr_bi": 0.0415902285953162, "lr_bu": 0.07088066056397821, "n_epochs": 83.87114395255209, "n_factors": 77.62093132362813, "reg_bi": 0.5372489662872179, "reg_bu": 0.05134086732079798, "reg_pu": 0.5507149181922801, "reg_qi": 0.16176647008168948}, "datetime": {"datetime": "2021-06-05 21:23:26", "elapsed": 782.205841, "delta": 274.703668}}
{"target": -1.0288282901491, "params": {"lr_bi": 0.006789591775689876, "lr_bu": 0.08545081281554666, "n_epochs": 386.4246530644509, "n_factors": 121.45120486935271, "reg_bi": 0.28110625456429994, "reg_bu": 0.09692818146568163, "reg_pu": 0.6189673935958196, "reg_qi": 0.40173571942824515}, "datetime": {"datetime": "2021-06-05 21:43:35", "elapsed": 1990.345248, "delta": 1208.139407}}
{"target": -1.0545402860935327, "params": {"lr_bi": 0.011861402901185314, "lr_bu": 0.045070744999903045, "n_epochs": 18.583465840511266, "n_factors": 136.48873990973854, "reg_bi": 0.24031418362401508, "reg_bu": 0.599644833075044, "reg_pu": 0.28742285771957576, "reg_qi": 0.47286053884825163}, "datetime": {"datetime": "2021-06-05 21:46:05", "elapsed": 2141.092746, "delta": 150.747498}}
{"target": -1.0481097160233472, "params": {"lr_bi": 0.04965721486155189, "lr_bu": 0.017452046541771907, "n_epochs": 387.98592796700063, "n_factors": 116.49479068080606, "reg_bi": 0.8461540579921283, "reg_bu": 0.8063963418806075, "reg_pu": 0.5421309811418658, "reg_qi": 0.830468069170574}, "datetime": {"datetime": "2021-06-05 22:05:04", "elapsed": 3279.633069, "delta": 1138.540323}}
{"target": -1.050018901590677, "params": {"lr_bi": 0.07580303874772454, "lr_bu": 0.055102243664662924, "n_epochs": 386.16495212103723, "n_factors": 128.42234855332737, "reg_bi": 0.31279161473938927, "reg_bu": 0.7523943421929017, "reg_pu": 0.7842424099937544, "reg_qi": 0.8730552416023301}, "datetime": {"datetime": "2021-06-05 22:25:07", "elapsed": 4483.097122, "delta": 1203.464053}}
{"target": -1.0278117950780998, "params": {"lr_bi": 0.024075439458615257, "lr_bu": 0.05731362091797137, "n_epochs": 380.3899847343696, "n_factors": 120.28639602341306, "reg_bi": 0.06307696310010531, "reg_bu": 0.2029108083075227, "reg_pu": 0.3172553867664385, "reg_qi": 0.7536399630132657}, "datetime": {"datetime": "2021-06-05 22:44:04", "elapsed": 5619.320962, "delta": 1136.22384}}
{"target": -1.0277612065351103, "params": {"lr_bi": 0.022276405470848682, "lr_bu": 0.002997307338558114, "n_epochs": 370.2901882090898, "n_factors": 117.7450970700101, "reg_bi": 0.5167026304947553, "reg_bu": 0.12509845511609444, "reg_pu": 0.19465958205938214, "reg_qi": 0.3064458688197852}, "datetime": {"datetime": "2021-06-05 23:02:10", "elapsed": 6705.578815, "delta": 1086.257853}}
{"target": -1.0539852740109303, "params": {"lr_bi": 0.028126637753341874, "lr_bu": 0.08440030644514984, "n_epochs": 370.93578118599595, "n_factors": 127.74119340529535, "reg_bi": 0.8692544735504346, "reg_bu": 0.2970384364917789, "reg_pu": 0.7751282944988819, "reg_qi": 0.041894488484962855}, "datetime": {"datetime": "2021-06-05 23:21:17", "elapsed": 7852.597569, "delta": 1147.018754}}
{"target": -1.0251605831220292, "params": {"lr_bi": 0.001, "lr_bu": 0.09, "n_epochs": 374.650194320946, "n_factors": 110.47961626490523, "reg_bi": 0.01, "reg_bu": 0.01, "reg_pu": 0.9, "reg_qi": 0.01}, "datetime": {"datetime": "2021-06-05 23:38:54", "elapsed": 8909.744549, "delta": 1057.14698}}
{"target": -1.0171031985324634, "params": {"lr_bi": 0.012309744415187486, "lr_bu": 0.031980849847461454, "n_epochs": 364.8690576034616, "n_factors": 108.6329166518434, "reg_bi": 0.15972063235131223, "reg_bu": 0.01, "reg_pu": 0.27881930328250143, "reg_qi": 0.4067216032906056}, "datetime": {"datetime": "2021-06-05 23:55:53", "elapsed": 9928.688827, "delta": 1018.944278}}
{"target": -1.0426168851091542, "params": {"lr_bi": 0.010553815131589178, "lr_bu": 0.06685161448696944, "n_epochs": 369.8474142129185, "n_factors": 99.80881268347474, "reg_bi": 0.7550795348509327, "reg_bu": 0.6033990072528124, "reg_pu": 0.68593682666308, "reg_qi": 0.16316543389209015}, "datetime": {"datetime": "2021-06-06 00:12:16", "elapsed": 10911.958459, "delta": 983.269632}}
{"target": -1.0590793640766898, "params": {"lr_bi": 0.06845470983775968, "lr_bu": 0.08715864004295275, "n_epochs": 388.1369293690605, "n_factors": 111.13929560706161, "reg_bi": 0.7255997168069382, "reg_bu": 0.6604097929945211, "reg_pu": 0.6123420338790461, "reg_qi": 0.8154249743166128}, "datetime": {"datetime": "2021-06-06 00:30:57", "elapsed": 12033.010502, "delta": 1121.052043}}
{"target": -1.0436938964019578, "params": {"lr_bi": 0.06965313352427359, "lr_bu": 0.06499152421393009, "n_epochs": 355.8739299592519, "n_factors": 113.19505348245863, "reg_bi": 0.01, "reg_bu": 0.0497497793538934, "reg_pu": 0.753585380776896, "reg_qi": 0.9}, "datetime": {"datetime": "2021-06-06 00:48:09", "elapsed": 13064.874574, "delta": 1031.864072}}
{"target": -1.0512270776820687, "params": {"lr_bi": 0.08812867052803505, "lr_bu": 0.017087474128369542, "n_epochs": 25.816397164831287, "n_factors": 122.67008798934044, "reg_bi": 0.6605742609710362, "reg_bu": 0.14954803046014423, "reg_pu": 0.7359155270730294, "reg_qi": 0.844994678685102}, "datetime": {"datetime": "2021-06-06 00:50:55", "elapsed": 13231.20993, "delta": 166.335356}}
{"target": -1.0305557129833829, "params": {"lr_bi": 0.0325590946710247, "lr_bu": 0.051093293909759696, "n_epochs": 355.57518567095207, "n_factors": 98.70702888193873, "reg_bi": 0.1393425390781615, "reg_bu": 0.2501744436547311, "reg_pu": 0.1032109580401672, "reg_qi": 0.5114160851045783}, "datetime": {"datetime": "2021-06-06 01:07:28", "elapsed": 14224.051714, "delta": 992.841784}}
{"target": -1.0755312389914582, "params": {"lr_bi": 0.03558549366727612, "lr_bu": 0.07650388484559952, "n_epochs": 344.81397633659026, "n_factors": 90.39588939073703, "reg_bi": 0.8679529663251834, "reg_bu": 0.6693381000531801, "reg_pu": 0.014619767781065822, "reg_qi": 0.44960477490938544}, "datetime": {"datetime": "2021-06-06 01:22:35", "elapsed": 15130.460657, "delta": 906.408943}}
{"target": -1.0597060243443832, "params": {"lr_bi": 0.03028045890191435, "lr_bu": 0.07755425708856542, "n_epochs": 165.17795636399066, "n_factors": 55.11133960008477, "reg_bi": 0.473287659543037, "reg_bu": 0.2869985128128849, "reg_pu": 0.3944415064550319, "reg_qi": 0.0678389841433076}, "datetime": {"datetime": "2021-06-06 01:29:02", "elapsed": 15517.457462, "delta": 386.996805}}
{"target": -1.0221772063829964, "params": {"lr_bi": 0.0025571994883480573, "lr_bu": 0.03634521060304152, "n_epochs": 187.06943815034637, "n_factors": 36.306935269484356, "reg_bi": 0.4407412571268637, "reg_bu": 0.7065622390005304, "reg_pu": 0.4444137511095695, "reg_qi": 0.2974243030443667}, "datetime": {"datetime": "2021-06-06 01:35:01", "elapsed": 15876.352432, "delta": 358.89497}}
{"target": -1.0399696593149153, "params": {"lr_bi": 0.07724700805058167, "lr_bu": 0.0011289356200718465, "n_epochs": 191.9347241486902, "n_factors": 44.89562189144754, "reg_bi": 0.2613920797683008, "reg_bu": 0.5622576177899142, "reg_pu": 0.36305413138585707, "reg_qi": 0.6703497277476548}, "datetime": {"datetime": "2021-06-06 01:41:34", "elapsed": 16269.663286, "delta": 393.310854}}
{"target": -1.0309694396601738, "params": {"lr_bi": 0.031646830449046835, "lr_bu": 0.00188241721644769, "n_epochs": 179.60087393400542, "n_factors": 31.029134953113452, "reg_bi": 0.4249198441960479, "reg_bu": 0.43208962536815015, "reg_pu": 0.7155045827040091, "reg_qi": 0.32996430580582037}, "datetime": {"datetime": "2021-06-06 01:46:58", "elapsed": 16593.422955, "delta": 323.759669}}
{"target": -1.0459493764315968, "params": {"lr_bi": 0.024901621457050008, "lr_bu": 0.05240112872538715, "n_epochs": 191.15120618401772, "n_factors": 27.432612938150914, "reg_bi": 0.860806383488349, "reg_bu": 0.09532490534999294, "reg_pu": 0.27454698119262694, "reg_qi": 0.6190293473832515}, "datetime": {"datetime": "2021-06-06 01:52:24", "elapsed": 16920.254015, "delta": 326.83106}}
{"target": -1.0404922173184912, "params": {"lr_bi": 0.07799707865211601, "lr_bu": 0.02144156526581103, "n_epochs": 166.0263854576227, "n_factors": 29.791818453801135, "reg_bi": 0.4121048159596151, "reg_bu": 0.18835760634523158, "reg_pu": 0.36136417394048165, "reg_qi": 0.4073011252489524}, "datetime": {"datetime": "2021-06-06 01:57:27", "elapsed": 17223.175511, "delta": 302.921496}}
{"target": -1.0458050970311574, "params": {"lr_bi": 0.0022171659645170688, "lr_bu": 0.024298591154992177, "n_epochs": 361.1593403971526, "n_factors": 103.80703605850736, "reg_bi": 0.4312384454782567, "reg_bu": 0.09538689584325698, "reg_pu": 0.06467468005347156, "reg_qi": 0.03819717511145254}, "datetime": {"datetime": "2021-06-06 02:14:29", "elapsed": 18245.258563, "delta": 1022.083052}}
{"target": -1.0447041388372336, "params": {"lr_bi": 0.07588978671896798, "lr_bu": 0.019583856850493322, "n_epochs": 366.3012181034721, "n_factors": 113.4016310637847, "reg_bi": 0.27552458921003453, "reg_bu": 0.8192587267192784, "reg_pu": 0.4812899177624654, "reg_qi": 0.19724762574512858}, "datetime": {"datetime": "2021-06-06 02:32:39", "elapsed": 19334.99103, "delta": 1089.732467}}
