{"target": -1.0243040429145214, "params": {"lr_bi": 0.03433407057741526, "lr_bu": 0.08561357327048254, "n_epochs": 294.137607015505, "n_factors": 90.20011414535846, "reg_bi": 0.14885658999376852, "reg_bu": 0.14883512309922037, "reg_pu": 0.06169441482969752, "reg_qi": 0.7808967697396924}, "datetime": {"datetime": "2021-06-04 20:32:58", "elapsed": 0.0, "delta": 0.0}}
{"target": -1.7150146109842648, "params": {"lr_bi": 0.05449923604514558, "lr_bu": 0.06401845942384804, "n_epochs": 13.130875246841967, "n_factors": 145.51656797213715, "reg_bi": 0.7508739503123754, "reg_bu": 0.19898180850366579, "reg_pu": 0.17182422081431956, "reg_qi": 0.1732300137695561}, "datetime": {"datetime": "2021-06-04 20:35:43", "elapsed": 164.909942, "delta": 164.909942}}
{"target": -1.044783143332718, "params": {"lr_bi": 0.028077559623398855, "lr_bu": 0.047703322415269166, "n_epochs": 175.61828236363573, "n_factors": 44.39314188950824, "reg_bi": 0.5545490763029177, "reg_bu": 0.13414953598031723, "reg_pu": 0.27000873719634416, "reg_qi": 0.3360620405313856}, "datetime": {"datetime": "2021-06-04 20:42:25", "elapsed": 566.668914, "delta": 401.758972}}
{"target": -1.0441137401108616, "params": {"lr_bi": 0.0415902285953162, "lr_bu": 0.07088066056397821, "n_epochs": 83.87114395255209, "n_factors": 77.62093132362813, "reg_bi": 0.5372489662872179, "reg_bu": 0.05134086732079798, "reg_pu": 0.5507149181922801, "reg_qi": 0.16176647008168948}, "datetime": {"datetime": "2021-06-04 20:47:45", "elapsed": 887.296725, "delta": 320.627811}}
{"target": -1.1177091925797489, "params": {"lr_bi": 0.006789591775689876, "lr_bu": 0.08545081281554666, "n_epochs": 386.4246530644509, "n_factors": 121.45120486935271, "reg_bi": 0.28110625456429994, "reg_bu": 0.09692818146568163, "reg_pu": 0.6189673935958196, "reg_qi": 0.40173571942824515}, "datetime": {"datetime": "2021-06-04 21:10:24", "elapsed": 2245.996639, "delta": 1358.699914}}
{"target": -1.046158595999939, "params": {"lr_bi": 0.011861402901185314, "lr_bu": 0.045070744999903045, "n_epochs": 18.583465840511266, "n_factors": 136.48873990973854, "reg_bi": 0.24031418362401508, "reg_bu": 0.599644833075044, "reg_pu": 0.28742285771957576, "reg_qi": 0.47286053884825163}, "datetime": {"datetime": "2021-06-04 21:13:21", "elapsed": 2422.834489, "delta": 176.83785}}
{"target": -1.2045881886805885, "params": {"lr_bi": 0.04965721486155189, "lr_bu": 0.017452046541771907, "n_epochs": 387.98592796700063, "n_factors": 116.49479068080606, "reg_bi": 0.8461540579921283, "reg_bu": 0.8063963418806075, "reg_pu": 0.5421309811418658, "reg_qi": 0.830468069170574}, "datetime": {"datetime": "2021-06-04 21:35:59", "elapsed": 3780.798242, "delta": 1357.963753}}
{"target": -1.1773641061574813, "params": {"lr_bi": 0.0348669375537675, "lr_bu": 0.07740116291968925, "n_epochs": 302.99860740806866, "n_factors": 3.7365601605294243, "reg_bi": 0.1581832764076919, "reg_bu": 0.4318907174163388, "reg_pu": 0.5962254359922339, "reg_qi": 0.6464620951404894}, "datetime": {"datetime": "2021-06-04 21:41:08", "elapsed": 4089.407064, "delta": 308.608822}}
{"target": -1.0327069530583701, "params": {"lr_bi": 0.04558430450027314, "lr_bu": 0.07869462540439573, "n_epochs": 360.13166700588664, "n_factors": 12.863754546752178, "reg_bi": 0.7512513903782417, "reg_bu": 0.48402341317278524, "reg_pu": 0.5825078674511779, "reg_qi": 0.1124991850124847}, "datetime": {"datetime": "2021-06-04 21:48:03", "elapsed": 4504.461919, "delta": 415.054855}}
{"target": -1.2743277584625123, "params": {"lr_bi": 0.013134053066595298, "lr_bu": 0.06095699312720532, "n_epochs": 206.92948278469362, "n_factors": 4.910229379340125, "reg_bi": 0.05941821039016943, "reg_bu": 0.23071397893998563, "reg_pu": 0.8744126482780555, "reg_qi": 0.7127301687995299}, "datetime": {"datetime": "2021-06-04 21:52:08", "elapsed": 4749.365187, "delta": 244.903268}}
{"target": -1.0966649408124878, "params": {"lr_bi": 0.04978409801089967, "lr_bu": 0.08219225650982578, "n_epochs": 38.39182996770368, "n_factors": 67.93705358624801, "reg_bi": 0.18682119762591068, "reg_bu": 0.535684210989322, "reg_pu": 0.35585398522802714, "reg_qi": 0.5643868789157586}, "datetime": {"datetime": "2021-06-04 21:55:13", "elapsed": 4934.655662, "delta": 185.290475}}
{"target": -1.2176734758620176, "params": {"lr_bi": 0.024275253852039148, "lr_bu": 0.07398038284355722, "n_epochs": 391.8761227794141, "n_factors": 23.536424066194957, "reg_bi": 0.7605857695036584, "reg_bu": 0.6752882409520808, "reg_pu": 0.5899899487641206, "reg_qi": 0.8169013372440395}, "datetime": {"datetime": "2021-06-04 22:04:01", "elapsed": 5463.109253, "delta": 528.453591}}
{"target": -1.1361154647311007, "params": {"lr_bi": 0.05767928911435215, "lr_bu": 0.040772324639282, "n_epochs": 268.64766916362197, "n_factors": 105.82507369251759, "reg_bi": 0.7704187643853841, "reg_bu": 0.5800497782725044, "reg_pu": 0.6681993635636642, "reg_qi": 0.43444537702688857}, "datetime": {"datetime": "2021-06-04 22:18:44", "elapsed": 6346.301589, "delta": 883.192336}}
{"target": -1.217057639246337, "params": {"lr_bi": 0.010505232295389216, "lr_bu": 0.007875392013325409, "n_epochs": 360.26918008593356, "n_factors": 12.450242817368213, "reg_bi": 0.884094255424228, "reg_bu": 0.22304825343068127, "reg_pu": 0.5774192049006321, "reg_qi": 0.8322902835540027}, "datetime": {"datetime": "2021-06-04 22:25:37", "elapsed": 6759.196269, "delta": 412.89468}}
{"target": -1.2246856900087064, "params": {"lr_bi": 0.06845470983775968, "lr_bu": 0.08715864004295275, "n_epochs": 388.1369293690605, "n_factors": 111.13929560706161, "reg_bi": 0.7255997168069382, "reg_bu": 0.6604097929945211, "reg_pu": 0.6123420338790461, "reg_qi": 0.8154249743166128}, "datetime": {"datetime": "2021-06-04 22:46:47", "elapsed": 8029.234306, "delta": 1270.038037}}
{"target": -1.118110783896522, "params": {"lr_bi": 0.07767581984678862, "lr_bu": 0.06100420150940865, "n_epochs": 34.81285082027331, "n_factors": 78.22827528663522, "reg_bi": 0.2506209495224357, "reg_bu": 0.6114922523535378, "reg_pu": 0.44127697752402395, "reg_qi": 0.562106720307811}, "datetime": {"datetime": "2021-06-04 22:49:52", "elapsed": 8214.159431, "delta": 184.925125}}
{"target": -1.2027689417376517, "params": {"lr_bi": 0.013025730475453003, "lr_bu": 0.0035012755179923646, "n_epochs": 195.1245347101784, "n_factors": 108.94119430140019, "reg_bi": 0.8137247927499088, "reg_bu": 0.1435833881027568, "reg_pu": 0.7463975528465867, "reg_qi": 0.5977501311890507}, "datetime": {"datetime": "2021-06-04 23:01:04", "elapsed": 8885.981023, "delta": 671.821592}}
{"target": -1.1156007691801275, "params": {"lr_bi": 0.03809893037204744, "lr_bu": 0.05005990534529852, "n_epochs": 384.6093778712553, "n_factors": 104.66081397074868, "reg_bi": 0.8237407840342329, "reg_bu": 0.01071237090546173, "reg_pu": 0.8809792304492156, "reg_qi": 0.2768555404610588}, "datetime": {"datetime": "2021-06-04 23:20:18", "elapsed": 10039.927468, "delta": 1153.946445}}
{"target": -1.0932171553552084, "params": {"lr_bi": 0.060758994080177424, "lr_bu": 0.009926785308091182, "n_epochs": 160.55901126916635, "n_factors": 99.77653430547727, "reg_bi": 0.7024104481429225, "reg_bu": 0.5206695910748428, "reg_pu": 0.22819449985750886, "reg_qi": 0.8526687657292675}, "datetime": {"datetime": "2021-06-04 23:29:07", "elapsed": 10569.019053, "delta": 529.091585}}
{"target": -1.0467427520278996, "params": {"lr_bi": 0.08634685379985135, "lr_bu": 0.005555673926595384, "n_epochs": 253.26219202063476, "n_factors": 127.59113364085047, "reg_bi": 0.06642540363353039, "reg_bu": 0.3955942886721795, "reg_pu": 0.011045556931374217, "reg_qi": 0.05613575345017152}, "datetime": {"datetime": "2021-06-04 23:44:03", "elapsed": 11464.997098, "delta": 895.978045}}
{"target": -0.9925282873777459, "params": {"lr_bi": 0.07097816189291287, "lr_bu": 0.013214019700258189, "n_epochs": 374.4103906115876, "n_factors": 48.8747412883062, "reg_bi": 0.5418530722388298, "reg_bu": 0.8416766896731603, "reg_pu": 0.21073344043136966, "reg_qi": 0.03045562386535476}, "datetime": {"datetime": "2021-06-05 00:01:44", "elapsed": 12526.279681, "delta": 1061.282583}}
{"target": -1.0475594594684852, "params": {"lr_bi": 0.06257933338057216, "lr_bu": 0.01923685463978843, "n_epochs": 292.1859819221999, "n_factors": 129.8996665588264, "reg_bi": 0.07249928082584389, "reg_bu": 0.09560188635116915, "reg_pu": 0.17739426422170018, "reg_qi": 0.5439272796160401}, "datetime": {"datetime": "2021-06-05 00:34:02", "elapsed": 14463.894546, "delta": 1937.614865}}
{"target": -1.1357425784684512, "params": {"lr_bi": 0.05286115590036101, "lr_bu": 0.006708871220703382, "n_epochs": 42.241091047280506, "n_factors": 56.711674817941976, "reg_bi": 0.6174398208452495, "reg_bu": 0.4473533035381259, "reg_pu": 0.42201989284868235, "reg_qi": 0.6850927740175624}, "datetime": {"datetime": "2021-06-05 00:36:59", "elapsed": 14640.774808, "delta": 176.880262}}
{"target": -1.0512260760534056, "params": {"lr_bi": 0.0654405745696229, "lr_bu": 0.02172755390526036, "n_epochs": 59.25290748442005, "n_factors": 21.363980164834576, "reg_bi": 0.7019126163477345, "reg_bu": 0.5844023530496466, "reg_pu": 0.22596649510409458, "reg_qi": 0.459784708837601}, "datetime": {"datetime": "2021-06-05 00:39:49", "elapsed": 14810.989393, "delta": 170.214585}}
{"target": -1.2122369089099099, "params": {"lr_bi": 0.06729126311646354, "lr_bu": 0.023971333212486495, "n_epochs": 96.95538070710512, "n_factors": 141.82086585794124, "reg_bi": 0.030363281289000968, "reg_bu": 0.5287105803704062, "reg_pu": 0.5865681395994672, "reg_qi": 0.7990593009992064}, "datetime": {"datetime": "2021-06-05 00:46:50", "elapsed": 15232.055333, "delta": 421.06594}}
{"target": -1.1059603895043388, "params": {"lr_bi": 0.03823835587868563, "lr_bu": 0.03219526702824569, "n_epochs": 223.460146807835, "n_factors": 67.14204248723587, "reg_bi": 0.5566929291368874, "reg_bu": 0.11520571879824104, "reg_pu": 0.2952729407165632, "reg_qi": 0.7530755544239096}, "datetime": {"datetime": "2021-06-05 00:55:48", "elapsed": 15770.202964, "delta": 538.147631}}
{"target": -1.132463256310145, "params": {"lr_bi": 0.08212587238421178, "lr_bu": 0.010890132561956485, "n_epochs": 83.7153850259915, "n_factors": 77.67006585342858, "reg_bi": 0.4509885303699936, "reg_bu": 0.21178296962293822, "reg_pu": 0.8034344909825675, "reg_qi": 0.35111798531474225}, "datetime": {"datetime": "2021-06-05 01:01:03", "elapsed": 16085.098238, "delta": 314.895274}}
