{"target": -1.2511772863200306, "params": {"gamma": 0.011548933505997193, "lambda_item": 0.8556675186157197, "lambda_user": 0.6589285506593588, "num_features": 30.735607241457757}, "datetime": {"datetime": "2021-07-17 15:33:47", "elapsed": 0.0, "delta": 0.0}}
{"target": -1.004374450210236, "params": {"gamma": 0.005102549893051877, "lambda_item": 0.14081707104241428, "lambda_user": 0.05274620914529542, "num_features": 43.57645499719689}, "datetime": {"datetime": "2021-07-17 16:28:51", "elapsed": 3304.114133, "delta": 3304.114133}}
{"target": -1.0125223601811324, "params": {"gamma": 0.01823289284642466, "lambda_item": 0.637411283727543, "lambda_user": 0.019015752619074303, "num_features": 48.55567290377573}, "datetime": {"datetime": "2021-07-17 17:25:33", "elapsed": 6705.934956, "delta": 3401.820823}}
{"target": -1.0169342807749475, "params": {"gamma": 0.02505705790361244, "lambda_item": 0.19149903005510943, "lambda_user": 0.16405155800278703, "num_features": 10.803416472964823}, "datetime": {"datetime": "2021-07-17 18:21:16", "elapsed": 10049.734927, "delta": 3343.799971}}
{"target": -1.0885971786935695, "params": {"gamma": 0.009475146167306363, "lambda_item": 0.47251841025319796, "lambda_user": 0.38903454426858314, "num_features": 15.978998729506012}, "datetime": {"datetime": "2021-07-17 19:18:00", "elapsed": 13452.802522, "delta": 3403.067595}}
{"target": -1.0165132354222968, "params": {"gamma": 0.018549660394310195, "lambda_item": 0.12597472765651163, "lambda_user": 0.26328411135742874, "num_features": 19.5853684780972}, "datetime": {"datetime": "2021-07-17 20:14:47", "elapsed": 16860.34146, "delta": 3407.538938}}
{"target": -1.0631472279616452, "params": {"gamma": 0.013954064534402559, "lambda_item": 0.7067657772730157, "lambda_user": 0.1801065670514446, "num_features": 26.683253043853355}, "datetime": {"datetime": "2021-07-17 21:16:31", "elapsed": 20564.164287, "delta": 3703.822827}}
{"target": -1.0084894133755788, "params": {"gamma": 0.008277507241710268, "lambda_item": 0.12784445600783562, "lambda_user": 0.14487256357520667, "num_features": 43.61286338939834}, "datetime": {"datetime": "2021-07-17 22:22:51", "elapsed": 24543.955329, "delta": 3979.791042}}
{"target": -1.068155886923136, "params": {"gamma": 0.0005, "lambda_item": 0.9, "lambda_user": 0.0005, "num_features": 40.705804121864276}, "datetime": {"datetime": "2021-07-17 23:29:23", "elapsed": 28535.846118, "delta": 3991.890789}}
{"target": -1.0306373689534674, "params": {"gamma": 0.012117739778677342, "lambda_item": 0.0005, "lambda_user": 0.9, "num_features": 22.516914395190437}, "datetime": {"datetime": "2021-07-18 00:35:02", "elapsed": 32475.055241, "delta": 3939.209123}}
{"target": -1.0001722415244627, "params": {"gamma": 0.03, "lambda_item": 0.030162914466790064, "lambda_user": 0.03895858527743161, "num_features": 7.4565475230902685}, "datetime": {"datetime": "2021-07-18 01:40:05", "elapsed": 36378.486465, "delta": 3903.431224}}
{"target": -1.451574738697143, "params": {"gamma": 0.0005, "lambda_item": 0.9, "lambda_user": 0.9, "num_features": 4.334191104908683}, "datetime": {"datetime": "2021-07-18 02:48:23", "elapsed": 40476.602855, "delta": 4098.11639}}
{"target": -1.061143140929632, "params": {"gamma": 0.0005, "lambda_item": 0.9, "lambda_user": 0.0005, "num_features": 46.05929656355575}, "datetime": {"datetime": "2021-07-18 03:58:49", "elapsed": 44702.573706, "delta": 4225.970851}}
{"target": -1.3972178639392712, "params": {"gamma": 0.0005, "lambda_item": 0.9, "lambda_user": 0.9, "num_features": 8.982236268270945}, "datetime": {"datetime": "2021-07-18 05:02:43", "elapsed": 48536.349427, "delta": 3833.775721}}
{"target": -1.0435590018523175, "params": {"gamma": 0.006381754331794252, "lambda_item": 0.11277823103846756, "lambda_user": 0.78524078814473, "num_features": 20.93336358873038}, "datetime": {"datetime": "2021-07-18 05:55:21", "elapsed": 51694.189639, "delta": 3157.840212}}
{"target": NaN, "params": {"gamma": 0.03, "lambda_item": 0.0005, "lambda_user": 0.0005, "num_features": 12.188298202803699}, "datetime": {"datetime": "2021-07-18 06:47:25", "elapsed": 54818.016016, "delta": 3123.826377}}
