{"target": -1.0094852231626223, "params": {"lr_bi": 0.0039963209507788994, "lr_bu": 0.00860571445127933, "lr_pu": 0.006855951534491241, "lr_qi": 0.005789267873576293, "n_epochs": 66.62736297476243, "n_factors": 27.619205448749383, "reg_bi": 0.06169441482969752, "reg_bu": 0.7808967697396924, "reg_pu": 0.5449923604514558, "reg_qi": 0.6401845942384805}, "datetime": {"datetime": "2021-06-03 18:24:18", "elapsed": 0.0, "delta": 0.0}}
{"target": -1.008540695605765, "params": {"lr_bi": 0.0011646759543664197, "lr_bu": 0.008759278817295955, "lr_pu": 0.0076595411264033745, "lr_qi": 0.0026987128854262096, "n_epochs": 76.82086204680475, "n_factors": 31.593653928747905, "reg_bi": 0.28077559623398857, "reg_bu": 0.47703322415269167, "reg_pu": 0.394431066591483, "reg_qi": 0.2691939347762573}, "datetime": {"datetime": "2021-06-03 18:27:16", "elapsed": 177.955876, "delta": 177.955876}}
{"target": -1.009495317965061, "params": {"lr_bi": 0.005894823157779036, "lr_bu": 0.002115950885216335, "lr_pu": 0.003337157188281745, "lr_qi": 0.003930894746349533, "n_epochs": 185.14764376572919, "n_factors": 118.85051440198697, "reg_bi": 0.18770966612094017, "reg_bu": 0.4676686501881143, "reg_pu": 0.5372489662872179, "reg_qi": 0.05134086732079798}, "datetime": {"datetime": "2021-06-03 18:36:10", "elapsed": 712.07279, "delta": 534.116914}}
{"target": -1.0124996030705788, "params": {"lr_bi": 0.005860358815211507, "lr_bu": 0.0023641929894983324, "lr_pu": 0.0015204127438822363, "lr_qi": 0.008591084298026666, "n_epochs": 386.4246530644509, "n_factors": 122.21761547688686, "reg_bi": 0.28110625456429994, "reg_bu": 0.09692818146568163, "reg_pu": 0.6189673935958196, "reg_qi": 0.40173571942824515}, "datetime": {"datetime": "2021-06-03 18:53:22", "elapsed": 1744.309264, "delta": 1032.236474}}
{"target": -1.010185762454296, "params": {"lr_bi": 0.0019763058787582305, "lr_bu": 0.004961415280890161, "lr_pu": 0.0012751081689217473, "lr_qi": 0.008274563216630258, "n_epochs": 107.21809273200668, "n_factors": 101.06573123132739, "reg_bi": 0.28742285771957576, "reg_bu": 0.47286053884825163, "reg_pu": 0.4965721486155189, "reg_qi": 0.17452046541771907}, "datetime": {"datetime": "2021-06-03 18:58:47", "elapsed": 2068.915193, "delta": 324.605929}}
{"target": -0.9984310777319738, "params": {"lr_bi": 0.00875667702211647, "lr_bu": 0.007201062586888916, "lr_pu": 0.008515991532513513, "lr_qi": 0.00815861880342119, "n_epochs": 241.17049163037862, "n_factors": 138.67176407835194, "reg_bi": 0.08875832682620835, "reg_bu": 0.18442474755303923, "reg_pu": 0.05025228713037888, "reg_qi": 0.2995439943793053}, "datetime": {"datetime": "2021-06-03 19:11:05", "elapsed": 2806.675203, "delta": 737.76001}}
{"target": -1.0106283218453163, "params": {"lr_bi": 0.004109418317515856, "lr_bu": 0.003170792254191167, "lr_pu": 0.007629900073215435, "lr_qi": 0.0038540266135487144, "n_epochs": 115.9691313265154, "n_factors": 83.69093205794603, "reg_bi": 0.13542256022753876, "reg_bu": 0.7239553128710953, "reg_pu": 0.07635007287499603, "reg_qi": 0.8883293735744604}, "datetime": {"datetime": "2021-06-03 19:16:15", "elapsed": 3117.206649, "delta": 310.531446}}
{"target": -1.0012831257754247, "params": {"lr_bi": 0.0017467471782492102, "lr_bu": 0.0025799657975702833, "lr_pu": 0.005928817930760929, "lr_qi": 0.004475825295194707, "n_epochs": 268.33632987331407, "n_factors": 146.14391234676708, "reg_bi": 0.05691521678390843, "reg_bu": 0.18054773803948831, "reg_pu": 0.5797992910596854, "reg_qi": 0.8079085406694543}, "datetime": {"datetime": "2021-06-03 19:30:17", "elapsed": 3959.62573, "delta": 842.419081}}
{"target": -0.9977349173436256, "params": {"lr_bi": 0.004883376058217908, "lr_bu": 0.004431175525991387, "lr_pu": 0.006958644791003301, "lr_qi": 0.0027102489475317616, "n_epochs": 239.6377638272824, "n_factors": 138.3426088125375, "reg_bi": 0.05909507825650532, "reg_bu": 0.7971640114655658, "reg_pu": 0.1959219776015172, "reg_qi": 0.08346294099325781}, "datetime": {"datetime": "2021-06-03 19:42:32", "elapsed": 4694.299091, "delta": 734.673361}}
{"target": -0.995893202065478, "params": {"lr_bi": 0.001, "lr_bu": 0.001, "lr_pu": 0.001, "lr_qi": 0.001, "n_epochs": 222.11693740843398, "n_factors": 150.0, "reg_bi": 0.9, "reg_bu": 0.9, "reg_pu": 0.9, "reg_qi": 0.01}, "datetime": {"datetime": "2021-06-03 19:54:42", "elapsed": 5423.765662, "delta": 729.466571}}
{"target": -1.0365992931713626, "params": {"lr_bi": 0.008128162675310488, "lr_bu": 0.007342957310276206, "lr_pu": 0.008229752215777694, "lr_qi": 0.006031012135202529, "n_epochs": 232.45306159034376, "n_factors": 110.08197001987342, "reg_bi": 0.875702349249894, "reg_bu": 0.7352289096291977, "reg_pu": 0.19885647539055412, "reg_qi": 0.3991136945872015}, "datetime": {"datetime": "2021-06-03 20:05:02", "elapsed": 6044.213911, "delta": 620.448249}}
{"target": -0.9943751669689135, "params": {"lr_bi": 0.0014163513368102582, "lr_bu": 0.009, "lr_pu": 0.009, "lr_qi": 0.001, "n_epochs": 199.3983352255967, "n_factors": 150.0, "reg_bi": 0.01, "reg_bu": 0.9, "reg_pu": 0.01, "reg_qi": 0.9}, "datetime": {"datetime": "2021-06-03 20:16:07", "elapsed": 6709.453754, "delta": 665.239843}}
{"target": -1.0072940849720087, "params": {"lr_bi": 0.00877777516326373, "lr_bu": 0.0015089200259449979, "lr_pu": 0.0018130474596000177, "lr_qi": 0.004378867325515035, "n_epochs": 171.75948316821234, "n_factors": 147.56204879940825, "reg_bi": 0.35590401392745524, "reg_bu": 0.8670805421138613, "reg_pu": 0.2679698382670011, "reg_qi": 0.015483945490462666}, "datetime": {"datetime": "2021-06-03 20:25:45", "elapsed": 7286.825385, "delta": 577.371631}}
{"target": -1.0324909326134868, "params": {"lr_bi": 0.00764168873155996, "lr_bu": 0.0030931234739946635, "lr_pu": 0.004829351955649616, "lr_qi": 0.00860080450712217, "n_epochs": 298.5778466539401, "n_factors": 145.04155604702285, "reg_bi": 0.7965712805796616, "reg_bu": 0.6184328381181023, "reg_pu": 0.4716492330055752, "reg_qi": 0.38757797987182574}, "datetime": {"datetime": "2021-06-03 20:40:55", "elapsed": 8197.485544, "delta": 910.660159}}
{"target": -1.0281489635086491, "params": {"lr_bi": 0.004127020284154577, "lr_bu": 0.002811953061682332, "lr_pu": 0.006825219827249992, "lr_qi": 0.008271013221078316, "n_epochs": 209.14167227021642, "n_factors": 136.5592887205805, "reg_bi": 0.7780569735989943, "reg_bu": 0.39086131471885055, "reg_pu": 0.6787410706792568, "reg_qi": 0.36842574147968676}, "datetime": {"datetime": "2021-06-03 20:51:29", "elapsed": 8831.015356, "delta": 633.529812}}
{"target": -1.0102876668730776, "params": {"lr_bi": 0.0028392467589740426, "lr_bu": 0.0027937508346793567, "lr_pu": 0.004591895482430654, "lr_qi": 0.001, "n_epochs": 233.0517385915471, "n_factors": 148.74334248679318, "reg_bi": 0.29209021119647127, "reg_bu": 0.3175949788873523, "reg_pu": 0.7348715581970471, "reg_qi": 0.33590353107668397}, "datetime": {"datetime": "2021-06-03 21:03:13", "elapsed": 9535.582546, "delta": 704.56719}}
{"target": -1.0223709743222755, "params": {"lr_bi": 0.006607071678895896, "lr_bu": 0.00796977666820493, "lr_pu": 0.006719095374643568, "lr_qi": 0.006317761166070054, "n_epochs": 192.86929627343844, "n_factors": 149.78887221838937, "reg_bi": 0.5244663554510353, "reg_bu": 0.39000778355118104, "reg_pu": 0.7884622670770619, "reg_qi": 0.3307306656540205}, "datetime": {"datetime": "2021-06-03 21:13:13", "elapsed": 10134.672807, "delta": 599.090261}}
{"target": -1.026670427675262, "params": {"lr_bi": 0.005147019881508549, "lr_bu": 0.004012278824170132, "lr_pu": 0.0017411710777496233, "lr_qi": 0.00848913038499027, "n_epochs": 220.2218612579033, "n_factors": 146.31696605577525, "reg_bi": 0.5648543168038483, "reg_bu": 0.8266081605599922, "reg_pu": 0.29500715806132904, "reg_qi": 0.5417665321967525}, "datetime": {"datetime": "2021-06-03 21:24:16", "elapsed": 10798.643482, "delta": 663.970675}}
{"target": -1.0088903675502852, "params": {"lr_bi": 0.003617675361124025, "lr_bu": 0.007095579186292883, "lr_pu": 0.007357495661924694, "lr_qi": 0.0022611569584859276, "n_epochs": 201.55790684702637, "n_factors": 149.62721158139067, "reg_bi": 0.07829557619877055, "reg_bu": 0.7559941086166783, "reg_pu": 0.4194178955595149, "reg_qi": 0.8122740383720124}, "datetime": {"datetime": "2021-06-03 21:34:40", "elapsed": 11421.817865, "delta": 623.174383}}
{"target": -1.0086869117272232, "params": {"lr_bi": 0.008833070891023063, "lr_bu": 0.006139835488476303, "lr_pu": 0.003421721600122787, "lr_qi": 0.0038948351963702583, "n_epochs": 197.3528188322252, "n_factors": 149.68350204681266, "reg_bi": 0.05460498499544941, "reg_bu": 0.24971910849455783, "reg_pu": 0.09799719624332914, "reg_qi": 0.6291388511972751}, "datetime": {"datetime": "2021-06-03 21:44:51", "elapsed": 12033.482191, "delta": 611.664326}}
{"target": -1.0047592335672906, "params": {"lr_bi": 0.004420075284305538, "lr_bu": 0.007925354461576384, "lr_pu": 0.00872352601435513, "lr_qi": 0.002815883998042122, "n_epochs": 239.3061554536017, "n_factors": 140.44239934916706, "reg_bi": 0.07910055754532556, "reg_bu": 0.15886202526801108, "reg_pu": 0.5126621711284794, "reg_qi": 0.5448279887106001}, "datetime": {"datetime": "2021-06-03 21:56:25", "elapsed": 12726.816435, "delta": 693.334244}}
{"target": -1.02261999384837, "params": {"lr_bi": 0.0013765297190043127, "lr_bu": 0.005086271060542817, "lr_pu": 0.008800882272271274, "lr_qi": 0.004128483097552807, "n_epochs": 239.18010332703594, "n_factors": 136.20927060813145, "reg_bi": 0.7403658595707714, "reg_bu": 0.26372336810838093, "reg_pu": 0.43753566813365896, "reg_qi": 0.37015617307838933}, "datetime": {"datetime": "2021-06-03 22:07:45", "elapsed": 13407.042016, "delta": 680.225581}}
{"target": -1.0209100777953668, "params": {"lr_bi": 0.001184599066193532, "lr_bu": 0.003186830282871832, "lr_pu": 0.004113398657342152, "lr_qi": 0.008609812936354468, "n_epochs": 221.65263377667833, "n_factors": 149.93143299301187, "reg_bi": 0.6968145709672143, "reg_bu": 0.3306633874440183, "reg_pu": 0.2887236557130495, "reg_qi": 0.7750886989770652}, "datetime": {"datetime": "2021-06-03 22:19:00", "elapsed": 14081.817469, "delta": 674.775453}}
{"target": -1.0160245383322688, "params": {"lr_bi": 0.007129010140481005, "lr_bu": 0.008071611450500806, "lr_pu": 0.006574775933068168, "lr_qi": 0.007218938173244278, "n_epochs": 55.0014407385629, "n_factors": 40.20610305214719, "reg_bi": 0.15454925794755492, "reg_bu": 0.7669439134162337, "reg_pu": 0.8053988053240015, "reg_qi": 0.34058509850363067}, "datetime": {"datetime": "2021-06-03 22:21:33", "elapsed": 14234.925491, "delta": 153.108022}}
{"target": -1.0151731551142211, "params": {"lr_bi": 0.0032779942636998135, "lr_bu": 0.006416040257845169, "lr_pu": 0.008102022538133961, "lr_qi": 0.0035457271222022638, "n_epochs": 130.23696250814075, "n_factors": 73.93088164665676, "reg_bi": 0.34912200786205305, "reg_bu": 0.5757234743570921, "reg_pu": 0.7983106795817045, "reg_qi": 0.38869316210571364}, "datetime": {"datetime": "2021-06-03 22:26:32", "elapsed": 14534.26068, "delta": 299.335189}}
{"target": -1.004002402711203, "params": {"lr_bi": 0.0013519030405535438, "lr_bu": 0.005931134610947789, "lr_pu": 0.0069915491585307195, "lr_qi": 0.0026635019228659785, "n_epochs": 203.23942351716974, "n_factors": 99.38862186479635, "reg_bi": 0.05298737281826794, "reg_bu": 0.636430811688416, "reg_pu": 0.47101854517670744, "reg_qi": 0.07201523007965453}, "datetime": {"datetime": "2021-06-03 22:34:40", "elapsed": 15022.664736, "delta": 488.404056}}
{"target": -1.0164485675259827, "params": {"lr_bi": 0.0010793863796188755, "lr_bu": 0.008738050741487015, "lr_pu": 0.0021586442067992205, "lr_qi": 0.0020827678301540333, "n_epochs": 112.09063200334222, "n_factors": 57.96900891622619, "reg_bi": 0.46356785417648994, "reg_bu": 0.7486486095736402, "reg_pu": 0.5831736472832468, "reg_qi": 0.1160923782724508}, "datetime": {"datetime": "2021-06-03 22:38:46", "elapsed": 15268.483125, "delta": 245.818389}}
