  {"target": -1.001089533235702, "params": {"lr_bi": 0.0039963209507788994, "lr_bu": 0.00860571445127933, "lr_pu": 0.006855951534491241, "lr_qi": 0.005789267873576293, "lr_yj": 0.0022481491235394925, "n_epochs": 66.61783553280004, "n_factors": 13.422123764388921, "reg_bi": 0.7808967697396924, "reg_bu": 0.5449923604514558, "reg_pu": 0.6401845942384805, "reg_qi": 0.028320199923264178, "reg_yj": 0.8732197684241749}, "datetime": {"datetime": "2021-06-25 15:20:07", "elapsed": 0.0, "delta": 0.0}}
  {"target": -1.0170215035758894, "params": {"lr_bi": 0.0076595411264033745, "lr_bu": 0.0026987128854262096, "lr_pu": 0.002454599737656805, "lr_qi": 0.002467236078827471, "lr_yj": 0.003433937943676302, "n_epochs": 212.27879049473395, "n_factors": 67.63202770310679, "reg_bi": 0.2691939347762573, "reg_bu": 0.5545490763029177, "reg_pu": 0.13414953598031723, "reg_qi": 0.27000873719634416, "reg_yj": 0.3360620405313856}, "datetime": {"datetime": "2021-06-25 23:24:29", "elapsed": 29062.395581, "delta": 29062.395581}}
  {"target": -1.0077439569628515, "params": {"lr_bi": 0.004648559873736287, "lr_bu": 0.007281407691144109, "lr_pu": 0.0025973902572668777, "lr_qi": 0.005113875507308893, "lr_yj": 0.00573931655089634, "n_epochs": 23.3479130243991, "n_factors": 93.09400352570856, "reg_bi": 0.16176647008168948, "reg_bu": 0.06789591775689877, "reg_pu": 0.8545081281554666, "reg_qi": 0.8694125094363578, "reg_yj": 0.7294736398236504}, "datetime": {"datetime": "2021-06-26 00:33:58", "elapsed": 33230.991158, "delta": 4168.595577}}
  {"target": -1.0277555548250306, "params": {"lr_bi": 0.0034369101533869655, "lr_bu": 0.001781376912051071, "lr_pu": 0.006473864212097255, "lr_qi": 0.00452121994991681, "lr_yj": 0.0019763058787582305, "n_epochs": 200.59487949395174, "n_factors": 9.986335561706667, "reg_bi": 0.8192951578501161, "reg_bu": 0.24031418362401508, "reg_pu": 0.599644833075044, "reg_qi": 0.28742285771957576, "reg_yj": 0.47286053884825163}, "datetime": {"datetime": "2021-06-26 03:29:46", "elapsed": 43779.076879, "delta": 10548.085721}}
  {"target": -0.9911163051774373, "params": {"lr_bi": 0.0053736822347462375, "lr_bu": 0.0024788356442042164, "lr_pu": 0.00875667702211647, "lr_qi": 0.007201062586888916, "lr_yj": 0.008515991532513513, "n_epochs": 358.4568034189213, "n_factors": 91.69549692760735, "reg_bi": 0.830468069170574, "reg_bu": 0.08875832682620835, "reg_pu": 0.18442474755303923, "reg_qi": 0.05025228713037888, "reg_yj": 0.2995439943793053}, "datetime": {"datetime": "2021-06-26 20:50:58", "elapsed": 106250.805105, "delta": 62471.728226}}
  {"target": -1.0247544813384504, "params": {"lr_bi": 0.004109418317515856, "lr_bu": 0.003170792254191167, "lr_pu": 0.007629900073215435, "lr_qi": 0.0038540266135487144, "lr_yj": 0.0032474760774990463, "n_epochs": 219.36495284750814, "n_factors": 25.434012621340585, "reg_bi": 0.7239553128710953, "reg_bu": 0.07635007287499603, "reg_pu": 0.8883293735744604, "reg_qi": 0.6972978446740251, "reg_yj": 0.18685695656541346}, "datetime": {"datetime": "2021-06-27 01:24:05", "elapsed": 122637.738134, "delta": 16386.933029}}
  {"target": -1.006245323507982, "params": {"lr_bi": 0.0010441769369888192, "lr_bu": 0.0075236914276386735, "lr_pu": 0.006654858750780937, "lr_qi": 0.0068320573443278985, "lr_yj": 0.007170162773487566, "n_epochs": 34.2476374349657, "n_factors": 56.977530638919525, "reg_bi": 0.11312346297736545, "reg_bu": 0.7781620490292782, "reg_pu": 0.5647353328765266, "reg_qi": 0.3044992421188578, "reg_yj": 0.06656693175456103}, "datetime": {"datetime": "2021-06-27 02:32:41", "elapsed": 126753.953001, "delta": 4116.214867}}
  {"target": -1.0165495483389342, "params": {"lr_bi": 0.006030811558609776, "lr_bu": 0.005883399442504628, "lr_pu": 0.0016737897419019233, "lr_qi": 0.0036447357721371204, "lr_yj": 0.0026595043768427072, "n_epochs": 399.83883134397286, "n_factors": 148.63695925893617, "reg_bi": 0.2346647541548906, "reg_bu": 0.7295834716972845, "reg_pu": 0.7366518269235025, "reg_qi": 0.8429540668151912, "reg_yj": 0.12496248694281882}, "datetime": {"datetime": "2021-06-28 06:06:40", "elapsed": 225992.699267, "delta": 99238.746266}}
  {"target": -1.1087942747841768, "params": {"lr_bi": 0.001, "lr_bu": 0.001, "lr_pu": 0.009, "lr_qi": 0.009, "lr_yj": 0.009, "n_epochs": 361.1042230477895, "n_factors": 41.165234544788106, "reg_bi": 0.9, "reg_bu": 0.22146614400486225, "reg_pu": 0.01, "reg_qi": 0.07324680562524014, "reg_yj": 0.38556327402115126}, "datetime": {"datetime": "2021-06-28 16:03:33", "elapsed": 261805.682287, "delta": 35812.98302}}