{"target": -1.2225282490359721, "params": {"lr_bi": 0.0039963209507788994, "lr_bu": 0.00860571445127933, "lr_pu": 0.006855951534491241, "lr_qi": 0.005789267873576293, "n_epochs": 66.62736297476243, "n_factors": 27.619205448749383, "reg_bi": 0.06169441482969752, "reg_bu": 0.7808967697396924, "reg_pu": 0.5449923604514558, "reg_qi": 0.6401845942384805}, "datetime": {"datetime": "2021-06-03 10:35:12", "elapsed": 0.0, "delta": 0.0}}
{"target": -1.0808705649544146, "params": {"lr_bi": 0.0011646759543664197, "lr_bu": 0.008759278817295955, "lr_pu": 0.0076595411264033745, "lr_qi": 0.0026987128854262096, "n_epochs": 76.82086204680475, "n_factors": 31.593653928747905, "reg_bi": 0.28077559623398857, "reg_bu": 0.47703322415269167, "reg_pu": 0.394431066591483, "reg_qi": 0.2691939347762573}, "datetime": {"datetime": "2021-06-03 10:38:16", "elapsed": 183.985411, "delta": 183.985411}}
{"target": -1.0243435425329928, "params": {"lr_bi": 0.005894823157779036, "lr_bu": 0.002115950885216335, "lr_pu": 0.003337157188281745, "lr_qi": 0.003930894746349533, "n_epochs": 185.14764376572919, "n_factors": 118.85051440198697, "reg_bi": 0.18770966612094017, "reg_bu": 0.4676686501881143, "reg_pu": 0.5372489662872179, "reg_qi": 0.05134086732079798}, "datetime": {"datetime": "2021-06-03 10:48:25", "elapsed": 792.272949, "delta": 608.287538}}
{"target": -1.175238419841828, "params": {"lr_bi": 0.005860358815211507, "lr_bu": 0.0023641929894983324, "lr_pu": 0.0015204127438822363, "lr_qi": 0.008591084298026666, "n_epochs": 386.4246530644509, "n_factors": 122.21761547688686, "reg_bi": 0.28110625456429994, "reg_bu": 0.09692818146568163, "reg_pu": 0.6189673935958196, "reg_qi": 0.40173571942824515}, "datetime": {"datetime": "2021-06-03 11:08:59", "elapsed": 2026.916677, "delta": 1234.643728}}
{"target": -1.0796030605453417, "params": {"lr_bi": 0.0019763058787582305, "lr_bu": 0.004961415280890161, "lr_pu": 0.0012751081689217473, "lr_qi": 0.008274563216630258, "n_epochs": 107.21809273200668, "n_factors": 101.06573123132739, "reg_bi": 0.28742285771957576, "reg_bu": 0.47286053884825163, "reg_pu": 0.4965721486155189, "reg_qi": 0.17452046541771907}, "datetime": {"datetime": "2021-06-03 11:15:47", "elapsed": 2434.953732, "delta": 408.037055}}
{"target": -1.04403990846921, "params": {"lr_bi": 0.00875667702211647, "lr_bu": 0.007201062586888916, "lr_pu": 0.008515991532513513, "lr_qi": 0.00815861880342119, "n_epochs": 241.17049163037862, "n_factors": 138.67176407835194, "reg_bi": 0.08875832682620835, "reg_bu": 0.18442474755303923, "reg_pu": 0.05025228713037888, "reg_qi": 0.2995439943793053}, "datetime": {"datetime": "2021-06-03 11:31:03", "elapsed": 3350.79007, "delta": 915.836338}}
{"target": -1.0828090078569172, "params": {"lr_bi": 0.004109418317515856, "lr_bu": 0.003170792254191167, "lr_pu": 0.007629900073215435, "lr_qi": 0.0038540266135487144, "n_epochs": 115.9691313265154, "n_factors": 83.69093205794603, "reg_bi": 0.13542256022753876, "reg_bu": 0.7239553128710953, "reg_pu": 0.07635007287499603, "reg_qi": 0.8883293735744604}, "datetime": {"datetime": "2021-06-03 11:37:26", "elapsed": 3733.833482, "delta": 383.043412}}
{"target": -1.2446405296180814, "params": {"lr_bi": 0.0011987712926836256, "lr_bu": 0.0019318331988645756, "lr_pu": 0.008541535276549335, "lr_qi": 0.0017622601006756949, "n_epochs": 241.03579475967268, "n_factors": 138.5401263928243, "reg_bi": 0.5687599252907931, "reg_bu": 0.03914372152577937, "reg_pu": 0.5408082884222065, "reg_qi": 0.8137281230881127}, "datetime": {"datetime": "2021-06-03 11:53:16", "elapsed": 4683.642318, "delta": 949.808836}}
{"target": -1.0140952047296408, "params": {"lr_bi": 0.008108761689021842, "lr_bu": 0.006693088447236483, "lr_pu": 0.002882049582483421, "lr_qi": 0.004174437654559248, "n_epochs": 44.897245358673175, "n_factors": 59.0505090793484, "reg_bi": 0.014387110800831833, "reg_bu": 0.49284147967209097, "reg_pu": 0.05607190780289361, "reg_qi": 0.10816869565817884}, "datetime": {"datetime": "2021-06-03 11:56:00", "elapsed": 4847.450333, "delta": 163.808015}}
{"target": -1.1363946983325475, "params": {"lr_bi": 0.008197869933136414, "lr_bu": 0.0026894175774625764, "lr_pu": 0.006920354788150698, "lr_qi": 0.007117221390681569, "n_epochs": 156.44803067399076, "n_factors": 99.17126564194051, "reg_bi": 0.11769420361980708, "reg_bu": 0.35383919010583087, "reg_pu": 0.3353260051813443, "reg_qi": 0.5030017390432692}, "datetime": {"datetime": "2021-06-03 12:04:19", "elapsed": 5346.431444, "delta": 498.981111}}
{"target": -1.3405275927359541, "params": {"lr_bi": 0.004582120020151735, "lr_bu": 0.007597979676389085, "lr_pu": 0.0074229011199918905, "lr_qi": 0.002355646347361912, "n_epochs": 18.880967207668, "n_factors": 59.6976317586302, "reg_bi": 0.3165774594579944, "reg_bu": 0.2427525385203915, "reg_pu": 0.7398038284355722, "reg_qi": 0.8816955677814647}, "datetime": {"datetime": "2021-06-03 12:06:25", "elapsed": 5472.466203, "delta": 126.034759}}
{"target": -1.090952969042525, "params": {"lr_bi": 0.0042172380299264215, "lr_bu": 0.0028195176669786504, "lr_pu": 0.001280587309341394, "lr_qi": 0.003849967452889885, "n_epochs": 96.27913925319217, "n_factors": 57.637752984011215, "reg_bi": 0.20752633163795708, "reg_bu": 0.7523290456333801, "reg_pu": 0.49236949096371907, "reg_qi": 0.2531340029877823}, "datetime": {"datetime": "2021-06-03 12:10:41", "elapsed": 5728.367273, "delta": 255.90107}}
{"target": -1.184730197507609, "params": {"lr_bi": 0.0014473452498661521, "lr_bu": 0.0030636571608635473, "lr_pu": 0.0020277027247719206, "lr_qi": 0.001699724449959689, "n_epochs": 77.15822930276346, "n_factors": 31.459810366088767, "reg_bi": 0.5715623094131901, "reg_bu": 0.13993178886445135, "reg_pu": 0.8025238700075525, "reg_qi": 0.41503483927839774}, "datetime": {"datetime": "2021-06-03 12:13:40", "elapsed": 5908.168409, "delta": 179.801136}}
{"target": -1.1051237868272505, "params": {"lr_bi": 0.008573819345021137, "lr_bu": 0.007576754040456689, "lr_pu": 0.0023122711885490716, "lr_qi": 0.0031059436091550687, "n_epochs": 80.92867685704479, "n_factors": 70.27833854602206, "reg_bi": 0.08854779158111667, "reg_bu": 0.7229815083049242, "reg_pu": 0.5912140470930308, "reg_qi": 0.26369677526883933}, "datetime": {"datetime": "2021-06-03 12:18:07", "elapsed": 6175.118627, "delta": 266.950218}}
{"target": -1.1388170344620716, "params": {"lr_bi": 0.006338453218474429, "lr_bu": 0.0066052179644048754, "lr_pu": 0.003832603213911111, "lr_qi": 0.002062618491985834, "n_epochs": 75.41900585461069, "n_factors": 11.010688314134384, "reg_bi": 0.6638639853696121, "reg_bu": 0.8548507702726535, "reg_pu": 0.42924414439298986, "reg_qi": 0.502883216285867}, "datetime": {"datetime": "2021-06-03 12:20:44", "elapsed": 6331.906007, "delta": 156.78738}}
{"target": -1.2690213069378657, "params": {"lr_bi": 0.0068664931362324546, "lr_bu": 0.0056434706071706526, "lr_pu": 0.00510931630875751, "lr_qi": 0.0024600585258172424, "n_epochs": 320.34973685610686, "n_factors": 73.75381066383514, "reg_bi": 0.19621370932722054, "reg_bu": 0.7117795971663641, "reg_pu": 0.6855234680672193, "reg_qi": 0.7143536296375879}, "datetime": {"datetime": "2021-06-03 12:33:32", "elapsed": 7099.356655, "delta": 767.450648}}
{"target": -1.1301391983905877, "params": {"lr_bi": 0.004223039025189003, "lr_bu": 0.003340288061387696, "lr_pu": 0.0072776645882284465, "lr_qi": 0.0028417193641201424, "n_epochs": 202.51483869968217, "n_factors": 123.15151883099385, "reg_bi": 0.8122318833498591, "reg_bu": 0.6072623303701788, "reg_pu": 0.6626885323484372, "reg_qi": 0.30128315844556147}, "datetime": {"datetime": "2021-06-03 12:45:29", "elapsed": 7816.987688, "delta": 717.631033}}
{"target": -1.1778734469454577, "params": {"lr_bi": 0.005660273241971076, "lr_bu": 0.008809882301904182, "lr_pu": 0.002060874869686395, "lr_qi": 0.007994209519156003, "n_epochs": 29.316057173479273, "n_factors": 101.3493936476424, "reg_bi": 0.13572982752764828, "reg_bu": 0.7249781768413323, "reg_pu": 0.45408777379386756, "reg_qi": 0.5946594717636415}, "datetime": {"datetime": "2021-06-03 12:48:16", "elapsed": 7984.046713, "delta": 167.059025}}
{"target": -1.0084521891679947, "params": {"lr_bi": 0.0014795577017983463, "lr_bu": 0.00752650619788, "lr_pu": 0.007440465809730686, "lr_qi": 0.007191646824922227, "n_epochs": 172.37783201356092, "n_factors": 10.482815006230844, "reg_bi": 0.8393524001363323, "reg_bu": 0.552231869738305, "reg_pu": 0.13818144656560624, "reg_qi": 0.0511891682271685}, "datetime": {"datetime": "2021-06-03 12:52:43", "elapsed": 8250.982711, "delta": 266.935998}}
{"target": -1.0544794781229752, "params": {"lr_bi": 0.0012580110168120414, "lr_bu": 0.006224736137131093, "lr_pu": 0.007881724593344543, "lr_qi": 0.002466275187154163, "n_epochs": 49.04222679211266, "n_factors": 59.08409396854618, "reg_bi": 0.0709765501413094, "reg_bu": 0.03458055555084938, "reg_pu": 0.3208214293917065, "reg_qi": 0.19035551544494111}, "datetime": {"datetime": "2021-06-03 12:55:35", "elapsed": 8422.626511, "delta": 171.6438}}
{"target": -1.2336111488829442, "params": {"lr_bi": 0.0030114248190205454, "lr_bu": 0.004113616827467171, "lr_pu": 0.0076386875533790075, "lr_qi": 0.0067793480007968775, "n_epochs": 282.99414891395617, "n_factors": 16.013074337045367, "reg_bi": 0.0229218025281872, "reg_bu": 0.5311874517957018, "reg_pu": 0.4397334283081367, "reg_qi": 0.8245978493498414}, "datetime": {"datetime": "2021-06-03 13:02:40", "elapsed": 8847.896927, "delta": 425.270416}}
{"target": -1.1817822403845841, "params": {"lr_bi": 0.006797652193887374, "lr_bu": 0.0033962753164792094, "lr_pu": 0.005105568760399501, "lr_qi": 0.0061590058327714485, "n_epochs": 231.3809714965616, "n_factors": 69.16701025610749, "reg_bi": 0.4747923456501347, "reg_bu": 0.17612233454565637, "reg_pu": 0.7017759629643893, "reg_qi": 0.3968498564946999}, "datetime": {"datetime": "2021-06-03 13:11:52", "elapsed": 9399.819587, "delta": 551.92266}}
{"target": -1.0773106005758082, "params": {"lr_bi": 0.0029650627618882206, "lr_bu": 0.005058497517756143, "lr_pu": 0.005454135164914895, "lr_qi": 0.0025568598432631736, "n_epochs": 75.99484690181276, "n_factors": 97.37473767211208, "reg_bi": 0.4174745355982883, "reg_bu": 0.40781163538587856, "reg_pu": 0.0913376256797866, "reg_qi": 0.8016489395557516}, "datetime": {"datetime": "2021-06-03 13:16:49", "elapsed": 9696.717899, "delta": 296.898312}}
{"target": -1.183906818325037, "params": {"lr_bi": 0.007129010140481005, "lr_bu": 0.008071611450500806, "lr_pu": 0.006574775933068168, "lr_qi": 0.007218938173244278, "n_epochs": 55.0014407385629, "n_factors": 40.20610305214719, "reg_bi": 0.15454925794755492, "reg_bu": 0.7669439134162337, "reg_pu": 0.8053988053240015, "reg_qi": 0.34058509850363067}, "datetime": {"datetime": "2021-06-03 13:19:38", "elapsed": 9865.663883, "delta": 168.945984}}
{"target": -1.1888182859694543, "params": {"lr_bi": 0.0032779942636998135, "lr_bu": 0.006416040257845169, "lr_pu": 0.008102022538133961, "lr_qi": 0.0035457271222022638, "n_epochs": 130.23696250814075, "n_factors": 73.93088164665676, "reg_bi": 0.34912200786205305, "reg_bu": 0.5757234743570921, "reg_pu": 0.7983106795817045, "reg_qi": 0.38869316210571364}, "datetime": {"datetime": "2021-06-03 13:26:06", "elapsed": 10254.087512, "delta": 388.423629}}
{"target": -1.0359739854386532, "params": {"lr_bi": 0.0013519030405535438, "lr_bu": 0.005931134610947789, "lr_pu": 0.0069915491585307195, "lr_qi": 0.0026635019228659785, "n_epochs": 203.23942351716974, "n_factors": 99.38862186479635, "reg_bi": 0.05298737281826794, "reg_bu": 0.636430811688416, "reg_pu": 0.47101854517670744, "reg_qi": 0.07201523007965453}, "datetime": {"datetime": "2021-06-03 13:36:25", "elapsed": 10873.186455, "delta": 619.098943}}
{"target": -1.0454271920893896, "params": {"lr_bi": 0.0010793863796188755, "lr_bu": 0.008738050741487015, "lr_pu": 0.0021586442067992205, "lr_qi": 0.0020827678301540333, "n_epochs": 112.09063200334222, "n_factors": 57.96900891622619, "reg_bi": 0.46356785417648994, "reg_bu": 0.7486486095736402, "reg_pu": 0.5831736472832468, "reg_qi": 0.1160923782724508}, "datetime": {"datetime": "2021-06-03 13:41:34", "elapsed": 11181.98488, "delta": 308.798425}}
